18179 4.21006
18170 1.029072
18163 0.589675
18163 0.454905
18159 0.355781
18151 0.348591
18145 0.329964
18110 0.310273
18110 0.330983
18106 0.570256
18083 0.53709
18064 0.560035
18064 0.564245
18058 0.56973
18053 0.540086
18032 0.589413
18032 0.587471
18024 0.530758
17996 0.561191
17977 0.441738
17977 0.882844
17977 0.543025
17977 0.567435
17962 0.449738
17962 0.55474
17949 0.514628
17883 0.52105
17883 0.470657
17872 0.504069
17872 0.471456
17872 0.546281
17872 0.484067
17831 0.471785
17824 0.505534
17800 0.333911
17790 0.447936
17790 0.28669
17777 0.260516
17776 0.243936
17775 0.293932
17775 0.237197
17765 0.235091
17754 0.172644
17722 0.22432
17722 0.270647
17722 0.27691
17722 0.253542
17713 0.342375
17703 0.248356
17703 0.230004
17703 0.249445
17672 0.33353
17672 0.26738
17663 0.261003
17636 0.252099
17636 0.283624
17636 0.23009
17636 0.23334
17618 0.2437
17618 0.374441
17618 0.236351
17595 0.198176
17580 0.224351
17552 0.296332
17552 0.222869
17540 0.232108
17540 0.260026
17540 0.251102
17518 0.278779
17518 0.231548
17506 0.164974
17506 0.197827
17487 0.15203
17487 0.144312
17480 0.15295
17480 0.32309
17465 0.215933
17439 0.221846
17439 0.293096
17439 0.539729
17426 0.195508
17426 0.156067
17406 0.156384
17383 0.206324
17383 0.212007
17368 0.186676
17362 0.163515
17362 0.196978
17362 0.208037
17304 0.184354
17301 0.166023
17233 0.222265
17233 0.166307
17233 0.162981
17233 0.192483
17217 0.200103
17217 0.160178
17194 0.230475
17189 0.18539
17186 0.323938
17186 0.211412
17168 0.210953
17165 0.249864
17165 0.210739
17165 0.152167
17123 0.154698
17059 0.156007
17059 0.19944
17059 0.163268
17020 0.182565
17001 0.246932
17000 0.221036
16995 0.1569
16981 0.156931
16966 0.160027
16944 0.207259
16944 0.179466
16944 0.165876
16941 0.170552
16941 0.218112
16941 0.172033
16941 0.164044
16936 0.194281
16934 0.581624
16923 0.196707
16923 0.181069
16922 0.158983
16922 0.320132
16906 0.232028
16861 0.237384
16844 0.217637
16839 0.204593
16839 0.173506
16839 0.246649
16839 0.146216
16839 0.188482
16839 0.151505
16818 0.16845
16818 0.159712
16811 0.252498
16783 0.249902
16783 0.163221
16783 0.154322
16783 0.21381
16775 0.165218
16752 0.28782
16752 0.26356
16752 0.279343
16732 0.212153
16732 0.1653
16721 0.156505
16707 0.247382
16696 0.325375
16696 0.207192
16696 0.161187
16696 0.248493
16696 0.247742
16637 0.197603
16609 0.161392
16571 0.229892
16545 0.167517
16513 0.192096
16513 0.166138
16510 0.209739
16494 0.161647
16450 0.174832
16432 0.177907
16428 0.214376
16427 0.175845
16411 0.156178
16403 0.154139
16403 0.229779
16403 0.191733
16403 0.150559
16376 0.19633
16376 0.280645
16376 0.166658
16376 0.153308
16329 0.164602
16329 0.213476
16327 0.173345
16327 0.160525
16327 0.151819
16327 0.22515
16327 0.159449
16327 0.15093
16327 0.158918
16327 0.201622
16318 0.154631
16295 0.158744
16293 0.160255
16293 0.193452
16285 0.200052
16268 0.208487
16268 0.150268
16268 0.190835
16249 0.157498
16244 0.153107
16244 0.145558
16240 0.195043
16240 0.154458
16226 0.148766
16209 0.154092
16198 0.18372
16193 0.152749
16157 0.155484
16157 0.165046
16157 0.19476
16157 0.15052
16110 0.143878
16110 0.144006
16110 0.200398
16110 0.169572
16110 0.143899
16076 0.145059
16076 0.274012
16041 0.172397
15994 0.159971
15994 0.156921
15994 0.204612
15976 0.159893
15966 0.304926
15966 0.182413
15966 0.204182
15926 0.150222
15926 0.261558
15926 0.209985
15926 0.191159
15898 0.151013
15898 0.143775
15898 0.140496
15898 0.174902
15898 0.138447
15883 0.237115
15883 0.165825
15866 0.192635
15864 0.146073
15857 0.145043
15857 0.138301
15857 0.177428
15857 0.159019
15837 0.189096
15837 0.151375
15837 0.189206
15763 0.156608
15736 0.157292
15736 0.147355
15685 0.183756
15670 0.153825
15658 0.172394
15632 0.15846
15632 0.187866
15592 0.142548
15588 0.156136
15588 0.152306
15547 0.185416
15547 0.232389
15529 0.15567
15525 0.148752
15517 0.198786
15516 0.174878
15516 0.165921
15516 0.235467
15516 0.210496
15498 0.164251
15483 0.170026
15483 0.146034
15476 0.188617
15458 0.142478
15458 0.140712
15458 0.139428
15458 0.167484
15458 0.136371
15430 0.138876
15380 0.141927
15380 0.21068
15379 0.159106
15367 0.196369
15367 0.149086
15354 0.188787
15354 0.145915
15354 0.147133
15349 0.143113
15349 0.186713
15349 0.143035
15349 0.146837
15329 0.145162
15319 0.188449
15319 0.145427
15319 0.141216
15315 0.138177
15274 0.178721
15274 0.16058
15274 0.144617
15259 0.159077
15259 0.22332
15259 0.150621
15259 0.171642
15230 0.171273
15230 0.191119
15230 0.145584
15230 0.15542
15230 0.163591
15202 0.191704
15202 0.142006
15202 0.141611
15202 0.139953
15145 0.171648
15145 0.198452
15145 0.156507
15118 0.135503
15118 0.183038
15118 0.158394
15102 0.144169
15091 0.152365
15091 0.199717
15086 0.201629
15076 0.187263
14999 0.189783
14999 0.246603
14999 0.141222
14999 0.146939
14997 0.138276
14947 0.170956
14923 0.14583
14923 0.181579
14923 0.187904
14889 0.177277
14889 0.140856
14854 0.146138
14853 0.149148
14853 0.193383
14840 0.148794
14840 0.143815
14840 0.144058
14840 0.187931
14840 0.137612
14840 0.134764
14814 0.171246
14814 0.20195
14814 0.156482
14814 0.139312
14814 0.138409
14814 0.180583
14810 0.138009
14810 0.137295
14803 0.136781
14796 0.172103
14796 0.143028
14796 0.138897
14796 0.135069
14729 0.163451
14729 0.131842
14668 0.139975
14666 0.139918
14648 0.17071
14644 0.143063
14644 0.13919
14644 0.143081
14640 0.169398
14640 0.139569
14637 0.139327
14614 0.136088
14609 0.172435
14585 0.142509
14545 0.141293
14545 0.144478
14545 0.230137
14531 0.167443
14522 0.164979
14522 0.262185
14522 0.293092
14510 0.221004
14510 0.22457
14510 0.182344
14510 0.201465
14510 0.149339
14510 0.139717
14510 0.137798
14510 0.176911
14510 0.137142
14458 0.134286
14407 0.134527
14394 0.197438
14393 0.206628
14374 0.203293
14366 0.217066
14328 0.20354
14322 0.215039
14322 0.218884
14318 0.190975
14293 0.205099
14286 0.149293
14286 0.157224
14286 0.148934
14286 0.196626
14248 0.222873
14241 0.152063
14241 0.157818
14241 0.193664
14241 0.14001
14241 0.13761
14233 0.13663
14233 0.169188
14231 0.158164
14231 0.14084
14231 0.137128
14228 0.183336
14224 0.204149
14224 0.282627
14224 0.219915
14162 0.205232
14159 0.143506
14159 0.138337
14149 0.145579
14113 0.180075
14113 0.145332
14097 0.221689
14091 0.174646
14091 0.174323
14091 0.142851
14090 0.135582
14090 0.134443
14060 0.203782
14059 0.149717
14050 0.144505
14050 0.16912
14050 0.194868
14048 0.141609
14048 0.135888
14048 0.137205
14048 0.168858
14047 0.132206
14047 0.132503
14047 0.131191
14047 0.162666
14047 0.141964
14042 0.131443
14042 0.131347
14015 0.163513
14015 0.145103
13992 0.139709
13975 0.13422
13975 0.164307
13965 0.132483
13965 0.131043
13965 0.12994
13938 0.175083
13938 0.137789
13912 0.143134
13908 0.143878
13908 0.179623
13908 0.143219
13874 0.14038
13866 0.148676
13862 0.177878
13817 0.145728
13817 0.142128
13797 0.141257
13797 0.181505
13788 0.143249
13781 0.174421
13781 0.174558
13781 0.189982
13773 0.142613
13773 0.146878
13773 0.139368
13708 0.172884
13708 0.146831
13679 0.162137
13673 0.169191
13673 0.213322
13673 0.147076
13673 0.144454
13670 0.183849
13670 0.188742
13670 0.138263
13670 0.13901
13670 0.136687
13670 0.166772
13670 0.132852
13614 0.140168
13614 0.145626
13614 0.176325
13614 0.145457
13559 0.135613
13559 0.135907
13559 0.174998
13556 0.141152
13555 0.138316
13543 0.137034
13535 0.17284
13535 0.134521
13535 0.137207
13535 0.211039
13535 0.282058
13535 0.159305
13524 0.140837
13513 0.140689
13513 0.180761
13513 0.14974
13513 0.139893
13513 0.133386
13513 0.17015
13491 0.135379
13491 0.136093
13491 0.13923
13491 0.190503
13491 0.153051
13481 0.204412
13481 0.158049
13474 0.32638
13473 0.267637
13441 0.142095
13441 0.14141
13441 0.217083
13441 0.151824
13438 0.148197
13438 0.209922
13438 0.265686
13430 0.144885
13412 0.152468
13402 0.173418
13384 0.31069
13384 0.15314
13384 0.163928
13384 0.14281
13384 0.291372
13379 0.156858
13379 0.148266
13379 0.142885
13379 0.196663
13379 0.159625
13379 0.141384
13379 0.144569
13375 0.184544
13375 0.146776
13366 0.144452
13366 0.13898
13359 0.193244
13282 0.150172
13282 0.148905
13281 0.147791
13281 0.217047
13281 0.17002
13281 0.133399
13281 0.167981
13273 0.201281
13260 0.151844
13256 0.231572
13256 0.229704
13256 0.329783
13239 0.207532
13239 0.155698
13224 0.209561
13221 0.560806
13187 0.25726
13187 0.144743
13187 0.153181
13187 0.150498
13187 0.134164
13187 0.133378
13184 0.141622
13184 0.23079
13184 3.927275
13183 0.128781
13183 0.122644
13167 0.12174
13148 0.150372
13142 0.162511
13106 0.126354
13106 0.120815
13097 0.124523
13097 0.122754
13080 0.124438
13080 0.132753
13080 0.127722
13080 0.239372
13080 0.137702
13080 0.178457
13080 0.177825
13041 0.160994
13041 0.125581
13041 0.123345
13041 0.122505
13041 0.136269
13041 0.120394
13041 0.201534
13041 0.145895
13026 0.142067
13024 0.261147
13006 0.129116
13006 0.122893
12949 0.120052
12929 0.120722
12893 0.123765
12873 0.138816
12871 0.166665
12871 0.221581
12871 0.123294
12871 0.120516
12854 0.125877
12854 0.133338
12843 0.135631
12829 0.129239
12826 0.121463
12826 0.118252
12826 0.116342
12826 0.114809
12826 0.114657
12826 0.114374
12826 0.111911
12826 0.121218
12821 0.117839
12821 0.114217
12821 0.120757
12821 0.113077
12791 0.110747
12773 0.114419
12773 0.111986
12773 0.113512
12773 0.111894
12753 0.117229
12753 0.117841
12751 0.116632
12751 0.115405
12751 0.117636
12739 0.192968
12731 0.137985
12731 0.126628
12731 0.120031
12725 0.121673
12725 0.120567
12725 0.117813
12725 0.116016
12692 0.114022
12692 0.117402
12692 0.11144
12672 0.113568
12672 0.112899
12672 0.113019
12669 0.121603
12669 0.11304
12667 0.11732
12647 0.113836
12647 0.116178
12638 0.112673
12638 0.111751
12638 0.111446
12598 0.109552
12594 0.117391
12594 0.121538
12594 0.117631
12594 0.115762
12588 0.114148
12588 0.114863
12588 0.112677
12588 0.112898
12563 0.118605
12525 0.1202
12525 0.13064
12478 0.122924
12469 0.12062
12469 0.121308
12454 0.118848
12454 0.118152
12454 0.116642
12454 0.12867
12454 0.145789
12454 0.138207
12445 0.1961
12425 0.146874
12425 0.118945
12425 0.116601
12425 0.115671
12425 0.113253
12410 0.119235
12399 0.121928
12399 0.118678
12386 0.119628
12386 0.119182
12386 0.116992
12386 0.11562
12382 0.11641
12377 0.120871
12377 0.116996
12377 0.114509
12348 0.116479
12348 0.11613
12333 0.119424
12333 0.130106
12333 0.117491
12329 0.155232
12329 0.128683
12317 0.121803
12311 0.142801
12311 0.118997
12301 0.11888
12301 0.142578
12288 0.119292
12288 0.120317
12261 0.119977
12254 0.162512
12254 0.146724
12248 0.136332
12248 0.138513
12248 0.11867
12248 0.131219
12248 0.140265
12248 0.125174
12188 0.122001
12188 0.12508
12188 0.118444
12171 0.124254
12171 0.125576
12171 0.180929
12171 0.118848
12135 0.114904
12135 0.136916
12135 0.11672
12130 0.118837
12130 0.119999
12130 0.118185
12130 0.119381
12130 0.12844
12130 0.11577
12130 0.114468
12130 0.111733
12130 0.110487
12130 0.110861
12130 0.110624
12129 0.109006
12129 0.109346
12127 0.109201
12127 0.108756
12124 0.109291
12099 0.109692
12099 0.108809
12099 0.109093
12099 0.108964
12099 0.10993
12099 0.119081
12085 0.116327
12085 0.11415
12085 0.113076
12085 0.112283
12073 0.11284
12073 0.110307
12073 0.113744
12073 0.11988
12061 0.110462
12043 0.109909
12043 0.110578
12043 0.110309
12043 0.110493
12043 0.109524
12043 0.14623
12043 0.126963
12032 0.122774
12032 0.123289
12032 0.119454
12028 0.117456
12028 0.11689
12028 0.116087
12028 0.114858
12028 0.112983
12028 0.112906
12028 0.120022
11991 0.119311
11979 0.120129
11979 0.117883
11979 0.117138
11979 0.123528
11979 0.114249
11979 0.115461
11979 0.11315
11979 0.112437
11979 0.111787
11979 0.111755
11979 0.109151
11979 0.109893
11979 0.109507
11979 0.113163
11979 0.115106
11968 0.127733
11968 0.119579
11968 0.116992
11968 0.114391
11959 0.121877
11959 0.118506
11959 0.114432
11954 0.114145
11954 0.113294
11954 0.11161
11924 0.112648
11924 0.110877
11924 0.110799
11924 0.111871
11907 0.128472
11907 0.119984
11907 0.118007
11907 0.116443
11899 0.115273
11890 0.117866
11878 0.119369
11878 0.118136
11878 0.117336
11878 0.118326
11878 0.116069
11864 0.115326
11862 0.114955
11862 0.114349
11862 0.11295
11862 0.112798
11862 0.11189
11831 0.132656
11829 0.113436
11824 0.116572
11824 0.115832
11824 0.11507
11824 0.12424
11820 0.151433
11812 0.13817
11806 0.123384
11806 0.12088
11806 0.118942
11783 0.118875
11783 0.11844
11783 0.123149
11783 0.115794
11783 0.115459
11783 0.116067
11783 0.115193
11765 0.1177
11765 0.122558
11760 0.118981
11760 0.128738
11760 0.20559
11760 0.160046
11740 0.151834
11726 0.142262
11726 0.157965
11726 0.125273
11690 0.120396
11690 0.127786
11667 0.118258
11667 0.115691
11667 0.114952
11667 0.178834
11667 0.126186
11667 0.122769
11667 0.1262
11667 0.144925
11651 0.122389
11651 0.119282
11644 0.118561
11644 0.119887
11644 0.115991
11631 0.117231
11631 0.118444
11617 0.118273
11600 0.117567
11591 0.1171
11591 0.11494
11577 0.114008
11576 0.113395
11534 0.116464
11534 0.116414
11534 0.118899
11515 0.117086
11515 0.124745
11515 0.141081
11515 0.126444
11515 0.122368
11512 0.122487
11512 0.119074
11512 0.116962
11512 0.117768
11512 0.115685
11512 0.113749
11502 0.116686
11502 0.177182
11502 0.123808
11491 0.121073
11491 0.130991
11491 0.137394
11491 0.124181
11458 0.120639
11458 0.11854
11457 0.116338
11443 0.119615
11443 0.119505
11423 0.120609
11423 0.12062
11423 0.122594
11423 0.116177
11415 0.117816
11415 0.118127
11415 0.117612
11412 0.114678
11412 0.118538
11412 0.11564
11406 0.113958
11376 0.112752
11376 0.114816
11376 0.113464
11376 0.1129
11376 0.11305
11376 0.111745
11376 0.111604
11376 0.112149
11362 0.112545
11362 0.112513
11362 0.112974
11345 0.117842
11338 0.11839
11338 0.122578
11325 0.119518
11325 0.120263
11319 0.117921
11319 0.117302
11319 0.114652
11298 0.11461
11298 0.114313
11298 0.113562
11285 0.159788
11285 0.127389
11285 0.122995
11285 0.121061
11285 0.11813
11283 0.117969
11281 0.118341
11273 0.129665
11239 0.121828
11239 0.123525
11239 0.118063
11229 0.134486
11229 0.123472
11229 0.120453
11229 0.118652
11229 0.118679
11229 0.140201
11154 0.115391
11103 0.131819
11103 0.123086
11085 0.12049
11082 0.119163
11082 0.119776
11082 0.123801
11082 0.115208
11072 0.113925
11064 0.111965
11047 0.116283
11047 0.11799
11047 0.116234
11046 0.113442
11045 0.112562
11004 0.113499
11004 0.112007
11004 0.113011
10990 0.139553
10990 0.12375
10990 0.121959
10990 0.122208
10990 0.120741
10981 0.135498
10957 0.129878
10955 0.21734
10951 0.123453
10951 0.1195
10951 0.118178
10934 0.115751
10934 0.115369
10934 0.156864
10934 0.124298
10924 0.123098
10924 0.122354
10924 0.119703
10924 0.118659
10922 0.117394
10897 0.130095
10877 0.115218
10868 0.115071
10854 0.114643
10827 0.119935
10827 0.121081
10803 0.121367
10782 0.120548
10782 0.118981
10782 0.117464
10782 0.117531
10782 0.117311
10782 0.115962
10782 0.11873
10782 0.117396
10782 0.117533
10782 0.117219
10764 0.116968
10753 0.115885
10753 0.114818
10753 0.114001
