595477 952.365741
595477 10.313909
595477 59.796093
595475 13.350655
595475 10.721504
595473 11.528317
595471 12.109719
595429 10.78234
595429 10.737561
595397 9.793591
595391 9.607145
595388 9.238215
595381 8.190791
595381 8.332874
595378 8.249559
595375 7.924821
595375 8.151979
595375 8.058074
595372 7.736595
595356 8.017986
595356 7.910538
595309 7.980127
595309 9.077913
595282 8.860556
595282 8.044783
595236 8.977809
595230 7.939022
595230 7.897528
595212 8.844841
595212 7.936274
595212 8.243433
595211 8.259389
595208 8.100765
595205 9.237508
595205 8.755846
595181 9.627543
595162 9.660935
595155 9.985022
595155 8.543521
595130 8.992358
595087 9.070511
595054 8.742007
595054 9.185142
594981 8.641812
594981 8.874952
594955 8.758206
594946 8.591408
594941 8.768475
594852 8.375692
594852 8.620093
594835 9.41762
594771 9.268335
594771 8.708073
594759 8.585791
594719 9.152319
594718 8.770875
594713 8.058895
594693 7.730774
594669 8.473836
594669 8.502025
594667 8.54846
594642 8.40584
594642 8.150178
594632 8.641075
594632 8.213374
594554 8.837861
594553 8.56604
594553 8.432778
594553 8.443477
594553 9.271901
594553 8.588058
594553 8.892664
594552 8.741523
594552 8.403028
594546 8.096152
594546 8.368379
594484 8.326729
594484 8.120308
594484 8.568058
594484 8.729216
594423 9.813713
594423 9.866956
594396 8.315497
594396 10.620379
594396 8.766362
594346 8.316891
594318 8.554945
594318 8.124108
594318 8.713648
594277 9.105851
594252 9.229043
594252 8.418671
594252 8.702971
594252 8.253994
594231 9.033935
594196 9.091269
594196 9.867758
594168 11.142453
594167 9.405796
594132 9.340748
594132 8.277658
594118 9.036086
594053 8.39158
594046 9.254332
594046 8.712571
594036 9.229742
594034 9.25191
594024 9.012281
594024 10.46519
594024 8.620671
594010 8.12861
593971 8.696496
593971 8.207296
593946 8.333283
593927 8.42541
593927 8.66081
593915 8.54454
593913 8.383306
593884 8.924558
593884 8.937541
593884 8.893581
593884 8.33045
593884 8.176998
593869 8.385111
593858 8.213894
593858 8.161744
593815 8.219751
593815 8.486329
593808 9.067003
593796 8.322526
593753 8.371451
593705 8.244904
593665 8.242553
593653 8.803605
593653 8.674283
593596 9.074672
593596 9.386914
593585 10.477363
593585 9.857551
593559 10.224631
593545 10.060358
593545 9.721951
593545 8.784453
593512 9.515725
593512 8.368635
593506 9.658382
593506 8.548759
593506 8.467271
593493 8.567336
593492 8.490608
593492 8.655264
593439 8.612567
593404 8.577538
593388 8.453678
593388 8.627908
593388 9.503064
593388 10.901782
593360 9.696794
593323 8.831464
593277 8.091037
593260 8.011944
593233 8.129165
593233 8.0698
593233 7.978916
593233 8.055049
593233 7.766929
593193 8.222056
593147 8.252907
593136 8.260499
593125 17.661478
593125 8.974682
593114 8.452922
593108 11.829036
593099 10.833711
593071 9.342796
593071 8.397318
593071 9.63001
593026 8.726486
593013 9.548202
593011 8.108562
592997 9.786124
592997 8.922679
592997 8.577607
592997 9.93725
592984 8.522395
592984 9.460834
592984 9.267148
592984 9.646194
592976 8.943254
592968 9.993724
592951 9.657789
592942 10.697821
592932 10.944394
592874 9.318153
592874 9.036546
592874 9.142609
592856 9.138004
592810 9.027896
592773 8.848303
592746 10.204462
592746 8.717655
592746 8.882064
592720 9.158348
592698 9.108421
592698 9.113627
592660 9.625761
592651 10.381936
592651 10.122773
592606 10.348822
592606 9.693932
592606 9.484372
592603 10.895163
592603 10.662489
592603 10.859074
592558 10.55219
592558 10.557508
592527 10.749253
592521 9.872653
592504 9.814661
592504 10.351868
592495 9.989792
592460 9.115809
592439 8.483437
592388 8.712731
592334 8.692706
592334 8.907923
592334 8.56643
592334 8.650315
592322 8.697339
592322 8.267422
592322 8.690161
592322 8.537369
592322 8.587811
592288 8.122691
592241 8.154471
592241 8.468966
592176 8.675298
592176 8.642083
592176 8.372809
592147 8.406116
592147 8.401326
592086 8.37355
592058 8.223149
592058 8.498729
592058 8.61987
592006 8.609133
591958 8.661188
591947 8.830802
591930 9.710747
591914 8.926874
591914 10.374724
591894 10.393642
591852 8.92857
591852 10.14356
591848 8.277672
591792 10.544898
591792 10.30669
591768 8.424885
591746 10.012322
591746 9.514094
591735 9.80563
591724 9.85952
591724 10.606552
591724 9.593328
591708 8.867951
591695 10.136529
591695 9.757634
591666 9.534258
591659 8.477549
591659 9.264948
591659 8.809956
591659 8.955084
591650 9.266953
591595 9.743777
591595 10.05656
591576 9.557097
591558 9.010931
591533 8.937565
591533 8.73069
591514 8.750299
591514 8.985342
591514 9.04073
591514 10.101761
591514 10.269367
591514 9.962654
591514 10.002867
591465 10.276333
591457 10.622227
591457 10.079998
591442 9.942305
591387 10.125344
591311 10.323011
591311 9.063818
591311 8.61701
591310 8.35212
591310 8.73227
591310 8.943975
591310 8.374474
591290 8.35521
591290 8.965787
591288 8.818124
591284 8.887189
591284 8.326786
591277 8.106755
591277 9.070545
591277 8.186942
591277 8.647156
591275 8.607089
591275 8.255853
591275 8.591605
591275 8.486398
591247 8.294849
591247 8.669849
591179 8.446257
591169 8.972637
591169 8.28791
591151 8.448895
591089 8.605291
591003 8.720976
591003 8.325397
591003 8.624172
590992 8.558882
590974 8.602333
590921 8.784892
590911 8.715199
590911 9.073897
590911 8.168501
590898 8.640138
590898 8.469155
590898 8.701386
590847 8.356254
590847 8.581718
590788 8.353612
590788 8.276845
590779 8.525082
590754 8.357957
590754 8.724194
590754 8.895733
590734 8.391753
590734 8.144655
590706 8.621273
590706 8.39323
590706 8.727026
590706 8.945765
590700 8.353841
590700 8.225184
590684 8.200158
590680 8.557939
590680 8.96943
590679 8.409809
590679 8.273065
590632 8.715791
590600 8.513654
590590 10.056101
590577 9.635581
590572 8.963564
590572 8.683015
590572 8.734498
590534 9.070226
590522 9.020228
590522 8.689906
590522 8.795571
590514 8.905902
590514 9.592969
590468 8.399303
590451 8.730699
590451 8.682898
590451 8.786788
590419 8.513151
590397 8.318325
590387 8.435869
590331 8.581167
590290 8.509536
590290 8.094105
590290 8.785214
590290 8.370375
590290 8.501496
590290 8.29772
590290 8.574623
590290 8.701492
590290 8.595754
590290 8.667162
590271 8.629288
590271 8.42051
590255 8.558794
590173 8.371705
590160 8.94908
590149 8.325983
590134 8.2373
590120 8.431449
590120 8.648368
590120 8.476602
590115 8.443182
590115 8.181119
590115 8.660116
590115 8.225767
590105 8.476121
590082 8.391561
590082 8.55454
590082 9.087744
590082 8.437989
590053 8.672589
590022 8.507747
589966 8.879306
589966 8.391643
589932 9.815827
589929 8.722539
589907 8.566973
589907 8.474045
589906 8.976845
589906 8.85467
589857 8.645009
589833 8.661368
589833 8.72012
589745 8.446496
589733 8.884558
589729 9.007028
589695 8.313839
589689 8.591428
589689 8.299034
589689 9.261494
589689 8.965156
589689 9.180258
589689 8.475968
589684 9.905621
589684 8.784706
589666 8.697545
589666 8.423833
589660 8.460526
589660 8.692197
589660 8.53601
589660 8.455166
589660 8.911327
589618 8.880776
589618 8.742066
589601 8.851385
589568 8.575538
589568 8.531568
589545 8.759826
589477 8.582897
589477 8.699165
589429 8.360814
589429 8.633784
589429 8.716686
589406 8.648427
589406 8.569164
589406 8.498991
589338 8.237545
589338 8.700328
589335 9.354002
589322 8.726411
589322 8.605369
589322 8.417821
589256 8.542623
589247 8.633599
589226 8.560226
589226 8.761026
589226 8.661341
589188 8.800999
589187 8.623081
589179 8.513749
589166 8.361487
589160 8.5944
589160 8.67665
589143 8.787705
589143 8.550733
589136 8.911242
589122 8.608401
589107 10.070329
589068 9.733178
589062 8.889288
589062 8.489611
589059 8.798049
589059 8.554172
589051 9.117889
589051 8.853385
589032 8.485343
589032 8.774406
588965 8.60224
588965 10.014395
588957 8.627665
588921 9.578532
588912 8.40644
588912 8.377369
588880 9.471392
588799 8.574337
588799 8.285246
588755 8.878507
588750 8.253712
588739 8.398181
588737 8.541906
588737 8.275992
588706 8.475805
588706 8.229149
588706 8.51426
588674 8.549139
588674 8.458429
588618 8.963465
588618 8.36021
588618 8.535227
588618 8.224576
588618 8.581667
588618 8.461663
588618 8.138943
588605 8.298712
588605 8.253809
588605 8.735062
588596 8.491829
588596 8.318216
588562 8.660259
588562 8.433793
588562 8.556404
588562 8.892203
588559 8.336181
588559 8.743029
588559 8.232133
588533 8.834694
588533 8.265332
588533 8.393272
588525 8.670893
588521 8.815502
588520 8.646435
588511 8.592161
588511 8.337435
588477 9.124173
588477 8.805218
588477 9.274286
588477 8.316704
588464 8.841692
588447 8.489531
588423 8.561778
588423 8.988732
588417 8.771839
588417 8.75977
588417 8.477228
588386 8.552016
588386 8.866565
588351 8.578271
588351 9.017468
588316 8.428079
588298 9.744342
588255 8.77496
588255 8.677584
588253 8.452583
588253 8.450621
588253 8.339686
588253 8.477924
588251 8.505639
588213 8.591688
588193 8.538265
588177 9.223487
588177 8.501581
588177 8.575769
588123 8.60664
588112 9.453328
588101 8.726858
588101 8.293744
588101 8.399978
588101 8.801194
588101 8.675762
588101 8.496933
588101 8.750596
588090 8.430722
588090 8.395318
588061 8.602509
588045 8.630978
588045 8.362076
588038 8.418635
588038 8.695938
588020 8.493018
588006 8.74489
588006 8.875087
587999 8.558294
587990 8.562531
587966 8.17548
587966 8.560165
587966 8.482619
587939 8.465916
587939 8.684532
587939 8.956554
587939 8.784526
587930 8.250936
587930 8.208298
587930 8.450826
587930 8.659685
587930 8.474274
587930 9.874568
587929 8.708791
587929 8.592262
587929 8.865303
587906 8.308522
587893 8.55602
587893 8.113333
587887 8.167273
587863 8.607357
587843 8.282149
587774 8.710705
587761 8.529657
587761 8.148916
587761 9.621365
587761 8.534852
587761 8.623152
587761 9.971618
587718 8.673132
587718 8.767758
587711 8.66411
587711 8.72558
587711 8.170261
587708 8.667327
587708 8.690034
587701 8.732065
587701 8.444618
587701 8.435954
587701 9.051413
587701 8.581095
587696 9.07213
587668 8.706718
587650 9.123298
587644 8.19942
587639 8.442422
587630 8.607882
587630 8.796203
587622 8.929435
587607 8.399253
587570 8.593813
587570 9.000609
587565 8.364466
587505 8.805164
587494 8.932694
587487 9.671518
587464 9.495117
587453 9.870557
587453 9.332761
587416 9.174367
587416 8.407408
587416 8.708065
587416 8.411596
587416 8.794632
587416 8.531136
587416 8.499878
587416 8.706816
587404 9.16133
587404 8.605494
587404 8.44589
587394 8.664869
587377 8.952161
587377 8.659492
587377 8.449408
587377 8.345875
587349 8.620979
587307 9.636977
587307 9.328121
587300 8.939389
587300 8.909382
587285 8.555704
587285 8.522682
587267 8.557281
587212 8.911888
587162 8.803893
587143 8.47068
587143 8.315987
587132 8.374688
587094 8.594137
587043 8.56478
587009 8.593869
587009 8.462654
587003 8.880505
586989 8.412155
586937 8.435577
586937 9.065143
586895 8.764118
586868 8.406357
586868 8.909931
586868 8.687438
586839 8.144853
586839 8.606656
586802 8.544453
586789 8.205734
586781 9.076314
586758 9.474326
586758 8.784272
586757 8.533353
586757 8.700392
586749 8.445861
586712 9.055651
586712 8.526299
586700 8.533346
586678 8.831197
586678 8.360371
586672 8.487121
586672 8.686163
586621 8.909586
586621 8.718058
586612 8.923799
586603 9.008071
586569 8.90434
586567 8.514795
586555 8.744341
586481 8.599832
586422 8.48905
586415 8.66167
586415 8.594588
586373 8.602206
586373 8.400878
586349 8.644039
586349 8.77812
586349 8.798295
586349 9.141701
586347 8.794634
586347 9.385843
586323 9.713829
586299 10.072113
586299 9.364557
586299 9.355173
586299 9.153676
586299 8.983691
586299 9.75994
586299 9.145199
586270 9.506892
586264 8.868305
586245 9.339383
586245 8.878367
586245 9.193515
586231 9.317953
586231 9.139014
586223 9.450401
586223 9.017592
586223 9.414762
586221 9.057263
586196 9.742474
586183 8.976384
586169 8.887719
586167 9.776666
586167 8.791627
586167 10.314656
586138 8.292208
586134 8.691088
586127 8.523921
586115 8.776951
586115 8.907175
586115 8.608927
586115 8.429082
586104 8.952393
586068 8.17532
586068 8.724115
586046 8.706447
585976 9.042304
585937 8.972518
585937 8.581805
585937 8.290735
585916 8.46213
585916 8.585941
585916 8.78487
585916 8.769153
585916 8.352017
585916 8.834922
585916 8.41369
585912 8.683171
585884 8.636495
585884 8.528538
585857 8.291446
585839 8.0407
585839 8.548557
585839 8.4175
585839 9.228654
585826 8.61932
585826 8.412629
585790 8.263623
585786 8.464834
585771 8.299085
585752 8.94192
585733 8.787941
585723 9.66452
585723 8.484964
585723 8.764122
585717 8.556566
585717 8.649372
585717 8.582944
585686 8.689909
585667 8.608103
585667 8.450463
585655 8.562297
585655 8.919113
585655 8.282703
585617 8.337199
585608 8.091335
585608 8.555008
585598 9.001523
585566 8.599743
585566 8.353802
585566 8.525228
585552 8.43916
585552 8.857492
585552 8.692275
585552 8.995302
585552 8.846004
585552 9.118873
585538 8.599758
585515 8.283848
585515 8.901557
585515 8.59811
585509 8.219697
585509 8.816531
585501 8.764918
585497 9.033558
585497 8.777172
585497 8.838254
585497 8.622145
585497 8.804592
585448 8.203081
585436 9.172335
585436 8.94506
585435 8.7916
585435 9.161555
585396 10.568078
585393 11.231497
585381 10.587105
585338 10.746658
585338 10.559007
585277 10.822015
585277 11.261916
585277 10.414704
585253 9.804509
585245 9.523666
585245 10.209837
585213 10.429973
585185 10.798379
585183 10.420851
585183 10.074254
585157 10.804473
585157 10.051188
585157 10.386112
585157 10.179677
585126 10.629304
585126 10.78119
585126 10.62907
585123 10.228572
585123 10.754005
585048 10.212412
584994 9.669422
584975 10.114598
584973 10.532177
584973 10.42222
584958 10.115496
584958 10.183287
584946 10.023877
584946 9.619342
584946 9.011278
584932 9.67609
584932 9.458248
584932 9.540903
584877 10.089895
584877 9.844316
584850 9.092191
584850 8.66943
584825 8.541529
584825 8.764151
584807 8.658839
584788 9.196919
584788 8.51136
584781 8.571357
584771 8.621871
584720 8.816333
584720 8.813338
584720 8.761607
584714 8.377488
584698 9.17667
584695 8.675377
584695 8.780652
584654 8.64374
584603 8.785797
584587 8.71871
584587 8.567125
584587 8.274362
584515 8.766494
584515 8.488169
584515 8.665438
584496 8.465294
584496 8.530178
584448 8.838219
584429 8.628808
584390 8.836827
584342 8.732522
584342 8.375995
584342 8.74856
584342 8.717433
584335 8.640053
584301 8.371649
584296 8.4773
584266 8.662174
584218 8.794833
584193 9.072228
584140 9.379186
584110 8.514539
584110 10.866223
584110 8.692614
584084 8.628425
584084 8.591701
584051 9.215835
584001 8.841951
584001 8.299098
583983 9.019027
583983 8.829508
583983 9.003133
583983 8.843833
583983 8.816881
583943 8.584485
583943 8.761841
583928 8.469317
583928 8.854108
583928 8.232354
583925 8.589876
583925 8.623128
583914 8.76867
583914 8.677227
583903 8.309821
583903 8.816841
583887 8.578419
583887 9.226062
583859 9.019395
583837 9.026398
583831 8.695902
583821 9.333443
583821 9.292189
583818 8.903227
583808 9.380526
583808 9.556621
583808 9.711231
583808 9.558973
583808 8.771017
583807 9.185374
583803 9.273382
583796 9.045592
583796 9.081531
583771 8.890266
583771 9.125541
583770 8.972434
583770 8.446257
583741 9.056531
583741 8.743974
583741 8.391816
583740 8.30778
583716 8.747188
583712 8.462879
583712 8.743357
583696 8.134474
583694 9.390779
583694 8.711374
583694 8.79878
583677 8.524476
583677 8.966167
583667 8.303813
583587 8.52482
583587 8.720677
583587 8.445733
583587 9.283961
583577 8.898991
583552 8.903445
583552 8.65947
583552 8.632112
583530 8.687498
583530 8.725734
583530 8.352539
583522 8.611538
583522 8.233399
583502 8.747998
583455 8.509397
583447 8.349928
583437 8.983578
583437 8.471474
583437 8.694643
583437 8.934691
583437 8.392389
583437 8.255885
583409 9.140393
583340 8.267414
583330 8.810592
583327 8.890632
583327 8.720125
583294 8.920141
583217 8.773952
583217 9.082265
583192 8.38594
583192 8.855816
583175 8.75727
583175 8.584347
583115 8.834632
583092 8.926973
583092 8.891569
583092 8.606079
583050 8.652552
583000 8.981546
583000 8.854115
583000 8.764853
583000 8.437165
583000 8.903902
582976 8.567501
582967 9.680539
582945 8.911877
582945 8.819737
582945 8.491242
