1044 0.744345
1044 0.110634
1019 0.098554
959 0.075494
959 0.085197
946 0.072392
937 0.080133
931 0.056227
931 0.072564
929 0.060557
929 0.065105
899 0.050218
899 0.049974
890 0.063457
890 0.052468
863 0.045197
863 0.040869
863 0.066718
863 0.056383
843 0.032313
843 0.040601
843 0.025019
843 0.027429
843 0.028677
843 0.0252
824 0.039105
824 0.028688
813 0.025856
751 0.028191
745 0.035068
745 0.036728
745 0.02628
745 0.030484
743 0.038962
743 0.112241
743 0.041503
743 0.047322
733 0.043782
733 0.041227
733 0.04777
700 0.038512
673 0.03939
673 0.032005
673 0.023127
664 0.022025
664 0.022748
664 0.024412
664 0.021873
664 0.022088
660 0.022817
660 0.02557
660 0.023399
660 0.023989
654 0.023212
634 0.025408
634 0.024327
617 0.027501
592 0.024033
581 0.025695
578 0.025012
578 0.024751
578 0.025283
566 0.025385
548 0.033938
548 0.025075
548 0.023432
548 0.026647
548 0.048518
548 0.058751
548 0.040597
548 0.042702
548 0.040795
548 0.044969
548 0.029687
541 0.026166
533 0.023673
533 0.04024
527 0.038394
514 0.067726
514 0.064814
512 0.060066
512 0.037891
512 0.046575
512 0.039936
512 0.041333
512 0.037775
512 0.040551
512 0.039117
511 0.038196
510 0.039713
507 0.054648
506 0.044143
506 0.047644
506 0.041047
506 0.044887
506 0.03909
506 0.042247
506 0.036407
506 0.040003
497 0.062771
497 0.062262
497 0.039529
497 0.042345
497 0.034985
497 0.074879
497 0.07056
497 0.040336
497 0.037263
486 0.051605
486 0.039258
486 0.035326
486 0.031743
486 0.035956
486 0.042516
486 0.054952
486 0.04017
486 0.045454
486 0.043611
486 0.070431
486 0.084107
486 0.046225
486 0.046456
486 0.085444
486 0.116509
486 0.027963
482 0.037467
482 0.022438
482 0.025484
482 0.023115
477 0.022285
452 0.026234
452 0.024071
451 0.026421
451 0.021715
451 0.023663
451 0.032561
451 0.013302
451 0.011166
441 0.01256
436 0.012874
436 0.012628
430 0.019384
430 0.01445
430 0.012182
430 0.012533
430 0.01152
428 0.017167
428 0.019398
424 0.015938
423 0.013817
403 0.013869
403 0.019853
403 0.013875
403 0.013951
403 0.013766
390 0.014251
390 0.013918
389 0.014222
389 0.017978
388 0.015601
388 0.013433
388 0.033638
388 0.026245
388 0.033374
388 0.019272
388 0.016816
386 0.014239
386 0.013461
386 0.013233
386 0.013551
385 0.01382
384 0.013324
384 0.02699
384 0.023398
384 0.020778
384 0.022691
384 0.023241
384 0.021324
384 0.021375
384 0.025394
384 0.025335
382 0.021335
382 0.025057
382 0.023683
379 0.013382
379 0.025636
379 0.042812
379 0.023251
379 0.022356
373 0.020818
373 0.018869
370 0.178848
370 0.030302
370 0.016214
370 0.016154
368 0.017365
368 0.017846
368 0.015415
368 0.014703
368 0.014278
362 0.028705
362 0.012388
357 0.011336
357 0.010172
357 0.014341
357 0.00978
357 0.009343
357 0.008871
357 0.008702
357 0.008752
357 0.013469
357 0.015794
357 0.015155
357 0.01396
357 0.083884
357 0.012106
357 0.010257
357 0.010139
357 0.009282
354 0.00953
354 0.010602
354 0.009927
354 0.009015
354 0.009242
354 0.009054
354 0.009178
354 0.008695
351 0.013146
351 0.011649
351 0.011203
351 0.008908
351 0.009029
349 0.009843
349 0.009912
349 0.00937
349 0.009145
349 0.009665
349 0.010975
349 0.009015
349 0.02137
349 0.010021
349 0.00927
349 0.009145
349 0.00999
341 0.010828
341 0.009409
341 0.009663
329 0.010041
317 0.010112
317 0.009944
317 0.009467
317 0.00963
317 0.009161
317 0.009053
317 0.009059
317 0.008211
304 0.01102
304 0.009277
304 0.013817
304 0.00887
304 0.009941
304 0.007465
304 0.007248
304 0.007953
302 0.00883
302 0.00865
302 0.008702
294 0.00887
294 0.008439
294 0.008403
294 0.008082
294 0.00766
292 0.008172
292 0.008304
292 0.008008
292 0.007676
289 0.00961
289 0.012422
289 0.008743
289 0.008632
289 0.008196
289 0.007634
289 0.00799
289 0.007712
289 0.007319
283 0.008155
277 0.008744
277 0.008931
277 0.009338
277 0.009072
275 0.008863
275 0.00915
275 0.011489
275 0.010068
275 0.008571
275 0.008323
275 0.008559
272 0.009283
272 0.009717
272 0.009783
272 0.035744
272 0.018903
265 0.015104
265 0.014386
265 0.01478
265 0.013947
263 0.013854
263 0.014963
263 0.017916
263 0.013238
263 0.01404
263 0.015402
262 0.013641
253 0.013909
253 0.013504
247 0.014117
247 0.01309
242 0.014183
242 0.013971
242 0.01452
242 0.015473
241 0.015551
241 0.015002
241 0.012773
241 0.01706
241 0.0138
241 0.03432
241 0.01526
241 0.015495
241 0.016734
241 0.013404
241 0.024029
241 0.009517
241 0.009121
241 0.009534
241 0.008756
241 0.00949
241 0.009429
241 0.009081
241 0.009174
241 0.010932
241 0.008731
241 0.008831
241 0.008541
241 0.012573
241 0.011008
241 0.008975
241 0.008718
241 0.008745
241 0.009283
241 0.012498
241 0.013046
241 0.013226
241 0.013519
240 0.013598
240 0.012949
240 0.014734
240 0.014482
240 0.014482
240 0.014112
240 0.01518
240 0.013172
240 0.013775
236 0.015187
236 0.014173
236 0.015376
236 0.009785
236 0.008879
236 0.009147
236 0.00889
236 0.008611
235 0.009908
235 0.01008
235 0.008808
235 0.008892
235 0.008477
235 0.008539
235 0.008566
235 0.008519
235 0.008479
233 0.009072
233 0.008539
233 0.008804
233 0.008433
233 0.00983
233 0.008049
233 0.008066
233 0.00951
233 0.010388
233 0.008799
233 0.00821
233 0.008215
233 0.008207
233 0.008181
233 0.008554
233 0.007872
233 0.014223
233 0.012099
233 0.009181
233 0.008634
233 0.011712
227 0.009398
227 0.008895
222 0.009079
222 0.010013
222 0.011946
222 0.013668
218 0.009384
218 0.008351
218 0.008079
216 0.008696
216 0.013169
213 0.011737
213 0.009085
213 0.009436
213 0.008727
213 0.008627
213 0.008404
213 0.008842
213 0.008653
213 0.009873
213 0.008134
213 0.007869
213 0.008231
213 0.007754
213 0.007769
213 0.00798
213 0.007896
213 0.008448
206 0.009063
206 0.010355
199 0.00951
199 0.010056
199 0.013027
199 0.013024
199 0.012829
199 0.011889
199 0.008679
199 0.007888
197 0.009191
196 0.008598
196 0.008942
196 0.008323
196 0.008565
196 0.008846
196 0.008435
196 0.008796
196 0.008457
196 0.008409
196 0.008164
196 0.008434
196 0.008279
196 0.009541
194 0.029125
194 0.015724
194 0.014975
194 0.014973
194 0.013896
194 0.013497
194 0.013453
194 0.013083
194 0.012983
194 0.013201
194 0.009694
194 0.024569
194 0.012445
194 0.008116
194 0.007722
194 0.014012
194 0.007146
194 0.007032
194 0.006999
194 0.006838
194 0.006702
194 0.006276
194 0.006728
194 0.00687
194 0.006994
194 0.007217
194 0.006487
194 0.006893
194 0.006531
194 0.006864
194 0.00721
194 0.00809
194 0.007632
194 0.00672
194 0.006484
194 0.00679
192 0.007009
192 0.006875
192 0.00761
192 0.01072
192 0.010909
192 0.016262
192 0.031162
192 0.008238
192 0.006541
192 0.006751
192 0.006246
192 0.007987
192 0.006281
192 0.006045
192 0.006377
192 0.006162
192 0.005823
192 0.006656
192 0.00608
192 0.006265
192 0.006038
192 0.006331
191 0.006338
191 0.022421
191 0.011861
191 0.011154
191 0.009867
191 0.011299
191 0.008814
191 0.009275
191 0.008882
191 0.008295
191 0.008476
191 0.008407
191 0.009393
191 0.007655
191 0.006226
191 0.005894
191 0.006213
191 0.009775
182 0.007433
182 0.007263
182 0.006515
182 0.007607
182 0.006832
182 0.006656
182 0.007187
182 0.006589
182 0.006875
182 0.006928
182 0.006989
181 0.006932
181 0.007859
181 0.00676
181 0.007975
181 0.007704
181 0.030516
181 0.007706
181 0.017049
181 0.017664
181 0.011175
181 0.012314
181 0.011717
181 0.011881
173 0.010541
173 0.010501
173 0.0293
173 0.010181
173 0.010036
173 0.023184
173 0.011435
173 0.009764
173 0.011258
173 0.011527
173 0.010787
173 0.012999
173 0.010884
173 0.011386
173 0.011567
173 0.011055
173 0.010283
173 0.013954
173 0.011279
173 0.01243
173 0.010973
173 0.012571
173 0.011344
173 0.011441
173 0.011219
172 0.012264
171 0.012329
171 0.015367
171 0.013444
171 0.012666
171 0.012015
171 0.012057
171 0.012081
171 0.011914
171 0.012002
171 0.011906
171 0.012007
171 0.011359
171 0.018607
171 0.029727
171 0.010031
171 0.010221
171 0.010276
171 0.012924
171 0.010151
171 0.010523
170 0.01056
170 0.011138
170 0.012919
170 0.012047
170 0.01198
170 0.012157
170 0.012235
170 0.012751
170 0.012427
170 0.01257
167 0.011842
165 0.012376
165 0.012114
165 0.015752
165 0.012343
165 0.012514
165 0.011989
165 0.012089
163 0.0127
163 0.012122
163 0.011989
163 0.012974
163 0.011754
163 0.011428
163 0.013347
163 0.011277
163 0.011442
161 0.011919
161 0.012432
161 0.012416
161 0.011793
161 0.011398
161 0.011695
161 0.010918
161 0.011931
161 0.011704
161 0.011465
161 0.014225
143 0.00899
143 0.008277
143 0.007794
143 0.008565
143 0.007513
143 0.007403
143 0.007336
143 0.008175
143 0.00737
142 0.007805
142 0.007459
141 0.007818
141 0.007574
141 0.007763
141 0.01228
141 0.007555
141 0.007549
141 0.007919
141 0.009609
141 0.009979
141 0.010456
141 0.008562
141 0.007728
141 0.011841
141 0.010049
141 0.008159
141 0.007622
141 0.00778
141 0.007425
141 0.00805
141 0.008592
141 0.007294
141 0.007446
141 0.008141
141 0.007747
139 0.007914
139 0.007276
139 0.007714
139 0.007685
139 0.019088
139 0.011698
139 0.011426
136 0.022817
136 0.013752
136 0.054754
136 0.011464
136 0.011743
130 0.011553
130 0.011222
130 0.011565
130 0.014862
130 0.011443
130 0.010338
130 0.011209
130 0.011425
130 0.013427
130 0.011291
130 0.010192
130 0.011434
130 0.009744
130 0.01044
130 0.012153
130 0.011178
130 0.010348
130 0.011782
130 0.010136
130 0.011104
130 0.011204
130 0.010894
130 0.010567
130 0.011618
130 0.011876
130 0.010989
130 0.011127
130 0.010018
130 0.010602
130 0.010118
130 0.01107
130 0.01078
130 0.010871
130 0.011176
130 0.010104
130 0.010697
130 0.010986
128 0.011785
128 0.011362
128 0.011247
128 0.012007
128 0.011478
128 0.011176
128 0.010787
128 0.010162
128 0.010065
128 0.010852
128 0.012543
128 0.010876
128 0.011863
128 0.011567
128 0.011342
128 0.0119
128 0.011494
128 0.011447
128 0.012245
128 0.014094
128 0.013046
128 0.011198
128 0.012112
128 0.011433
128 0.010506
128 0.011566
128 0.012523
128 0.012048
128 0.011422
128 0.011819
128 0.013935
128 0.012136
128 0.012301
127 0.012588
127 0.012333
127 0.012864
127 0.01194
127 0.012076
127 0.012192
127 0.011713
127 0.011935
127 0.010695
127 0.01094
127 0.01107
127 0.011029
127 0.011806
127 0.011494
127 0.015919
127 0.011343
127 0.010846
127 0.010983
127 0.013448
127 0.011633
127 0.011255
127 0.011222
127 0.010602
127 0.011176
127 0.011502
127 0.011575
127 0.011355
127 0.011438
127 0.011733
127 0.009782
127 0.009926
127 0.009582
127 0.00951
127 0.010601
127 0.013298
127 0.011997
127 0.011339
127 0.012068
127 0.011859
127 0.012395
127 0.011661
127 0.011524
127 0.010693
127 0.011518
127 0.010406
127 0.011608
127 0.01047
127 0.010856
127 0.011036
127 0.011002
127 0.014365
127 0.011346
127 0.011202
127 0.011427
126 0.011843
126 0.01133
126 0.012097
126 0.011781
126 0.010801
126 0.011189
126 0.009972
126 0.010546
126 0.013191
126 0.011092
126 0.012672
126 0.011705
126 0.013971
126 0.012186
126 0.01165
126 0.011052
126 0.011285
126 0.025154
126 0.011584
126 0.01218
126 0.011624
126 0.012888
126 0.011713
126 0.010659
126 0.01224
126 0.011831
126 0.010711
126 0.010569
126 0.015008
126 0.023752
126 0.008821
126 0.007205
126 0.007104
125 0.007364
125 0.007297
123 0.009272
123 0.017002
123 0.006998
123 0.006507
123 0.006633
123 0.006376
123 0.006724
123 0.006596
123 0.00642
123 0.007704
121 0.007146
121 0.006618
121 0.007008
121 0.006658
121 0.00657
121 0.006408
121 0.006882
121 0.006493
121 0.0064
121 0.006918
121 0.006822
121 0.006537
121 0.006175
121 0.006024
121 0.006198
121 0.007189
121 0.005896
121 0.006035
121 0.005929
121 0.005586
121 0.00609
121 0.006035
119 0.006836
119 0.006611
119 0.006566
119 0.006706
118 0.007004
118 0.008434
117 0.006463
117 0.006818
117 0.00669
117 0.007532
117 0.006826
117 0.006919
117 0.00636
117 0.006516
117 0.006701
117 0.006029
117 0.006187
117 0.005818
117 0.005774
117 0.005913
117 0.005593
117 0.005698
117 0.005787
117 0.005702
117 0.005397
117 0.006861
117 0.00542
117 0.005451
117 0.005254
117 0.005439
117 0.005844
117 0.005948
117 0.004849
117 0.004972
117 0.005503
117 0.004862
117 0.004894
117 0.017028
117 0.005539
117 0.005048
116 0.006974
116 0.007709
116 0.006408
116 0.006564
116 0.006388
116 0.006219
116 0.006045
116 0.006819
116 0.006182
116 0.005899
116 0.006609
116 0.006249
116 0.006016
116 0.005973
116 0.005954
116 0.006311
116 0.00607
116 0.006675
116 0.006201
116 0.006243
116 0.005921
116 0.006185
116 0.005877
116 0.006143
116 0.005901
116 0.006126
116 0.005522
116 0.005616
116 0.006278
116 0.005937
116 0.007221
116 0.006072
116 0.006296
116 0.006385
116 0.006151
114 0.007015
114 0.006939
114 0.006892
114 0.006695
114 0.006376
114 0.006642
114 0.007089
114 0.006538
113 0.007307
113 0.007178
113 0.007608
113 0.008368
113 0.007778
113 0.006667
113 0.008674
113 0.019411
113 0.01083
113 0.010405
113 0.010146
113 0.009994
113 0.009298
113 0.00952
113 0.009601
113 0.009945
113 0.010527
113 0.00993
113 0.00996
113 0.009829
113 0.033233
113 0.018428
113 0.016295
113 0.018227
113 0.009697
113 0.00712
113 0.006946
113 0.006788
113 0.006579
113 0.00619
113 0.006587
113 0.00638
113 0.00589
113 0.00597
113 0.006273
113 0.006037
113 0.005965
113 0.006088
113 0.006535
113 0.006353
113 0.006319
113 0.006152
113 0.006294
