1193154 4614.598697
1193142 26.896106
1193121 27.956639
1193077 21.677465
1193075 22.252111
1193070 22.220989
1193062 20.729968
1193039 20.392357
1193039 20.637018
1193036 20.282362
1193036 20.480391
1193006 20.21667
1193006 19.928074
1193000 20.278548
1192998 20.033433
1192970 20.27784
1192969 19.81085
1192969 20.028986
1192969 20.337171
1192959 19.955555
1192959 20.05987
1192921 20.941766
1192921 20.405689
1192921 20.932266
1192921 21.320645
1192842 20.768883
1192808 21.000472
1192808 20.469726
1192802 20.135247
1192802 20.177552
1192797 20.53868
1192797 20.406745
1192786 20.394056
1192784 20.539252
1192765 20.269663
1192765 20.657239
1192747 20.780685
1192725 20.226372
1192725 20.574375
1192718 20.707613
1192687 20.793141
1192658 20.159626
1192637 20.150835
1192582 134.065921
1192582 20.808906
1192543 20.262307
1192537 21.583082
1192497 20.612819
1192490 20.682828
1192490 20.5146
1192473 20.457078
1192473 20.211073
1192473 21.040049
1192453 20.010681
1192442 20.647849
1192442 20.785568
1192442 20.443363
1192442 20.265705
1192442 20.044766
1192442 20.050335
1192382 20.164502
1192382 19.894379
1192382 20.279651
1192364 20.384748
1192364 20.302356
1192358 20.437006
1192314 22.542315
1192314 20.495673
1192262 20.779523
1192262 20.123611
1192237 20.067274
1192237 19.818573
1192228 20.002252
1192228 20.061957
1192215 20.071137
1192215 20.127995
1192188 20.191301
1192188 20.05301
1192188 19.8174
1192188 20.253282
1192181 19.881359
1192181 20.255256
1192167 20.227658
1192162 20.691127
1192162 20.396547
1192147 20.149159
1192116 20.244638
1192116 20.039734
1192116 20.850631
1192107 20.913335
1192107 20.204922
1192102 20.094199
1192080 20.225619
1192080 20.525649
1192021 20.490976
1192021 20.146356
1192021 19.695103
1192003 20.189384
1191987 20.117704
1191986 20.265204
1191986 20.75665
1191980 22.474752
1191930 21.104466
1191907 21.22285
1191880 21.148676
1191871 27.555617
1191842 21.769493
1191839 21.298217
1191839 21.664606
1191839 21.548565
1191814 21.618316
1191810 21.150751
1191806 21.224389
1191798 21.755645
1191791 21.549794
1191791 23.04133
1191791 21.169226
1191791 21.626492
1191785 21.258223
1191785 21.310588
1191785 22.455261
1191773 21.542855
1191773 21.641536
1191755 21.734856
1191736 21.457922
1191736 21.320397
1191700 21.914215
1191700 21.410971
1191700 21.336961
1191700 21.264121
1191642 21.769572
1191624 21.38484
1191624 21.214028
1191624 21.338208
1191624 21.480495
1191624 21.416694
1191624 22.045778
1191623 21.386732
1191623 20.784357
1191563 21.737724
1191563 21.284735
1191563 21.299786
1191563 21.500086
1191545 21.167616
1191545 21.790661
1191532 22.1512
1191503 21.377349
1191477 21.559556
1191463 22.40831
1191395 22.253201
1191395 22.134388
1191375 22.016911
1191375 22.019069
1191369 21.667648
1191369 21.60812
1191369 21.631494
1191369 21.113649
1191362 21.472595
1191342 21.369751
1191340 21.295078
1191306 21.639064
1191299 20.862795
1191299 21.187534
1191297 21.59526
1191297 21.253561
1191211 20.972217
1191135 20.991405
1191115 20.940141
1191055 21.034195
1191046 21.240761
1190973 21.65717
1190973 21.073145
1190964 21.018922
1190964 20.937591
1190956 20.714468
1190956 21.026722
1190944 21.803377
1190934 21.371695
1190934 21.41674
1190892 21.104784
1190874 21.19307
1190874 23.124734
1190868 21.417232
1190868 22.376023
1190822 20.474265
1190801 20.576095
1190801 20.86164
1190801 20.387712
1190801 20.451045
1190787 20.623675
1190787 20.514309
1190787 20.360981
1190733 20.821095
1190703 20.479055
1190703 20.619185
1190703 20.522384
1190684 20.753591
1190684 20.345808
1190684 20.681522
1190627 20.451041
1190624 20.237535
1190624 20.51315
1190602 20.906571
1190590 19.843638
1190590 19.911662
1190573 20.248479
1190573 20.532254
1190563 20.837022
1190563 20.66094
1190551 20.849526
1190528 20.53593
1190528 21.072398
1190528 21.155797
1190528 20.028885
1190508 20.201762
1190485 19.747931
1190466 19.914664
1190466 20.035693
1190436 19.968161
1190436 19.778624
1190434 20.147007
1190396 20.052367
1190396 20.197137
1190396 19.753526
1190366 20.234784
1190322 20.27456
1190322 20.164674
1190312 20.036597
1190304 20.171725
1190304 19.796696
1190304 20.241542
1190304 20.763983
1190304 20.213379
1190290 20.412821
1190290 20.161671
1190290 20.418318
1190228 20.598594
1190226 20.050189
1190226 20.65016
1190226 20.242049
1190226 20.545674
1190223 20.41792
1190222 20.30019
1190222 19.955859
1190217 20.026036
1190167 20.002743
1190163 20.211236
1190124 19.88219
1190083 20.289794
1190053 20.374744
1190048 20.632359
1189977 20.246204
1189961 19.7809
1189961 20.125975
1189961 20.09882
1189900 19.914403
1189826 20.902218
1189802 20.835931
1189787 20.636887
1189735 20.503953
1189735 20.468343
1189720 21.141929
1189720 21.591102
1189718 21.078894
1189713 21.343612
1189705 21.203152
1189657 20.933704
1189648 21.352024
1189616 22.106403
1189616 21.330807
1189616 20.906042
1189589 20.984947
1189589 20.974651
1189583 21.406918
1189583 21.047309
1189583 21.267061
1189532 21.375448
1189508 20.969271
1189508 21.602552
1189507 21.405481
1189507 21.550166
1189487 21.687221
1189474 24.231314
1189474 22.32436
1189473 21.692544
1189473 21.252504
1189448 21.226918
1189427 21.384036
1189401 21.27686
1189396 21.406273
1189380 21.664455
1189368 21.117553
1189368 21.13552
1189368 20.842989
1189331 20.712115
1189331 21.636578
1189323 20.908864
1189323 21.14709
1189300 21.02109
1189300 20.89638
1189300 21.423291
1189292 20.917225
1189292 20.750543
1189280 20.531398
1189280 21.179717
1189277 20.921788
1189277 20.962012
1189244 20.722279
1189244 20.996482
1189244 20.87179
1189202 20.918641
1189184 21.1363
1189184 20.921095
1189163 21.176539
1189105 21.007141
1189105 21.132879
1189016 21.49838
1188985 21.067255
1188925 21.192943
1188925 20.989763
1188925 21.444945
1188920 21.274271
1188899 21.023245
1188888 21.280688
1188876 21.430266
1188876 23.810774
1188868 22.397055
1188868 21.142611
1188868 21.007389
1188868 21.36923
1188849 21.370158
1188849 21.76698
1188827 20.8402
1188772 21.415409
1188756 21.178868
1188731 21.066197
1188731 21.079662
1188731 21.332925
1188726 21.377805
1188726 21.215896
1188699 21.229857
1188699 21.085159
1188699 20.854605
1188699 21.12859
1188699 21.222669
1188659 21.005378
1188603 21.418966
1188591 21.267196
1188591 21.176852
1188591 21.05989
1188591 20.968963
1188552 21.511731
1188546 21.01599
1188546 21.177999
1188546 20.853969
1188533 21.171885
1188502 20.913323
1188462 21.215192
1188444 20.76573
1188423 20.890967
1188423 21.290038
1188423 21.963372
1188400 21.163978
1188400 21.2284
1188376 21.527898
1188335 21.652144
1188335 21.198492
1188335 21.294731
1188305 21.43069
1188305 21.405437
1188305 21.07315
1188305 21.292043
1188239 20.688642
1188239 21.014725
1188239 21.031053
1188239 21.209162
1188239 21.301768
1188230 21.634229
1188230 21.102583
1188230 20.82477
1188230 20.999491
1188230 21.544569
1188204 21.445407
1188204 21.22014
1188204 21.778435
1188179 24.22386
1188149 21.541706
1188129 21.400402
1188079 21.247588
1188079 20.953018
1188046 21.056345
1188021 21.250285
1187983 21.106948
1187963 21.332365
1187963 21.181825
1187963 21.173912
1187949 22.28681
1187911 21.15671
1187911 21.597647
1187911 21.496085
1187895 21.875471
1187894 21.537284
1187887 21.749927
1187887 20.944648
1187887 21.362499
1187871 21.871901
1187836 21.039123
1187827 21.447379
1187827 20.852469
1187824 21.094029
1187817 22.096015
1187788 20.408042
1187776 20.320365
1187776 20.500775
1187736 20.326493
1187730 20.384299
1187730 20.414985
1187730 20.09137
1187715 19.762534
1187712 20.204122
1187712 19.813713
1187712 19.701426
1187712 20.121478
1187712 20.484838
1187700 20.924321
1187700 20.556076
1187684 20.917208
1187664 20.668446
1187664 21.058942
1187664 21.706898
1187658 20.851809
1187652 20.762146
1187652 21.211074
1187618 21.149915
1187618 20.849188
1187618 20.396127
1187618 19.890493
1187594 20.082292
1187582 20.181841
1187542 20.275735
1187532 19.750379
1187523 19.863382
1187523 20.323297
1187523 20.007255
1187439 20.647227
1187439 19.946591
1187439 20.637257
1187419 20.528537
1187419 20.919905
1187349 20.485309
1187349 20.755773
1187335 20.242422
1187335 20.183247
1187335 20.531656
1187311 20.048475
1187311 20.086392
1187300 20.114979
1187293 19.676372
1187233 19.856524
1187233 20.724674
1187205 19.996999
1187186 19.811257
1187186 20.128633
1187186 20.46921
1187163 20.353199
1187163 20.04573
1187148 20.002412
1187104 20.057891
1187104 20.25909
1187010 20.429629
1187001 19.962517
1187001 20.061701
1187001 20.292052
1187001 20.411165
1186973 20.417629
1186973 21.526094
1186973 20.842267
1186964 20.426963
1186956 21.633204
1186956 20.761595
1186956 21.321459
1186925 20.887038
1186925 21.609843
1186906 21.146872
1186829 20.306918
1186829 20.403057
1186829 20.555346
1186829 20.424047
1186818 21.112112
1186805 20.432529
1186770 19.701968
1186770 20.502653
1186761 20.537375
1186746 20.334692
1186746 20.2812
1186746 20.377574
1186746 20.107824
1186712 20.206128
1186712 20.517805
1186657 20.147409
1186657 19.80841
1186657 20.347953
1186657 20.366312
1186656 20.179777
1186622 20.159873
1186622 20.701628
1186622 19.799092
1186622 20.079874
1186589 20.304984
1186575 19.835611
1186575 19.922471
1186575 20.135068
1186569 20.886675
1186568 20.160891
1186559 20.013073
1186527 20.147958
1186503 19.810117
1186503 20.350003
1186503 20.931842
1186495 20.173814
1186495 20.589773
1186491 20.641857
1186476 20.564551
1186476 20.263335
1186476 20.585293
1186430 20.511468
1186430 20.444256
1186380 20.326611
1186343 20.591574
1186343 20.481014
1186343 20.153945
1186343 20.176853
1186331 20.361716
1186331 20.113717
1186331 19.765651
1186308 19.749832
1186308 20.055199
1186281 20.094364
1186281 20.126219
1186273 20.099413
1186229 20.018361
1186162 20.819218
1186162 20.258474
1186140 19.82152
1186140 20.649445
1186140 20.062412
1186140 20.066169
1186138 19.848975
1186049 20.064119
1186049 21.201499
1186049 20.457484
1186049 20.319655
1185996 20.496774
1185996 20.68824
1185996 20.865355
1185989 20.463208
1185989 20.519517
1185989 20.000922
1185989 20.118608
1185989 20.0025
1185989 20.15821
1185989 20.262689
1185957 20.261086
1185957 21.156378
1185957 20.33479
1185917 20.305924
1185917 20.256828
1185873 21.336594
1185865 20.094317
1185856 19.730775
1185807 20.112459
1185754 19.9752
1185747 20.343903
1185686 20.093592
1185655 19.61587
1185592 20.711448
1185592 19.987177
1185582 19.773737
1185563 20.207735
1185563 19.859502
1185563 19.962859
1185560 20.128772
1185539 19.666092
1185539 19.877199
1185506 20.27675
1185506 20.540099
1185506 21.224577
1185473 20.170959
1185473 20.115651
1185464 19.860284
1185455 20.288463
1185449 20.293934
1185449 20.082684
1185431 20.467625
1185409 20.65992
1185390 20.269907
1185390 20.398739
1185386 21.162782
1185386 21.249292
1185380 20.476522
1185380 20.409682
1185380 19.965676
1185380 19.943437
1185357 20.591762
1185302 20.336749
1185273 20.293975
1185273 20.716088
1185271 21.197772
1185245 20.17809
1185237 20.209649
1185237 20.405891
1185237 20.772396
1185237 20.407555
1185237 20.269648
1185237 20.000775
1185237 20.255375
1185179 20.015868
1185142 19.955903
1185131 20.126312
1185127 19.791878
1185124 20.089398
1185124 20.253103
1185117 20.264706
1185096 20.377005
1185096 20.30759
1185096 19.977675
1185096 19.962266
1185023 22.120466
1185011 22.340043
1185011 20.108841
1185011 20.372618
1184956 20.264884
1184956 20.043044
1184956 20.23789
1184942 20.007538
1184942 20.045674
1184942 20.179919
1184937 20.784379
1184935 21.315329
1184935 21.354516
1184935 21.210926
1184903 21.150344
1184889 21.327055
1184889 21.354853
1184881 20.613588
1184881 21.243147
1184874 21.11178
1184860 21.472605
1184860 21.175849
1184860 20.904765
1184818 21.198145
1184818 20.835418
1184818 21.630803
1184813 20.90782
1184813 21.097737
1184813 20.710974
1184813 21.337912
1184757 21.133044
1184698 21.179481
1184673 21.375947
1184673 21.079957
1184636 21.025835
1184604 21.37199
1184604 20.854725
1184596 21.283247
1184566 21.155585
1184554 21.094484
1184522 21.07537
1184514 21.172142
1184514 21.009249
1184503 21.448873
1184448 21.110471
1184448 21.101101
1184448 20.923224
1184448 20.768165
1184448 21.925265
1184448 21.230579
1184431 21.481913
1184419 21.394606
1184406 21.047073
1184381 21.360061
1184381 21.494877
1184366 21.202031
1184359 21.170383
1184349 21.817339
1184349 21.405772
1184337 21.419781
1184331 21.004242
1184331 22.951445
1184290 21.099685
1184290 20.655818
1184274 20.927148
1184274 20.885455
1184260 21.598906
1184260 21.792546
1184225 21.299319
1184221 21.201743
1184194 21.243961
1184145 20.840554
1184107 21.23514
1184107 20.923679
1184102 21.281584
1184082 20.7811
1184082 21.465987
1184077 21.178783
1184077 21.103011
1184077 21.153137
1184077 21.763708
1184077 21.333944
1184077 21.847879
1184029 21.873669
1184000 20.467078
1183991 20.393313
1183953 20.556575
1183953 19.960766
1183953 20.154343
1183953 20.925579
1183939 20.24042
1183933 20.258229
1183912 19.88296
1183886 20.136319
1183886 19.951057
1183886 20.0971
1183886 19.96981
1183886 20.206344
1183886 19.922302
1183886 19.826442
1183886 19.520622
1183848 19.92999
1183848 20.071202
1183848 20.454406
1183848 20.389557
1183832 20.379475
1183812 20.904973
1183812 20.12039
1183804 20.749811
1183804 20.559446
1183800 20.101183
1183800 19.777357
1183800 19.99895
1183800 20.170164
1183800 20.366019
1183800 19.887866
1183792 20.783015
1183792 20.428039
1183791 20.486811
1183791 20.520745
1183748 20.100284
1183748 20.021167
1183748 20.367429
1183744 20.378267
1183744 20.800725
1183744 20.50248
1183744 20.361765
1183744 20.371016
1183744 20.320573
1183744 20.70339
1183739 20.382183
1183731 19.992654
1183731 19.903248
1183720 20.696935
1183702 20.567305
1183702 20.484405
1183702 19.918438
1183662 20.367391
1183647 20.516949
1183647 20.277465
1183621 21.546868
1183603 20.457881
1183599 19.867867
1183599 20.580068
1183587 20.447718
1183524 20.501269
1183524 20.325187
1183524 21.51211
1183524 20.959888
1183524 21.020292
1183524 20.203358
1183524 19.9453
1183524 20.315119
1183524 20.527062
1183524 20.242498
1183524 20.686924
1183524 21.400321
1183472 20.474563
1183472 20.585411
1183472 20.538042
1183472 20.381808
1183440 20.095677
1183440 20.107092
1183440 20.240326
1183426 20.237455
1183426 20.832171
1183426 20.185202
1183426 21.119082
1183426 21.045598
1183426 21.246975
1183426 21.085969
1183400 21.168687
1183397 21.262878
1183397 21.443425
1183321 20.864272
1183321 21.598389
1183310 20.133506
1183277 20.423637
1183277 20.426053
1183270 20.073603
1183259 20.063718
1183259 20.549077
1183227 20.2377
1183153 19.857075
1183108 19.762765
1183108 19.856542
1183108 20.006484
1183108 20.122578
1183044 19.982985
1183039 20.319685
1183024 20.738233
1183024 20.39786
1183018 20.187699
1183018 20.346544
1183010 20.596697
1182979 20.158924
1182954 20.582451
1182954 20.338803
1182916 20.261374
1182916 19.999848
1182904 20.125353
1182904 20.649387
1182904 20.167718
1182904 19.721163
1182904 20.339276
1182904 21.320518
1182902 21.008511
1182891 20.595396
1182880 20.923115
1182880 20.03989
1182880 20.269142
1182879 20.195016
1182840 20.084974
1182840 20.135664
1182818 20.283855
1182818 20.620852
1182805 20.831956
1182775 20.95686
1182775 20.973901
1182775 20.697823
1182735 21.271186
1182710 21.277349
1182710 20.967089
1182710 20.447784
1182710 20.524255
1182710 20.426468
1182708 20.336849
1182708 20.440372
1182686 20.84497
1182686 19.713111
1182686 19.808848
1182675 20.190022
1182675 20.212851
1182590 19.936507
1182556 20.553949
1182540 20.492953
1182518 20.002257
1182518 20.173935
1182463 20.247337
1182453 20.056255
1182417 20.668778
1182417 20.002588
1182395 20.539921
1182395 20.087157
1182395 21.136282
1182341 22.472277
1182341 20.158825
1182325 20.505602
1182325 19.986841
1182289 20.590063
1182270 20.051684
1182270 19.912815
1182212 20.287989
1182138 20.484019
1182122 20.308138
1182093 20.797513
1182093 20.51452
1182093 20.670796
1182093 20.577851
1182093 20.032884
1182031 20.529237
1182031 20.40571
1182031 20.421179
1182022 20.087866
1182008 20.999016
1181942 20.595348
1181918 20.552236
1181918 20.967675
1181918 20.381735
1181892 20.808301
1181872 21.029939
1181830 20.228789
1181805 20.625308
1181805 19.920118
1181758 20.181278
1181747 20.00588
1181732 19.836551
1181732 20.530454
1181718 19.936546
1181706 20.431139
1181706 21.591015
1181685 21.198843
1181685 20.783053
1181685 21.076128
1181666 21.17451
1181666 21.539292
1181666 20.688954
1181656 21.138871
1181620 22.156385
1181620 22.221134
1181609 21.136322
1181609 21.269625
1181578 21.097066
1181550 21.309628
1181495 20.949309
1181492 20.563882
1181492 21.169876
1181492 20.906395
1181488 20.873216
1181488 21.147519
1181488 20.517334
1181488 21.159524
1181467 21.105653
1181443 20.730554
1181425 21.485803
1181422 23.960839
1181422 20.880281
1181422 21.03374
1181412 21.034586
1181408 21.070256
1181408 21.188583
1181408 21.437949
1181408 21.119867
1181408 21.777259
1181405 21.112538
1181334 21.364918
1181334 21.171882
1181334 20.715737
1181334 21.949083
1181331 21.466478
1181331 21.509846
1181331 21.851682
1181288 22.008173
1181288 21.562021
1181270 21.880774
1181259 21.06839
1181259 21.239472
1181247 21.438814
1181247 21.380542
1181239 21.193334
1181205 21.132492
1181205 21.277685
1181205 21.253544
1181171 21.162056
1181168 21.739797
1181151 22.110941
1181151 22.50604
1181151 21.281643
1181109 21.034833
1181109 21.032097
1181088 21.643006
1181087 21.372361
1181087 20.959278
1181087 21.279814
1181049 21.672251
1181049 21.051328
1181049 21.305026
1181032 21.201868
1181016 21.351044
1180953 21.117971
1180947 21.197718
1180937 21.459327
1180908 21.099675
1180883 22.056182
1180850 21.808589
1180832 21.239294
1180829 21.265666
1180783 21.13477
1180783 20.955006
1180758 21.144418
1180711 21.34445
1180705 21.576545
1180705 20.925474
1180676 21.500214
1180660 21.178435
1180660 21.479999
1180660 21.581798
1180660 21.524501
1180660 21.378658
1180660 21.488362
1180639 21.218221
1180639 21.555818
1180639 21.689192
1180594 21.734113
