73514 23.354923
73457 1.64579
73431 1.980005
73431 1.652024
73431 1.636376
73406 1.643261
73404 0.945902
73392 1.060551
73392 1.051465
73385 1.024183
73324 0.898776
73307 1.011029
73307 0.805845
73278 0.77637
73276 0.741848
73270 0.71226
73270 0.662856
73270 0.701407
73215 0.921811
73209 0.807938
73209 0.702594
73209 0.683843
73209 0.692326
73196 0.681685
73196 0.680262
73119 0.768093
73072 0.699136
73072 0.687656
73028 0.682023
73028 0.800673
73028 0.864398
73028 0.719912
73028 0.748593
73016 0.728255
73014 0.753756
73009 0.72736
72994 0.758679
72969 0.705317
72926 0.722466
72900 0.728171
72897 0.756584
72880 0.87254
72868 5.202742
72793 0.750079
72793 0.755404
72793 0.686342
72793 0.70371
72724 0.754162
72724 0.632957
72724 0.879709
72698 0.783309
72641 0.785791
72641 0.782084
72616 0.82422
72591 0.779353
72591 0.771007
72576 0.794221
72576 0.965198
72576 0.827238
72576 0.866734
72569 0.815466
72530 0.921901
72487 0.80314
72483 1.023306
72483 1.45341
72466 1.135223
72466 0.836181
72466 1.116344
72463 1.092755
72463 1.042697
72462 1.025391
72462 1.104086
72435 0.902719
72435 1.008789
72432 1.079547
72432 0.889965
72395 0.832238
72395 0.796432
72384 0.875917
72384 0.974545
72353 0.864188
72353 0.93297
72311 0.812416
72311 0.966292
72311 0.980153
72282 1.405525
72233 1.004753
72233 0.836192
72196 0.758549
72160 0.784305
72111 0.819925
72111 0.756059
72058 0.748168
72058 0.82255
72058 0.756745
72021 0.752337
72021 0.594219
72003 0.618228
72003 0.569034
71985 0.807987
71985 0.56265
71912 0.665697
71896 0.563961
71896 0.574916
71896 0.575941
71862 0.752393
71821 0.604382
71821 0.592103
71799 0.58215
71780 0.590605
71766 0.584255
71728 0.595835
71711 0.565865
71711 0.568984
71672 0.714974
71672 0.550749
71666 0.605733
71666 0.554018
71636 0.581546
71636 0.575103
71636 0.56036
71636 1.177267
71636 0.589266
71632 0.639326
71618 0.628877
71618 0.578703
71604 0.653036
71598 0.599255
71598 0.576566
71533 0.601799
71489 0.575758
71479 0.613264
71479 0.631891
71479 0.560912
71479 0.548931
71479 0.555121
71479 0.545904
71469 0.54912
71469 0.640821
71431 0.593017
71431 0.559396
71431 0.554532
71431 0.554978
71430 0.567712
71424 0.567351
71424 0.571005
71412 0.570373
71403 0.578581
71400 0.571128
71399 0.606734
71399 0.591134
71370 0.654837
71370 0.583741
71370 0.544581
71370 0.610973
71360 0.54436
71360 0.595767
71348 0.558648
71328 0.542816
71324 0.54159
71298 0.554119
71287 0.550878
71287 0.556465
71283 0.559749
71283 0.555621
71283 0.555457
71267 0.581019
71255 0.558269
71228 0.550625
71205 0.569041
71191 0.568448
71191 0.585523
71189 0.586653
71184 0.570363
71184 0.560125
71134 0.6066
71134 0.600929
71112 0.561943
71112 0.612454
71112 0.703317
71104 0.630092
71104 0.570084
71102 0.675391
71102 0.622362
71095 0.545405
71095 0.544039
71095 0.604141
71095 0.589198
71094 0.579314
71068 0.55491
71009 0.556922
71009 0.557523
70998 0.616875
70998 0.589902
70998 0.547918
70998 0.56125
70962 0.562668
70935 0.581574
70923 0.564555
70889 0.572795
70889 0.649691
70872 0.602755
70861 0.565853
70837 0.561016
70837 0.590246
70776 0.616699
70776 0.741409
70776 0.583627
70776 0.56453
70747 0.676404
70747 0.560301
70747 0.558878
70738 0.549828
70738 0.555131
70703 0.553765
70664 0.73429
70664 0.598661
70664 0.694667
70664 0.623652
70664 0.605367
70656 0.602042
70610 0.603068
70610 0.608305
70610 0.603075
70609 0.600042
70599 0.601826
70599 0.660608
70599 0.607966
70583 0.602924
70583 0.643831
70583 0.602465
70583 0.607817
70583 0.666763
70559 0.74106
70559 0.643592
70559 0.69146
70559 0.625568
70485 0.619116
70485 0.597179
70485 0.611668
70485 0.599527
70470 0.59833
70464 0.662691
70460 0.692585
70460 0.602335
70433 0.609093
70413 0.603107
70363 0.594947
70353 0.585103
70263 0.603287
70263 0.592464
70247 0.612458
70205 0.61205
70188 0.62425
70188 0.591156
70131 0.60334
70113 0.641383
70100 0.647274
70095 0.729977
70095 0.834576
70086 0.676939
70050 0.604556
70050 0.615902
70050 0.610212
70040 0.600445
70017 0.642189
70017 0.616886
69979 0.664978
69956 0.622471
69956 0.719282
69955 0.710671
69955 0.601489
69955 0.615867
69909 0.593168
69882 0.595633
69882 0.628718
69804 0.607823
69774 0.609173
69774 0.653374
69747 0.617891
69747 0.598162
69747 0.598924
69726 0.662939
69726 0.761189
69726 0.83446
69726 0.597342
69708 0.587595
69690 0.613397
69690 0.595187
69690 0.592132
69672 0.587663
69650 0.58782
69650 0.628556
69650 0.605438
69628 0.610658
69628 0.605277
69628 0.595018
69628 0.598462
69578 0.602504
69578 0.725816
69578 0.664718
69578 0.617243
69578 0.647037
69545 0.592915
69545 0.595866
69545 0.603075
69545 0.602248
69537 0.588722
69537 0.676759
69537 0.638425
69529 0.777244
69529 0.63354
69529 0.659477
69526 0.624039
69500 0.604505
69500 0.620018
69480 0.613231
69480 0.628636
69458 0.613645
69458 0.667768
69458 0.612558
69457 0.648581
69429 0.607902
69417 0.663796
69397 0.616425
69397 0.776008
69388 0.656617
69388 0.779592
69382 0.711766
69382 0.778344
69377 0.660379
69377 0.733961
69367 0.91276
69330 0.825582
69330 0.778694
69330 0.898447
69323 0.6991
69323 0.719032
69311 0.821696
69311 0.67526
69279 0.836922
69270 0.728511
69270 0.6614
69270 0.636359
69270 0.644343
69270 0.671804
69244 0.615784
69240 0.611805
69240 0.60264
69240 0.606698
69203 0.667422
69203 0.687163
69201 0.615389
69201 0.646874
69190 0.64315
69184 0.629268
69184 0.709019
69184 0.678375
69180 0.613238
69147 0.669563
69147 0.616013
69147 0.624627
69144 0.621454
69144 0.61763
69125 0.61003
69109 0.615735
69109 0.66466
69109 0.6225
69070 0.631149
69045 0.6291
69045 0.653744
69036 0.58691
69033 0.60414
69033 0.629706
69033 0.646284
69033 0.650246
69033 0.582927
69033 0.609623
69033 0.675773
69033 0.652801
69033 0.629406
69033 0.610816
69033 0.700445
69033 0.641059
69021 0.609224
69011 0.642454
68999 0.681679
68990 0.63177
68972 0.593385
68972 0.599056
68972 0.589819
68972 0.587789
68970 0.584418
68962 0.596536
68954 0.594549
68954 0.63736
68954 0.616495
68940 0.601739
68940 0.605864
68940 0.608822
68884 0.602072
68874 0.600417
68867 0.625648
68831 0.637076
68807 0.634866
68807 0.606588
68807 0.611223
68777 0.61654
68776 0.663102
68763 0.62902
68737 0.612179
68729 0.606389
68707 0.642664
68707 0.637492
68661 0.609502
68641 0.596755
68641 0.609772
68629 0.59979
68611 0.604007
68611 0.605284
68611 0.605941
68611 0.599161
68596 0.598723
68596 0.610405
68596 0.61543
68588 0.604531
68588 0.601971
68574 0.612457
68556 0.615242
68556 0.609455
68556 0.613334
68556 0.624625
68556 0.628567
68556 0.607171
68551 0.62105
68551 0.682463
68551 0.927471
68544 0.617418
68544 0.659995
68514 0.609697
68514 0.608861
68486 0.59844
68471 0.593801
68471 0.607525
68469 0.609382
68461 0.645098
68461 0.637008
68441 0.617673
68441 0.607563
68419 0.614564
68348 0.607853
68348 0.611232
68346 0.619006
68346 0.62065
68323 0.628684
68303 0.612633
68303 0.604195
68303 0.602478
68257 0.605002
68257 2.368968
68250 0.90641
68246 0.654701
68246 0.545571
68246 0.550191
68213 0.534057
68213 0.540111
68213 0.534547
68189 0.56247
68181 0.561294
68140 0.600804
68140 0.56597
68140 0.555786
68137 0.550347
68137 0.550933
68128 0.636247
68128 0.544909
68123 0.544237
68074 0.54425
68067 0.570231
68067 0.56358
68067 0.541131
68037 0.559494
68037 0.613384
68037 0.543257
68012 0.5389
68003 0.543847
67985 0.54156
67982 0.628134
67982 0.707658
67968 0.552042
67945 0.701268
67922 0.604071
67922 0.548658
67922 0.577688
67922 0.54605
67919 0.5533
67919 0.586481
67899 0.548495
67899 0.549623
67886 0.550122
67886 0.55505
67886 0.565214
67885 0.567259
67885 0.572816
67860 0.569567
67860 0.625726
67860 0.592364
67860 0.616588
67830 0.585648
67827 0.566182
67800 0.605791
67800 0.575203
67800 0.584664
67800 0.653215
67800 0.826008
67800 0.711221
67800 0.580332
67787 0.65015
67787 0.594945
67787 0.597178
67787 0.559485
67786 0.565061
67744 0.599478
67723 0.581774
67717 0.608629
67717 0.570112
67717 0.562787
67717 0.640436
67704 0.562344
67704 0.570929
67704 0.550589
67686 0.629316
67680 0.585825
67680 0.62988
67680 0.81309
67680 0.71568
67671 0.630715
67662 0.592369
67662 0.577739
67653 0.693651
67642 0.569291
67614 0.746295
67614 0.684578
67609 0.642686
67609 0.603235
67609 0.564133
67609 0.643255
67552 0.708952
67523 0.64855
67523 0.607561
67521 0.634996
67521 0.589108
67521 0.567806
67521 0.596444
67521 0.612241
67513 0.641282
67464 0.580494
67430 0.627583
67430 0.61039
67430 0.590306
67424 0.677657
67424 0.746408
67413 0.616371
67413 0.669373
67409 0.62237
67406 0.666908
67385 0.712111
67352 0.839655
67328 0.739039
67326 0.607618
67315 0.575559
67269 0.647176
67247 0.551082
67246 0.552477
67229 0.586423
67229 0.576179
67229 0.58513
67203 0.553869
67203 0.682995
67137 0.668645
67137 0.584115
67110 0.562942
67110 0.57243
67110 0.565866
67110 0.563566
67110 0.556994
67098 0.571795
67098 0.557624
67098 0.562831
67098 0.657254
67074 0.549954
67047 0.579016
67047 0.600758
66974 0.578573
66961 0.59621
66951 0.565056
66951 0.666494
66902 0.685509
66891 0.605121
66891 0.648735
66891 0.539096
66891 0.552673
66891 0.536456
66865 0.547007
66810 0.540993
66747 0.53935
66747 0.539101
66714 0.592406
66688 0.544442
66663 0.538046
66655 0.538756
66655 0.548919
66655 0.568761
66655 0.542396
66655 0.572048
66655 0.567318
66655 0.589691
66644 0.558855
66623 0.573217
66607 0.552424
66607 0.548226
66607 0.588179
66589 0.560972
66577 0.720427
66577 0.641768
66577 0.608834
66539 0.556128
66510 0.553999
66506 0.54755
66505 0.586557
66505 0.619436
66482 0.553463
66482 0.573514
66482 0.561025
66482 0.591317
66482 0.548364
66482 0.545778
66468 0.550017
66461 0.54209
66461 0.549223
66461 0.572081
66461 0.563533
66431 0.545315
66421 0.543895
66413 0.567119
66413 0.560034
66391 0.544722
66391 0.55796
66391 0.549059
66391 0.545692
66385 0.576719
66381 0.641514
66357 0.615882
66357 0.601451
66357 0.601169
66350 0.552398
66310 0.545465
66310 0.543156
66272 0.550216
66262 0.589085
66262 0.553793
66252 0.564999
66238 0.554135
66238 0.568819
66215 0.565627
66215 0.566809
66215 0.555358
66190 0.585961
66182 0.577179
66182 0.592365
66181 0.646284
66095 0.543821
66095 0.572599
66095 0.564424
66095 0.55282
66095 0.557856
66069 0.552895
66063 0.571243
66051 0.583687
66045 0.742761
66045 0.59106
66045 0.567113
66032 0.562407
66028 0.561937
66007 0.539302
66007 0.541971
66000 0.610895
65990 0.559929
65990 0.58615
65959 0.621528
65959 0.560007
65918 0.538881
65918 0.537922
65918 0.5346
65892 0.552257
65874 0.53334
65874 0.545233
65861 0.543385
65861 0.554968
65856 0.572204
65856 0.559293
65815 0.563729
65801 0.545751
65753 0.572081
65747 0.546046
65747 0.555209
65747 0.587899
65747 0.653887
65747 0.7481
65747 0.560161
65745 0.545729
65733 0.549241
65731 0.54243
65731 0.559229
65721 0.55764
65721 0.630536
65721 0.610161
65721 0.56139
65721 0.557102
65717 0.571922
65688 0.55588
65679 0.564583
65675 0.613974
65675 0.545927
65675 0.546419
65669 0.541442
65669 0.658445
65669 0.557286
65669 0.545383
65669 0.565081
65669 0.576856
65660 0.563495
65660 0.558885
65644 0.586063
65644 0.56504
65594 0.594615
65594 0.604439
65593 0.66553
65556 0.554212
65556 0.549719
65556 0.561134
65556 0.55004
65556 0.545215
65548 0.588821
65548 0.578862
65548 0.560664
65541 0.555892
65541 0.54758
65541 0.544069
65541 0.546229
65523 0.566684
65523 0.559612
65483 0.548571
65483 0.553344
65483 0.600478
65483 0.567819
65483 0.560635
65483 0.551843
65449 0.547677
65449 0.575133
65413 0.54741
65409 0.574605
65409 0.557267
65352 0.608285
65352 0.581248
65349 0.620464
65349 0.690779
65293 0.545628
65276 0.539681
65260 0.551813
65260 0.541378
65256 0.539033
65223 0.616032
65223 0.611774
65223 0.559108
65223 0.551977
65223 0.561014
65223 0.553322
65205 0.552854
65179 0.549439
65159 0.556362
65159 0.587783
65159 0.543031
65159 0.553166
65154 0.537924
65154 0.536076
65154 0.546194
65144 0.547495
65120 0.574088
65120 0.553003
65120 0.543139
65114 0.584422
65114 0.536636
65114 0.575954
65114 0.563627
65114 0.700185
65096 0.557069
65096 0.554675
65092 0.566893
65092 0.596155
65073 0.591044
65037 0.558123
65011 0.637197
65002 0.557122
65002 0.55399
65002 0.573461
65002 0.561346
65002 0.558704
64973 0.550494
64952 0.583208
64925 0.557955
64925 0.550835
64908 0.560815
64908 0.557982
64905 0.554214
64879 0.546527
64879 0.549601
64879 0.561917
64879 0.548251
64836 0.584346
64836 0.553785
64827 0.551199
64809 0.556575
64805 0.586263
64801 0.735105
64747 0.567169
64736 0.554237
64736 0.574645
64736 0.609292
64736 0.557037
64736 0.550283
64736 0.619843
64736 0.547295
64714 0.551014
64714 0.558009
64714 0.541681
64714 0.583158
64714 0.580385
64714 0.570718
64684 0.543251
64680 0.549548
64680 0.557236
64680 0.545401
64666 0.547453
64655 0.548834
64651 0.554342
64651 0.569042
64651 0.569985
64651 0.578819
64651 0.555476
64642 0.540761
64642 0.549995
64642 0.723782
64629 0.797124
64629 0.619982
64577 0.644491
64577 0.571163
64577 0.584445
64485 0.607598
64485 0.644066
64457 0.574592
64437 0.567853
64425 0.562208
64401 0.600614
64401 0.662869
64401 0.567115
64394 0.568205
64379 0.570695
64379 0.566731
64330 0.55317
64330 0.568402
64330 0.559132
64330 0.622871
64330 0.694536
64295 0.571385
64295 0.55938
64295 0.563659
64295 0.58251
64295 0.562193
64288 0.603576
64277 0.75787
64277 0.6043
64248 0.63523
64248 0.559123
64220 0.574063
64220 0.575715
64218 0.58173
64187 0.673401
64187 0.549139
64185 0.566672
64171 0.619585
64171 0.683199
64151 0.619322
64151 0.61497
64151 0.605932
64151 0.617705
64142 0.619067
64142 0.604122
64133 0.61844
64133 0.709107
64133 0.615894
64133 0.619685
64112 0.614743
64112 0.608191
64112 0.624877
64112 0.650518
64112 0.853962
64112 0.723505
64062 0.642275
64062 0.653292
64062 0.613467
64055 0.587486
64055 0.591569
64055 0.650181
64051 0.588394
64045 0.651385
64045 0.604267
64037 0.607096
63983 0.611581
63980 0.598606
63969 0.606236
63969 0.596271
63907 0.599719
63893 0.598078
63893 0.662718
63893 0.640226
63893 0.610556
63893 0.608572
63893 0.60558
63877 0.599387
63828 0.592393
63811 0.649073
63803 0.793971
63803 0.822179
63803 0.601007
63803 0.602761
63803 0.580454
63803 0.580448
63803 0.58239
63803 0.60945
63803 0.69945
63803 0.600947
63767 0.629901
63742 0.601306
63701 0.595982
63679 0.593313
63660 0.603199
63660 0.591527
63660 0.595295
63660 0.647641
63660 0.614439
63660 0.603532
63618 0.643871
63618 0.623397
63618 0.605738
63610 0.613765
63585 0.648409
63573 0.752855
63573 0.778132
63573 0.746728
63532 0.710093
63532 0.625277
63532 0.597959
63532 0.631587
63532 0.624387
63499 0.789657
63476 0.623578
63474 0.648423
63459 0.617468
63456 0.676804
63454 0.618906
63431 0.630268
63431 0.63179
63431 0.667101
63427 0.651036
63419 0.679367
63413 0.609007
63368 0.662281
63368 0.635784
63368 0.602434
63355 0.616514
63355 0.605341
63336 0.740557
63307 0.673413
63285 0.885384
63285 0.646875
63255 0.652633
63239 0.62297
63239 0.623624
63239 0.752911
63239 0.769529
63235 0.604145
63235 0.659454
63235 0.630385
63235 0.620738
63235 0.606568
63235 0.615726
63202 0.696664
63188 0.636942
63188 0.632364
63188 0.628116
