4175 2.003137
4175 0.389611
4172 0.272288
4130 0.224106
4130 0.2299
4129 0.171818
4122 0.171438
4100 0.157291
4100 0.170077
4098 0.173989
4091 0.244866
4058 0.191644
4058 0.13648
3993 0.181589
3968 0.160768
3950 0.163868
3938 0.160639
3938 0.163727
3938 0.166604
3937 0.162245
3921 0.211012
3921 0.15283
3921 0.105541
3897 0.155658
3897 0.165734
3888 0.185339
3888 0.188593
3885 0.161425
3864 0.16302
3864 0.15572
3864 0.107401
3864 0.155349
3864 0.15807
3858 0.168935
3858 0.158739
3858 0.150677
3858 0.179798
3806 0.189224
3806 0.187803
3769 0.146358
3757 0.130889
3721 0.145215
3721 0.136544
3714 0.07664
3714 0.077186
3714 0.074659
3712 0.113555
3712 0.119005
3712 0.136095
3704 0.116075
3704 0.132961
3704 0.126003
3704 0.11951
3697 0.121154
3613 0.403061
3613 0.124688
3588 0.139971
3584 0.128494
3567 0.127282
3544 0.120941
3532 0.119418
3520 0.123492
3520 0.124598
3496 0.138665
3495 0.125478
3495 0.122184
3481 0.123872
3481 0.131712
3481 0.133223
3481 0.122871
3469 0.127719
3469 0.116477
3469 0.12582
3469 0.123542
3469 0.130245
3464 0.116627
3464 0.127325
3458 0.11458
3446 0.148344
3446 0.120182
3446 0.114423
3422 0.10735
3405 0.113496
3403 0.11468
3403 0.122693
3403 0.106108
3403 0.118124
3399 0.130861
3397 0.189002
3396 0.126117
3396 0.119831
3359 0.110067
3359 0.127068
3348 0.117511
3348 0.112483
3335 0.072053
3335 0.07045
3335 0.067424
3335 0.068641
3323 0.068723
3323 0.128678
3323 0.107739
3323 0.119756
3323 0.119111
3323 0.120424
3282 0.110804
3273 0.096117
3273 0.089101
3262 0.136942
3262 0.111055
3262 0.126669
3262 0.108238
3262 0.109922
3259 0.052419
3259 0.046936
3257 0.048578
3257 0.053126
3257 0.048677
3241 0.047725
3241 0.079692
3241 0.054118
3241 0.062862
3241 0.064799
3221 0.040901
3221 0.038416
3221 0.042228
3221 0.080165
3218 0.361944
3215 0.059555
3205 0.058313
3189 0.053341
3184 0.058885
3184 0.059652
3184 0.059258
3184 0.053289
3184 0.042246
3184 0.044752
3184 0.035104
3184 0.034012
3169 0.046801
3169 0.045749
3169 0.037129
3169 0.036339
3169 0.034497
3169 0.035021
3169 0.034764
3169 0.042297
3169 0.03732
3168 0.035508
3168 0.034904
3154 0.046647
3154 0.036135
3154 0.035672
3154 0.057274
3154 0.03747
3115 0.036636
3113 0.045989
3102 0.040874
3102 0.037372
3097 0.035925
3097 0.036152
3097 0.035943
3033 0.03348
3033 0.034122
3033 0.053155
3033 0.049607
3020 0.039171
3020 0.035628
3020 0.040977
3018 0.045542
3009 0.047268
3009 0.050717
3007 0.062221
3000 0.051569
3000 0.046243
3000 0.043515
3000 0.043068
3000 0.037526
3000 0.049526
3000 0.038124
3000 0.105935
2993 0.039188
2993 0.035114
2993 0.043563
2981 0.038527
2981 0.048836
2981 0.043691
2981 0.039347
2981 0.039413
2956 0.046825
2956 0.043378
2950 0.054274
2950 0.049326
2950 0.04835
2950 0.042359
2939 0.048061
2939 0.053781
2939 0.09424
2921 0.03557
2921 0.032371
2921 0.030368
2921 0.11861
2910 0.036503
2910 0.033597
2888 0.031453
2888 0.031259
2883 0.030235
2883 0.030901
2883 0.031181
2883 0.030913
2883 0.029186
2883 0.029785
2883 0.033948
2883 0.032402
2880 0.031507
2880 0.030984
2880 0.029297
2880 0.030311
2874 0.032557
2874 0.032292
2874 0.031036
2874 0.030684
2874 0.02937
2874 0.028937
2874 0.027963
2865 0.029981
2865 0.03127
2865 0.030666
2846 0.040039
2846 0.032651
2815 0.03795
2810 0.046756
2810 0.040955
2810 0.031003
2810 0.030448
2810 0.029697
2810 0.054639
2810 0.04937
2810 0.046415
2810 0.048157
2810 0.057025
2809 0.047481
2809 0.045271
2809 0.043858
2809 0.046305
2809 0.043211
2809 0.043319
2809 0.045368
2805 0.049025
2805 0.048401
2805 0.047789
2805 0.045169
2805 0.045497
2805 0.048637
2801 0.045623
2801 0.050721
2801 0.048063
2801 0.046666
2778 0.039021
2778 0.035052
2762 0.038145
2762 0.03131
2762 0.031795
2762 0.029574
2762 0.029212
2762 0.029018
2762 0.027976
2743 0.028575
2743 0.028432
2743 0.028276
2743 0.030545
2720 0.028975
2713 0.028975
2713 0.042256
2713 0.029405
2711 0.056956
2700 0.06151
2700 0.033569
2700 0.032297
2681 0.032257
2681 0.033241
2678 0.031758
2678 0.031499
2678 0.030562
2676 0.031118
2676 0.031034
2676 0.031691
2676 0.031435
2676 0.030446
2676 0.03023
2676 0.031232
2676 0.029867
2676 0.032454
2676 0.032259
2676 0.031211
2676 0.030983
2671 0.048998
2651 0.062966
2651 0.072002
2651 0.053852
2651 0.047814
2651 0.042783
2651 0.035331
2651 0.030081
2643 0.029213
2628 0.029867
2628 0.034266
2628 0.065743
2628 0.0332
2628 0.026512
2626 0.026566
2585 0.050127
2585 0.034412
2574 0.032916
2574 0.048026
2553 0.030707
2553 0.028917
2511 0.043621
2511 0.035974
2511 0.03257
2511 0.030551
2505 0.02998
2491 0.02996
2491 0.029368
2491 0.032438
2474 0.034329
2474 0.028855
2474 0.029647
2474 0.032192
2456 0.028736
2456 0.078656
2456 0.061145
2456 0.035438
2456 0.032658
2456 0.038837
2456 0.031081
2456 0.054041
2456 0.045099
2456 0.02942
2456 0.062778
2456 0.10132
2456 0.039198
2456 0.032049
2456 0.0307
2456 0.029948
2456 0.029313
2445 0.03082
2445 0.030811
2445 0.030113
2445 0.029417
2428 0.029355
2420 0.031727
2409 0.047504
2409 0.031257
2404 0.037274
2401 0.042113
2401 0.038089
2401 0.031482
2398 0.044888
2398 0.0314
2398 0.056259
2398 0.050246
2398 0.033772
2383 0.061335
2381 0.055987
2381 0.036982
2381 0.034644
2378 0.03304
2378 0.034504
2378 0.032945
2378 0.031949
2373 0.03232
2373 0.034088
2373 0.032256
2373 0.031963
2373 0.033
2373 0.033778
2373 0.031234
2373 0.03284
2373 0.030478
2373 0.030491
2370 0.037841
2358 0.035012
2358 0.04395
2351 0.05923
2337 0.057236
2317 0.061183
2313 0.033351
2313 0.034625
2313 0.032274
2313 0.03248
2304 0.032477
2304 0.03266
2304 0.047951
2304 0.03322
2304 0.046688
2300 0.064643
2300 0.037473
2300 0.034536
2300 0.035306
2300 0.069608
2300 0.096569
2300 0.034881
2300 0.058653
2300 0.062328
2300 0.033445
2251 0.032603
2246 0.031655
2246 0.031734
2246 0.031865
2241 0.031503
2234 0.031999
2234 0.031921
2231 0.042957
2224 0.029787
2224 0.039948
2224 0.058828
2223 0.042135
2223 0.052568
2223 0.053675
2223 0.033017
2223 0.028406
2223 0.027178
2223 0.026531
2213 0.026764
2213 0.044041
2213 0.054206
2213 0.035867
2213 0.031372
2213 0.062851
2213 0.04526
2213 0.029649
2213 0.028219
2213 0.027906
2208 0.02756
2208 0.028019
2199 0.034333
2199 0.02801
2199 0.027025
2199 0.027659
2199 0.026914
2199 0.027109
2199 0.027008
2199 0.027144
2199 0.028316
2199 0.026972
2187 0.029177
2147 0.030447
2136 0.051465
2136 0.03998
2136 0.028577
2136 0.027992
2136 0.033278
2136 0.032156
2136 0.030809
2136 0.02732
2136 0.026352
2124 0.056906
2124 0.04013
2112 0.035144
2098 0.032538
2098 0.04849
2098 0.045645
2091 0.039954
2091 0.043709
2091 0.030937
2083 0.029995
2083 0.031312
2074 0.032686
2071 0.032829
2071 0.03884
2071 0.030554
2071 0.030662
2069 0.030193
2069 0.029637
2069 0.030979
2069 0.031661
2069 0.030623
2069 0.030154
2069 0.030329
2059 0.032265
2059 0.031608
2059 0.034369
2059 0.032375
2059 0.032352
2059 0.034831
2059 0.031087
2041 0.029755
2041 0.031023
2035 0.030423
2035 0.029986
2035 0.030222
2035 0.059743
2035 0.046112
2035 0.062294
2035 0.035688
2035 0.033694
2035 0.032047
2035 0.039806
2035 0.044124
2035 0.035888
2035 0.029855
2035 0.03008
2035 0.030296
2035 0.029659
2035 0.029491
1989 0.031626
1989 0.032186
1989 0.059523
1989 0.031156
1989 0.030165
1978 0.030484
1978 0.107164
1978 0.037425
1976 0.032122
1969 0.030443
1969 0.033974
1969 0.030606
1969 0.030347
1969 0.030248
1969 0.02956
1969 0.029693
1969 0.029384
1969 0.028877
1969 0.029857
1969 0.028506
1969 0.028805
1969 0.029329
1969 0.042806
1961 0.030561
1961 0.030848
1954 0.030566
1954 0.030999
1954 0.028764
1954 0.027428
1954 0.026393
1954 0.026594
1944 0.028571
1944 0.064515
1944 0.031622
1935 0.033316
1935 0.037872
1935 0.038493
1922 0.034918
1922 0.02983
1918 0.028556
1918 0.041946
1918 0.02884
1918 0.065946
1915 0.034137
1915 0.031148
1915 0.02954
1913 0.029706
1894 0.029338
1894 0.029693
1884 0.030951
1884 0.030449
1884 0.030696
1879 0.030992
1879 0.030216
1879 0.029512
1879 0.029146
1879 0.028407
1879 0.02849
1879 0.029172
1879 0.027118
1879 0.051492
1879 0.027649
1879 0.026977
1879 0.026408
1879 0.026837
1879 0.030143
1879 0.037042
1879 0.040174
1879 0.033246
1877 0.037509
1877 0.037411
1877 0.060481
1873 0.052001
1870 0.046673
1868 0.052836
1868 0.045649
1868 0.058221
1847 0.030067
1847 0.028742
1836 0.0355
1836 0.030019
1836 0.029247
1836 0.028734
1836 0.027239
1836 0.030499
1836 0.028098
1834 0.027749
1834 0.029556
1832 0.028587
1822 0.029274
1822 0.034342
1822 0.031703
1822 0.030817
1818 0.032053
1818 0.032313
1818 0.032092
1818 0.032457
1814 0.030601
1813 0.031712
1813 0.031609
1813 0.029178
1807 0.030226
1807 0.030444
1793 0.032179
1780 0.033797
1780 0.046008
1780 0.037846
1767 0.03224
1767 0.031898
1767 0.029922
1767 0.030211
1765 0.032072
1765 0.031953
1762 0.031195
1762 0.032429
1762 0.030745
1762 0.031872
1757 0.032828
1757 0.032338
1757 0.033125
1747 0.034368
1747 0.035347
1747 0.03597
1740 0.03304
1740 0.032642
1735 0.031839
1735 0.032757
1735 0.032202
1735 0.032609
1735 0.033607
1735 0.032111
1728 0.033674
1728 0.033074
1728 0.123901
1728 0.067061
1728 0.063262
1728 0.033312
1722 0.041622
1722 0.027837
1722 0.026357
1709 0.028743
1709 0.029024
1706 0.029176
1706 0.030372
1706 0.029282
1705 0.028767
1705 0.029301
1705 0.028718
1705 0.028186
1705 0.028817
1705 0.029542
1704 0.028011
1698 0.029736
1698 0.028965
1698 0.029786
1692 0.039029
1692 0.03689
1692 0.044459
1692 0.038385
1692 0.0377
1692 0.037048
1692 0.028023
1692 0.027264
1692 0.027476
1692 0.02621
1692 0.052104
1686 0.041241
1682 0.03254
1682 0.03002
1682 0.029086
1682 0.031357
1679 0.03464
1679 0.032918
1673 0.029006
1673 0.030313
1673 0.029298
1673 0.028887
1673 0.028657
1660 0.030019
1645 0.031361
1645 0.030402
1645 0.029826
1643 0.028432
1633 0.028796
1633 0.029648
1633 0.029044
1633 0.029247
1633 0.027967
1633 0.027861
1629 0.028711
1629 0.027785
1627 0.029292
1616 0.029566
1616 0.02916
1616 0.036388
1616 0.02897
1616 0.029574
1616 0.028163
1610 0.028693
1610 0.027975
1610 0.038587
1610 0.040869
1610 0.034193
1598 0.033494
1598 0.030238
1598 0.030475
1598 0.029562
1598 0.029044
1598 0.028347
1598 0.028506
1598 0.04414
1598 0.029896
1598 0.027554
1598 0.026678
1597 0.028798
1577 0.034836
1577 0.029815
1577 0.031005
1577 0.062701
1577 0.040845
1577 0.042736
1577 0.049055
1577 0.033354
1577 0.031634
1574 0.030194
1570 0.03053
1570 0.030423
1570 0.029746
1570 0.029734
1570 0.029426
1570 0.028444
1570 0.028547
1565 0.028255
1565 0.028487
1565 0.03301
1565 0.028644
1565 0.028181
1565 0.027779
1562 0.028778
1562 0.028604
1562 0.028049
1562 0.028841
1562 0.027751
1556 0.02804
1556 0.027577
1556 0.067628
1556 0.033962
1556 0.031707
1556 0.030792
1556 0.029437
1556 0.035217
1553 0.030791
1553 0.043818
1553 0.028665
1546 0.027716
1546 0.028264
1546 0.027273
1546 0.027705
1546 0.027141
1546 0.02631
1546 0.026667
1546 0.026507
1544 0.026289
1544 0.02741
1544 0.028359
1544 0.027107
1544 0.027855
1544 0.026028
1544 0.025533
1544 0.026664
1544 0.028167
1544 0.02805
1544 0.07575
1544 0.078915
1544 0.035678
1544 0.036744
1544 0.043662
1544 0.038804
1544 0.035048
1544 0.028815
1544 0.028347
1541 0.027865
1541 0.034839
1541 0.027113
1541 0.027324
1541 0.02634
1541 0.026126
1541 0.027107
1541 0.026554
1541 0.026648
1541 0.025878
1538 0.028091
1538 0.029046
1538 0.029389
1538 0.028756
1538 0.027075
1534 0.029734
1534 0.029304
1534 0.030999
1534 0.029931
1534 0.03013
1534 0.029447
1534 0.028534
1534 0.031772
1534 0.028706
1534 0.026202
1534 0.027336
1534 0.026199
1534 0.026819
1534 0.034472
1534 0.028381
1534 0.026863
1534 0.02595
1534 0.025928
1534 0.062406
1529 0.046848
1529 0.045696
1529 0.043967
1529 0.030924
1494 0.029436
1494 0.028285
1494 0.028544
1494 0.02732
1494 0.026429
1494 0.05319
1494 0.046171
1483 0.047255
1483 0.044502
1483 0.043698
1483 0.033377
1483 0.045688
1483 0.040154
1483 0.032148
1478 0.031072
1470 0.031624
1467 0.037685
1467 0.031985
1462 0.032273
1462 0.031706
1462 0.030718
1462 0.030033
1462 0.02896
1462 0.029349
1462 0.02951
1462 0.029449
1462 0.029266
1462 0.032864
1456 0.031174
1456 0.032875
1456 0.048116
1452 0.047078
1452 0.046902
1452 0.04858
1452 0.047995
1452 0.04948
1452 0.04834
1452 0.046531
1452 0.048045
1452 0.044816
1452 0.034068
1452 0.039833
1452 0.044939
1452 0.052552
1452 0.042499
1452 0.042209
1452 0.029437
1452 0.029498
1452 0.04416
1452 0.028653
1443 0.030078
1443 0.030865
1443 0.029227
1441 0.030333
1437 0.032443
1437 0.032215
1429 0.032371
1429 0.03
1429 0.032136
1429 0.033755
1429 0.029372
1421 0.04141
1421 0.042383
1421 0.057718
1421 0.035808
1421 0.031921
1421 0.03165
1421 0.032031
1421 0.030795
1421 0.030937
1421 0.029458
1421 0.029454
1421 0.029184
1421 0.039186
1421 0.061929
1421 0.075113
1421 0.029865
1421 0.028928
1421 0.029078
1421 0.028192
1421 0.028746
1421 0.027643
1421 0.027748
1421 0.027778
1421 0.030602
1421 0.027885
1421 0.029828
1421 0.027616
1421 0.029881
1420 0.029371
1416 0.02992
1416 0.033614
1416 0.029606
1416 0.028641
1416 0.029131
1416 0.029985
1416 0.031597
1416 0.030636
1416 0.029146
1416 0.028324
1416 0.030322
1416 0.029099
1416 0.029114
1416 0.02862
1414 0.030423
1413 0.036682
1413 0.029681
1413 0.032325
1413 0.030312
1413 0.030479
1413 0.029781
1413 0.029951
1413 0.028593
1413 0.030273
1413 0.029616
1413 0.030583
1413 0.030386
1413 0.029005
1413 0.030192
1386 0.030515
1386 0.035891
1386 0.030555
1386 0.030201
1386 0.032872
1386 0.029847
1377 0.030212
1377 0.031773
1377 0.031417
1377 0.031001
1377 0.031495
1377 0.030406
1377 0.030099
1377 0.029006
1353 0.031335
1353 0.032624
1353 0.031469
1353 0.031141
1353 0.029684
1353 0.044122
1353 0.039137
1353 0.030268
1352 0.02944
1352 0.028598
1352 0.029947
1352 0.029084
1352 0.042187
1352 0.043166
1352 0.040829
1351 0.03636
1351 0.030249
1351 0.029514
1351 0.029869
1351 0.029679
1351 0.030322
1351 0.032701
1347 0.043028
1347 0.040968
1343 0.04108
1343 0.039255
1327 0.041021
1327 0.043182
1327 0.04301
1327 0.043487
1327 0.060823
1327 0.045032
1327 0.040711
1327 0.039759
1327 0.041768
1327 0.044635
1327 0.043517
1327 0.043057
1327 0.050255
1327 0.033409
1327 0.026545
1327 0.026599
1327 0.026737
