241 0.131143
241 0.054202
232 0.026674
200 0.018996
190 0.01947
176 0.019538
176 0.019028
164 0.018764
164 0.019627
164 0.017735
164 0.017788
164 0.017183
155 0.019589
155 0.033602
155 0.028883
155 0.019596
155 0.023328
155 0.020008
145 0.018179
145 0.017633
145 0.018011
145 0.018313
145 0.027541
145 0.016723
140 0.030111
140 0.021885
140 0.015999
140 0.016133
120 0.017122
120 0.014872
120 0.014469
120 0.026372
120 0.030682
105 0.016515
105 0.02757
105 0.016014
105 0.015177
105 0.015037
102 0.015341
84 0.01581
84 0.017285
84 0.015503
84 0.014995
84 0.014448
84 0.014174
84 0.014459
84 0.01455
84 0.015482
84 0.037352
82 0.017054
82 0.014839
82 0.018531
82 0.014418
82 0.024338
71 0.016546
64 0.014677
64 0.018493
64 0.014673
64 0.015245
64 0.040952
64 0.015287
64 0.014388
64 0.015697
64 0.021688
64 0.019759
64 0.015504
64 0.014261
64 0.015399
64 0.02025
64 0.013662
64 0.022965
64 0.014076
64 0.014196
64 0.014311
64 0.019675
56 0.012976
56 0.014243
56 0.012604
56 0.0224
56 0.0135
56 0.012426
56 0.011562
56 0.012382
56 0.011021
56 0.011108
56 0.012092
56 0.010603
56 0.011657
56 0.021249
56 0.010153
56 0.03249
56 0.009773
56 0.00966
56 0.013489
56 0.009544
56 0.009552
56 0.010684
56 0.009629
56 0.009641
56 0.009077
56 0.008488
56 0.009215
56 0.010108
56 0.013761
56 0.009943
56 0.015423
52 0.03618
52 0.009666
52 0.00817
52 0.008546
48 0.008196
48 0.022261
48 0.009242
48 0.008075
48 0.008544
48 0.008271
48 0.008293
48 0.008017
48 0.008423
48 0.008272
48 0.00755
48 0.007526
48 0.019377
48 0.007955
48 0.007599
48 0.007351
47 0.008886
47 0.023912
47 0.008895
47 0.009161
47 0.008684
47 0.008552
47 0.007569
47 0.007137
47 0.007598
47 0.007352
47 0.007173
47 0.007484
47 0.007339
47 0.007506
47 0.007183
47 0.007481
47 0.012411
47 0.007504
47 0.007278
47 0.007681
42 0.008161
42 0.008016
42 0.007446
42 0.007802
42 0.007578
42 0.008257
40 0.008111
40 0.007847
40 0.007692
39 0.007955
39 0.007991
39 0.007923
39 0.007592
39 0.00792
39 0.008741
39 0.009283
39 0.007653
39 0.007674
39 0.007684
39 0.007746
39 0.008326
39 0.007362
39 0.032892
39 0.00512
39 0.004825
39 0.004865
39 0.004744
39 0.004542
39 0.004478
39 0.005471
39 0.004185
39 0.004535
39 0.005661
39 0.00446
39 0.004928
39 0.004155
39 0.004147
39 0.00397
39 0.004066
39 0.004045
39 0.004806
39 0.004519
39 0.009696
39 0.004255
39 0.004178
39 0.032222
39 0.009315
39 0.00568
39 0.004415
39 0.004424
36 0.004432
36 0.004101
36 0.003883
36 0.004089
36 0.004569
36 0.004089
36 0.003912
36 0.003822
36 0.003788
36 0.003576
36 0.003983
36 0.003727
36 0.003876
36 0.003539
36 0.00356
36 0.003614
36 0.003686
36 0.004178
36 0.003804
36 0.007969
36 0.002984
36 0.002873
36 0.002865
36 0.004166
36 0.002652
33 0.003328
33 0.003308
33 0.003249
33 0.003566
33 0.002872
31 0.00352
31 0.003243
31 0.003289
31 0.002891
31 0.003356
31 0.003193
31 0.002914
31 0.002859
31 0.003497
31 0.002895
31 0.002783
31 0.003052
31 0.004509
31 0.003567
31 0.002966
31 0.002998
31 0.003429
31 0.003497
31 0.003076
31 0.002849
31 0.002999
31 0.003033
31 0.002875
31 0.002893
31 0.002665
31 0.003102
31 0.003331
31 0.003446
31 0.00337
31 0.002943
31 0.005381
31 0.003743
31 0.002846
31 0.002843
31 0.0029
31 0.002899
31 0.003034
31 0.002886
31 0.002722
31 0.003305
31 0.002871
31 0.003112
31 0.003154
31 0.007718
31 0.004002
31 0.003549
31 0.003375
31 0.006743
31 0.004194
31 0.003141
31 0.002829
29 0.00307
29 0.003236
29 0.003058
29 0.003239
29 0.003248
25 0.003234
25 0.003866
25 0.003217
25 0.003221
25 0.003351
25 0.006193
25 0.004882
25 0.003133
25 0.003088
25 0.00324
25 0.003331
25 0.003068
25 0.003355
25 0.002985
25 0.00366
25 0.003553
25 0.003554
25 0.003915
25 0.003068
25 0.003155
25 0.004382
25 0.003947
25 0.003412
25 0.003017
25 0.003592
25 0.003494
25 0.003222
24 0.003041
24 0.00345
24 0.003202
24 0.002973
24 0.003079
24 0.003122
24 0.00496
24 0.007698
24 0.006401
24 0.005289
24 0.011381
24 0.007215
24 0.009968
24 0.005328
24 0.005267
24 0.00502
24 0.005321
24 0.005241
24 0.004489
24 0.005589
24 0.01826
24 0.008291
24 0.00525
24 0.004782
24 0.006103
24 0.003904
24 0.003466
24 0.003095
24 0.002981
24 0.002993
24 0.002808
24 0.002826
24 0.003408
24 0.004662
24 0.004541
24 0.005808
24 0.004367
24 0.004388
24 0.004998
24 0.004733
24 0.004678
24 0.004492
24 0.003761
24 0.176303
24 0.006754
24 0.006947
23 0.012471
23 0.005679
23 0.005115
23 0.005078
23 0.004753
23 0.005085
23 0.004738
23 0.004843
23 0.004947
23 0.004363
23 0.005139
23 0.004836
23 0.007503
23 0.005024
23 0.005287
23 0.006928
23 0.005089
23 0.005809
23 0.004858
23 0.007404
23 0.003928
23 0.003186
23 0.003086
23 0.002992
23 0.002877
23 0.002755
23 0.002811
23 0.002799
23 0.002856
23 0.003822
23 0.003207
23 0.002617
23 0.003164
23 0.002853
23 0.002583
23 0.002586
23 0.002679
23 0.004447
23 0.002777
23 0.003055
23 0.002931
23 0.003016
23 0.002959
23 0.002628
23 0.002754
23 0.002947
23 0.002874
23 0.00297
23 0.002963
23 0.002779
23 0.002821
23 0.003352
23 0.003125
23 0.003035
23 0.002668
23 0.006698
23 0.002869
23 0.003733
23 0.0026
23 0.003081
23 0.003302
23 0.005124
23 0.003234
23 0.002572
23 0.002701
23 0.002896
23 0.002913
23 0.002933
23 0.002553
23 0.00353
23 0.002553
23 0.002819
23 0.003011
23 0.002737
23 0.002855
23 0.002647
23 0.002663
23 0.002824
23 0.002523
23 0.002549
23 0.003143
23 0.003081
23 0.002904
23 0.00678
23 0.002589
23 0.002667
23 0.002806
23 0.002995
23 0.003153
23 0.002773
23 0.002785
23 0.003346
23 0.002843
23 0.008027
23 0.003636
23 0.002802
23 0.002839
23 0.002585
23 0.002545
23 0.002882
23 0.002862
23 0.002686
23 0.002522
23 0.002579
23 0.002675
23 0.002702
23 0.002858
23 0.002893
23 0.003371
23 0.003006
23 0.002525
23 0.00254
23 0.00272
23 0.005135
23 0.007179
23 0.00246
23 0.002474
23 0.002258
23 0.002308
23 0.002149
23 0.002311
23 0.002294
23 0.002347
23 0.002201
23 0.00237
23 0.003453
23 0.002507
23 0.00228
23 0.002347
23 0.002596
23 0.002271
23 0.00231
23 0.002176
23 0.002258
23 0.002277
23 0.002515
23 0.002275
23 0.002911
23 0.002217
23 0.002266
23 0.00219
23 0.002284
22 0.002837
22 0.002678
22 0.002695
22 0.002605
22 0.002806
22 0.00233
22 0.002436
22 0.002603
22 0.002423
22 0.002809
22 0.003166
22 0.003287
22 0.002935
22 0.002758
22 0.003255
22 0.011926
22 0.003295
22 0.002813
22 0.002566
22 0.0025
22 0.0025
22 0.002468
22 0.002541
22 0.002598
22 0.002269
22 0.00233
22 0.002451
22 0.002598
22 0.002404
22 0.002549
22 0.002406
22 0.002359
22 0.002397
22 0.002464
21 0.00268
21 0.004645
21 0.004214
21 0.003173
21 0.002312
21 0.002541
21 0.002544
21 0.002358
21 0.002438
21 0.002481
21 0.002349
21 0.002361
21 0.002407
21 0.003902
21 0.00286
21 0.002439
21 0.002695
21 0.002381
21 0.002193
21 0.002258
21 0.002369
21 0.002415
21 0.002144
21 0.002191
21 0.002132
21 0.002334
21 0.002342
21 0.00241
21 0.002439
21 0.003118
21 0.002447
21 0.002184
21 0.002611
21 0.002614
21 0.002663
21 0.002252
21 0.002189
21 0.002202
21 0.002214
21 0.00253
21 0.009673
21 0.005575
21 0.004874
21 0.005734
21 0.00523
21 0.004761
21 0.00436
21 0.00418
21 0.00433
21 0.004691
21 0.004383
21 0.005549
21 0.005408
21 0.00485
21 0.004788
21 0.004937
21 0.004587
21 0.004859
21 0.004443
21 0.006363
21 0.004013
21 0.004405
21 0.004253
21 0.004223
21 0.0043
21 0.004248
21 0.004146
21 0.004456
21 0.004404
21 0.006271
21 0.004847
21 0.004781
21 0.004166
21 0.004297
20 0.005434
20 0.004949
20 0.004745
20 0.005897
20 0.004676
19 0.004829
19 0.005038
19 0.006331
19 0.005322
19 0.005597
19 0.00534
19 0.00532
19 0.004927
19 0.005098
19 0.00581
19 0.006269
19 0.005595
19 0.005586
19 0.003384
19 0.002781
19 0.00278
19 0.002617
19 0.002286
19 0.004305
19 0.003148
19 0.003129
19 0.003266
19 0.003991
19 0.005892
19 0.006777
19 0.003384
19 0.002765
19 0.002599
18 0.002879
18 0.002548
18 0.005254
18 0.005705
18 0.003306
18 0.00236
18 0.002292
18 0.002275
18 0.00246
18 0.002245
18 0.002333
18 0.002363
17 0.002497
17 0.003692
17 0.004285
17 0.004479
17 0.004557
17 0.00476
17 0.005862
17 0.004455
17 0.003869
17 0.002521
17 0.002315
17 0.002218
17 0.002261
17 0.002195
17 0.00217
17 0.002365
17 0.002066
17 0.002184
17 0.002133
17 0.002322
17 0.002193
17 0.002128
17 0.003298
17 0.00234
17 0.002452
17 0.002167
17 0.002149
17 0.002384
17 0.002313
17 0.002761
17 0.002196
17 0.002296
17 0.002026
17 0.002092
17 0.002043
17 0.002052
17 0.004378
17 0.002933
17 0.002293
17 0.002242
16 0.002868
16 0.002785
16 0.002753
16 0.002521
16 0.002534
16 0.002425
16 0.002556
16 0.003036
16 0.002457
16 0.002174
16 0.002035
16 0.002287
16 0.002092
16 0.002347
16 0.002341
16 0.002511
16 0.002547
16 0.002366
16 0.002333
16 0.002301
16 0.002859
16 0.002862
16 0.002112
16 0.002211
16 0.00212
16 0.002079
16 0.002163
16 0.002104
16 0.002002
16 0.002004
16 0.002036
16 0.002181
16 0.002193
16 0.002275
16 0.002154
16 0.002245
16 0.002169
16 0.002403
16 0.001993
16 0.002061
16 0.002069
16 0.002368
16 0.00231
16 0.002325
16 0.002139
16 0.002234
16 0.003402
16 0.002392
16 0.002281
16 0.002307
16 0.002201
16 0.002214
16 0.002297
16 0.002041
16 0.002492
16 0.002203
16 0.002298
16 0.002064
16 0.002127
16 0.002663
16 0.00222
16 0.002106
16 0.002199
16 0.002215
16 0.002282
16 0.002009
16 0.002396
16 0.002098
16 0.002234
16 0.002007
16 0.002077
16 0.002092
16 0.00199
16 0.002108
16 0.002354
16 0.002753
16 0.002093
16 0.002107
16 0.003255
16 0.00205
16 0.00243
16 0.002271
16 0.002022
16 0.002018
16 0.002022
16 0.001984
16 0.002008
16 0.00197
16 0.001996
16 0.00341
16 0.002431
16 0.002201
16 0.002376
16 0.002267
16 0.002284
16 0.002306
16 0.00269
16 0.002281
16 0.002279
16 0.002168
16 0.002171
16 0.002106
16 0.002045
16 0.002401
16 0.002008
16 0.002416
16 0.00196
16 0.002025
16 0.002683
16 0.002093
16 0.003812
16 0.002124
16 0.001991
16 0.002021
16 0.002208
16 0.002372
16 0.002549
16 0.002186
16 0.001995
16 0.002015
16 0.002317
16 0.002049
16 0.002241
16 0.001951
16 0.003794
16 0.002584
16 0.002339
16 0.002134
16 0.002077
16 0.001952
16 0.003051
16 0.00262
16 0.002394
16 0.002448
16 0.002246
16 0.002034
16 0.002068
16 0.002148
16 0.002212
16 0.002064
16 0.002355
16 0.00202
16 0.002278
16 0.003258
16 0.005102
16 0.003995
16 0.002188
16 0.002353
16 0.002432
16 0.002235
16 0.002217
16 0.003071
16 0.003675
16 0.002204
16 0.012121
16 0.004567
16 0.003052
16 0.003807
16 0.002582
16 0.002476
16 0.002568
16 0.002498
16 0.002568
16 0.003757
16 0.002836
16 0.002581
16 0.003772
16 0.0026
16 0.003041
16 0.002927
16 0.00259
16 0.011456
16 0.002897
16 0.002593
16 0.00351
16 0.002654
16 0.002169
16 0.002099
16 0.002378
16 0.002182
16 0.00233
16 0.002219
16 0.002025
16 0.002025
16 0.002142
16 0.002062
16 0.002391
16 0.001918
16 0.003351
16 0.002278
16 0.00208
16 0.002064
16 0.002089
16 0.002223
16 0.002037
16 0.002597
16 0.002339
16 0.002258
16 0.002102
16 0.002353
16 0.002021
16 0.002274
16 0.002066
16 0.002028
16 0.002337
16 0.002408
16 0.003524
16 0.002448
16 0.002128
16 0.003347
16 0.002248
16 0.00228
16 0.002627
16 0.002388
16 0.002238
16 0.002516
16 0.002098
16 0.00216
16 0.002249
16 0.002053
16 0.002241
16 0.00193
16 0.002487
16 0.002292
16 0.002289
16 0.002698
16 0.002321
16 0.002189
16 0.001964
16 0.001942
16 0.01006
16 0.002635
16 0.002176
16 0.002089
16 0.00195
16 0.002607
16 0.002437
16 0.002061
16 0.002931
16 0.002493
16 0.002189
16 0.002425
16 0.002243
16 0.002308
16 0.002162
16 0.002248
16 0.003296
16 0.00262
16 0.00228
16 0.002637
16 0.002308
16 0.002321
16 0.0022
15 0.002496
15 0.002316
15 0.002648
15 0.001968
15 0.002334
15 0.00194
15 0.003344
15 0.002061
15 0.002244
15 0.002011
15 0.001962
15 0.002111
15 0.001931
15 0.002969
15 0.002
15 0.001972
15 0.002173
15 0.001968
15 0.001883
15 0.002285
15 0.001831
15 0.00222
15 0.001988
15 0.001771
15 0.002002
15 0.001964
15 0.001911
15 0.003501
15 0.001875
15 0.002
15 0.001871
15 0.001863
15 0.00225
15 0.002057
15 0.002107
15 0.00191
15 0.002766
15 0.001911
15 0.002245
15 0.00194
15 0.002767
15 0.002065
15 0.002014
15 0.001899
15 0.002026
15 0.00186
15 0.002359
15 0.002944
15 0.002561
15 0.00301
15 0.001956
15 0.001904
15 0.002882
15 0.002289
15 0.001854
15 0.002625
15 0.00211
15 0.001957
