298644 198.747597
298624 73.596197
298605 8.874339
298576 4.243279
298576 4.40125
298556 5.983487
298498 5.72668
298498 5.25116
298498 4.735386
298485 5.071565
298462 4.643589
298448 4.079225
298448 3.429946
298445 4.770995
298442 3.718091
298436 3.712011
298436 3.413179
298428 3.70904
298428 3.494769
298420 3.442126
298420 3.635277
298399 3.75427
298399 4.266233
298395 5.195079
298395 4.125835
298373 3.552812
298368 4.543105
298368 4.529601
298359 4.594764
298350 5.077202
298350 5.430311
298350 4.18159
298339 3.64878
298333 3.032835
298333 2.989711
298298 3.144149
298281 3.72376
298265 3.133861
298246 3.16503
298229 2.910666
298208 3.353223
298189 3.174248
298174 3.065414
298166 3.000629
298166 2.933504
298165 2.976478
298165 3.716621
298162 3.158327
298154 3.039849
298154 3.002725
298134 3.150806
298096 3.479707
298096 3.126986
298085 3.032988
298021 3.082807
297978 3.079884
297978 3.384524
297977 2.99838
297977 3.058332
297977 2.948706
297925 3.294488
297919 3.639468
297919 3.185917
297912 3.241073
297912 3.008437
297912 2.991116
297912 3.347455
297912 2.999047
297885 3.166926
297885 2.988188
297885 2.981398
297885 2.992544
297848 3.431689
297848 3.151118
297845 2.998588
297845 2.994147
297806 3.02601
297754 3.240897
297754 3.171271
297754 3.199495
297700 3.056237
297700 3.101279
297691 3.355809
297637 3.064655
297614 2.973164
297603 3.091504
297594 3.064267
297593 3.247233
297593 3.18517
297584 3.076704
297580 3.085933
297580 3.18631
297580 3.084284
297580 3.465923
297567 3.325935
297567 3.137455
297567 3.061979
297566 3.080101
297566 3.395472
297488 3.039471
297488 3.155641
297465 3.125746
297446 2.99342
297441 3.476026
297441 3.131177
297436 3.004373
297435 2.942347
297390 2.963209
297390 3.510393
297363 3.149101
297335 3.015219
297319 2.944437
297312 3.015828
297234 3.156441
297229 2.97261
297164 3.055963
297164 2.959395
297144 2.922461
297137 2.942842
297137 2.975962
297131 3.177725
297131 3.226054
297131 3.147208
297129 2.96254
297117 3.00734
297117 3.06051
297115 2.995147
297115 3.290342
297115 3.864831
297115 4.044176
297042 3.168022
297024 3.116483
297024 3.041094
297024 3.116431
297024 3.065494
296995 2.989423
296995 3.082929
296991 3.304925
296991 3.594477
296948 3.573125
296948 3.355688
296948 3.478422
296917 3.383875
296915 3.323003
296915 3.246307
296885 3.283554
296885 3.241758
296885 3.3373
296872 4.384145
296872 3.241522
296806 3.164888
296749 3.044722
296749 3.235416
296727 3.274208
296710 3.26427
296710 3.390793
296710 3.140525
296627 3.223595
296622 3.208139
296622 3.157756
296610 3.232854
296555 3.300393
296555 3.229743
296553 3.272787
296538 3.57968
296518 3.582599
296506 3.915927
296470 3.930314
296458 3.579784
296452 3.818739
296414 3.538569
296414 3.48099
296414 3.808057
296414 3.985126
296393 3.302374
296393 3.302507
296393 3.299684
296393 3.309014
296392 3.238147
296389 3.23535
296382 3.194633
296382 3.25454
296377 3.203635
296377 3.208728
296353 3.239894
296353 3.376087
296353 3.473182
296353 3.54237
296353 3.252669
296315 3.323526
296308 3.1399
296308 3.222047
296295 3.389713
296282 3.201648
296282 3.193449
296282 3.312455
296272 3.173695
296272 3.177411
296264 3.1331
296245 3.297193
296245 3.228253
296245 3.288338
296238 3.215502
296226 25.084755
296226 3.241274
296142 3.42587
296142 3.165958
296103 3.337561
296073 3.228217
296073 3.258635
296073 3.853659
296073 3.576774
296062 3.268199
296062 3.451428
296031 3.193112
296019 3.181017
295998 3.356847
295998 3.245004
295942 3.261692
295942 3.294645
295937 3.201199
295925 3.337666
295873 3.202398
295873 3.249378
295786 3.281617
295786 3.102326
295786 3.298688
295781 3.273899
295730 3.217809
295730 3.152438
295730 3.180745
295730 3.266763
295730 3.21213
295719 3.257587
295706 3.753713
295706 3.196705
295700 3.270259
295700 3.357389
295700 3.387179
295700 3.256679
295700 3.20713
295681 3.255252
295675 3.286218
295675 3.238694
295664 3.268728
295635 3.32633
295635 3.343981
295626 3.455596
295610 3.277882
295586 3.245384
295581 3.277202
295557 3.240685
295546 3.360717
295546 3.635888
295546 3.401018
295527 3.386714
295522 3.458015
295492 3.392933
295489 3.263424
295477 3.297641
295447 3.39824
295406 3.270691
295406 3.301163
295395 3.302151
295388 3.537179
295377 3.362555
295357 3.262571
295338 3.280289
295301 3.43114
295292 3.415313
295292 4.177397
295292 4.103596
295292 3.478919
295222 3.359584
295222 3.325317
295222 3.186094
295136 3.272314
295101 3.352411
295101 3.378961
295084 3.82425
295084 3.79655
295084 3.880725
295064 4.256762
295064 3.704122
295064 4.34297
295064 3.178495
295021 3.211033
294994 3.432976
294978 3.479214
294967 3.469872
294929 3.245973
294920 3.315146
294920 3.403476
294920 3.33421
294904 3.318386
294904 3.442661
294904 3.230326
294904 3.33206
294884 3.43716
294884 3.237378
294884 3.250335
294875 3.422452
294875 3.41111
294864 3.291916
294864 3.24407
294864 3.803857
294846 4.12033
294778 4.574647
294778 3.721252
294778 3.752425
294727 3.808076
294683 3.710122
294667 3.599633
294630 3.711429
294590 3.915676
294590 4.030424
294554 3.777382
294532 4.001694
294511 3.895617
294511 3.925417
294511 3.625326
294511 3.688614
294500 4.201277
294489 3.808871
294489 3.730867
294489 3.764208
294479 3.644292
294474 3.26634
294456 3.326112
294456 3.188289
294423 3.315321
294418 3.286713
294397 3.327349
294397 3.302839
294397 3.348575
294397 3.225043
294397 3.322602
294397 3.308531
294372 3.268371
294357 3.238624
294357 3.198281
294347 3.229712
294347 3.310561
294347 3.246299
294306 3.303091
294290 3.267031
294281 3.229991
294268 3.229275
294268 3.401402
294268 3.684961
294230 3.287428
294230 3.220195
294219 3.281697
294166 4.077903
294155 3.460558
294145 3.402049
294111 3.187348
294111 3.366325
294042 3.245874
294042 3.318396
294042 3.402292
294042 3.336504
294033 3.281172
294033 3.33131
293949 3.124782
293899 3.333108
293899 3.374027
293899 3.395231
293852 3.332137
293837 3.231163
293837 3.201359
293837 3.319046
293793 4.299483
293793 3.697862
293793 3.280566
293793 3.298996
293793 3.395804
293788 3.313377
293788 3.440372
293788 3.481623
293788 3.252879
293750 3.130641
293702 3.328788
293661 3.094855
293657 3.351949
293598 3.435209
293593 3.24609
293559 3.351803
293539 3.232652
293539 3.20983
293539 3.278257
293502 3.421576
293478 3.281994
293478 3.31889
293478 3.216467
293478 3.304465
293474 3.248493
293464 3.327307
293458 3.341703
293440 3.254648
293440 3.193797
293434 3.223624
293423 3.087116
293423 3.276841
293423 3.372813
293409 3.292402
293409 3.187141
293409 3.169634
293409 3.214671
293390 3.303528
293390 3.242379
293383 3.254536
293341 3.182867
293341 3.600761
293338 3.421467
293325 3.216789
293319 3.325967
293304 3.178444
293289 3.15023
293285 3.215845
293278 3.254236
293278 3.208748
293278 3.251735
293270 3.161094
293257 3.746122
293237 3.744587
293237 3.628052
293210 3.719444
293195 3.723027
293195 3.598531
293195 3.139713
293189 3.25118
293189 3.243539
293189 3.476757
293189 3.26093
293112 3.163445
293085 3.291536
293085 3.310207
293075 3.475806
293045 3.755782
293045 3.721459
292994 3.174592
292992 3.148836
292992 3.833949
292942 3.513474
292942 3.852405
292942 3.605927
292930 3.704567
292930 4.415945
292900 3.397579
292827 3.4586
292827 3.660351
292827 3.461476
292796 3.369895
292709 3.30154
292709 3.471326
292709 3.237058
292699 3.390461
292678 3.273726
292673 3.242298
292627 3.331813
292619 3.196239
292617 3.251731
292617 3.296404
292607 3.157462
292607 3.298745
292549 3.378449
292522 3.38798
292522 3.263609
292462 3.587808
292419 3.404809
292419 3.480052
292412 3.268976
292412 3.327153
292408 3.30608
292408 3.308264
292387 3.524118
292387 3.276429
292363 3.344723
292363 3.290556
292363 3.224984
292331 3.286954
292331 3.220018
292331 3.584538
292311 3.88951
292305 3.721052
292305 3.699168
292305 3.738348
292299 3.668084
292270 3.71997
292248 3.508929
292248 3.725302
292248 3.696978
292227 3.536651
292227 3.622145
292219 3.540173
292198 3.774133
292102 4.456533
292102 4.162954
292102 3.813662
292102 3.732457
292102 3.7874
292097 3.812285
292097 3.746811
292079 3.654254
292079 3.750023
292079 3.779539
292055 3.732399
292055 3.886416
292035 3.895136
292023 3.63723
292023 3.365162
292017 3.466828
292000 3.674262
292000 3.417311
292000 3.287402
292000 3.617267
292000 3.726026
292000 3.331058
291994 3.302302
291994 3.413414
291994 3.290798
291991 3.208153
291991 3.356413
291966 3.317159
291953 3.263988
291953 3.716905
291936 4.016369
291933 3.333536
291933 3.247129
291870 3.261353
291870 3.331669
291858 3.323916
291858 3.178916
291858 3.414248
291858 3.39371
291858 4.003212
291801 3.301041
291801 3.164959
291788 3.240936
291761 3.287927
291760 3.162478
291760 3.488086
291760 3.64935
291760 3.235739
291754 3.295556
291754 3.283177
291718 3.220887
291711 3.235963
291704 3.286181
291704 3.283064
291704 3.414048
291704 3.293566
291692 3.249217
291643 3.405919
291640 3.326834
291640 3.359029
291640 3.905393
291640 3.773234
291633 3.371319
291633 3.318376
291607 3.308921
291589 3.398547
291589 3.318974
291589 3.294985
291589 3.413192
291588 3.215182
291565 3.576102
291514 3.361124
291512 3.359078
291494 3.427987
291482 3.340417
291476 3.379829
291476 3.352741
291459 3.423948
291459 3.367873
291459 3.29093
291445 3.309893
291445 3.378357
291445 3.313807
291445 3.327789
291429 3.417104
291429 3.247651
291429 3.268854
291429 3.279987
291429 3.218821
291429 3.429933
291429 3.365475
291429 3.295742
291429 3.238159
291427 3.166099
291411 3.47742
291411 3.290304
291392 3.22537
291337 3.457866
291333 3.335237
291321 3.221714
291320 3.265842
291320 3.181851
291313 3.257505
291313 3.373213
291313 3.28983
291305 3.303505
291244 3.19655
291244 3.115217
291237 3.233818
291227 3.15941
291227 3.397811
291184 3.252652
291158 3.204541
291142 3.403833
291142 3.263298
291142 3.199071
291132 3.402715
291132 3.547942
291132 3.474371
291123 3.409414
291063 3.265161
291040 3.331141
291040 3.258204
291040 3.397751
291040 3.375708
291022 3.348518
290992 3.34617
290992 3.31156
290992 3.26866
290992 3.305844
290989 4.195177
290974 3.327173
290974 3.280786
290962 3.266404
290950 3.212718
290950 3.365501
290948 3.343694
290948 3.241642
290948 3.24363
290948 3.217638
290948 3.248572
290948 3.214518
290948 3.323601
290907 3.359484
290894 3.231615
290894 3.442818
290891 3.416391
290840 3.269318
290840 3.459796
290838 3.396242
290838 3.549923
290838 3.289394
290805 3.253528
290780 3.29837
290780 3.518625
290780 3.319914
290780 3.27149
290780 3.292345
290780 3.258914
290766 3.309827
290762 3.442811
290710 3.18197
290701 3.386405
290701 3.308412
290698 3.328482
290651 3.214259
290651 3.164126
290643 3.364871
290643 3.305881
290643 3.16652
290624 4.045173
290624 3.505792
290624 3.208395
290571 3.34032
290558 3.378331
290558 3.406511
290558 3.578383
290558 3.296422
290558 3.388532
290497 3.353123
290485 3.610178
290473 3.285218
290467 3.241781
290467 3.10095
290442 3.244147
290439 3.142784
290431 3.43822
290424 3.310709
290424 3.335255
290401 3.38154
290393 3.33185
290390 3.313126
290349 3.321818
290316 3.272732
290316 3.224911
290316 3.162792
290240 3.119403
290237 3.24505
290176 3.3007
290162 3.258403
290152 3.234503
290147 3.174984
290120 3.300189
290120 3.238443
290111 3.27335
290079 3.36638
290079 3.262227
290066 3.414934
290055 3.308547
290055 3.336948
290055 3.348556
290055 3.368054
290055 3.337067
290055 3.280771
290055 3.227534
290035 3.27227
289989 3.322718
289989 3.273865
289989 3.40355
289989 3.252002
289988 3.219569
289988 3.386982
289967 3.257921
289945 3.351377
289935 3.283187
289906 3.266289
289859 3.218527
289859 3.292504
289853 3.372363
289853 3.064888
289853 2.951375
289834 3.016134
289834 2.864885
289834 2.965282
289808 2.970505
289801 3.10067
289788 3.038947
289788 2.973853
289777 3.021461
289755 2.968237
289755 2.99763
289742 2.924053
289742 3.464446
289742 3.232341
289692 2.952537
289692 3.008465
289685 2.991517
289685 3.016746
289685 3.055005
289685 2.990783
289685 3.001469
289685 2.987643
289685 3.092608
289666 2.991298
289647 3.185801
289647 2.934043
289647 3.039527
289647 2.962508
289647 3.003541
289647 2.942653
289647 2.83645
289623 3.034233
289622 3.081535
289622 3.211649
289618 3.03372
289618 2.96319
289606 3.008059
289606 2.947688
289606 3.043229
289598 3.029905
289561 3.129966
289493 3.123787
289484 3.047764
289484 2.993109
289477 2.947911
289461 3.13417
289461 3.042926
289461 2.962035
289461 3.01344
289461 2.998212
289461 2.997533
289461 2.979995
289458 3.184513
289458 3.07054
289433 3.132021
289433 3.022543
289433 3.066247
289433 3.19558
289411 2.999094
289411 3.033574
289406 3.145748
289361 3.078722
289361 3.111054
289361 2.98282
289328 2.993318
289328 3.02237
289328 3.070006
289328 3.267195
289301 2.976562
289301 3.200482
289301 3.112506
289273 3.249183
289273 3.095138
289273 3.125815
289273 3.102667
289273 3.026236
289261 3.082604
289261 3.11167
289261 3.062121
289250 13.874681
289250 2.961632
289250 3.094165
289228 2.904976
289228 3.112789
289186 3.06116
289186 3.044087
289186 3.21943
289177 3.028651
289113 2.946674
289070 2.885
289046 2.972202
289046 3.031288
289045 3.038535
289045 3.246068
289040 3.061531
289009 3.085037
289000 2.989575
289000 3.048396
288965 2.964433
288961 2.917942
288953 3.004555
288953 2.959313
288953 3.103466
288946 2.940985
288946 3.050076
288946 2.94282
288940 2.934328
288940 3.018746
288928 3.017332
288922 3.024198
288922 2.940811
288895 2.953094
288883 3.250688
288879 3.019122
288879 3.000546
288879 2.963285
288843 2.964713
288773 2.868833
288773 2.908861
288773 2.923722
288773 3.083751
288773 2.973273
288734 2.988704
288728 2.959405
288728 3.037845
288728 3.054116
288679 2.96445
288679 2.978486
288643 3.013919
288643 3.027252
288643 3.831839
288595 3.959549
288552 3.431956
288522 3.315102
288513 3.488043
288510 3.196965
288510 3.174206
288510 3.004431
288508 3.0782
288496 2.865499
288492 2.938068
288492 2.933557
288479 2.984946
288479 3.109324
288479 3.010419
288479 3.057656
288479 2.888977
288438 2.955376
288438 2.912082
288438 3.101348
288437 2.986913
288437 2.95238
288388 2.991251
288382 3.085116
288371 3.045718
288343 2.975132
288343 3.225679
288343 2.934993
288343 3.012873
288343 3.062506
288311 2.998597
288305 2.961982
288305 2.943216
288270 3.081281
288235 3.370804
288228 2.862133
288228 3.058416
288223 2.976875
288223 2.989574
288205 3.019245
288202 3.133154
288193 3.881177
288114 4.420132
288114 3.17235
288111 3.527648
288111 2.898631
288106 3.452318
288106 3.75212
288106 3.144294
288102 3.659351
288102 3.163949
288081 3.893815
288081 3.854122
288081 3.628158
288067 3.345963
288067 3.156849
288067 3.060498
288062 3.040955
288055 2.912564
288053 2.97973
288009 2.948753
288009 2.895336
288006 2.9697
288006 3.263887
288006 3.584368
287976 4.441563
287976 3.296625
287976 3.142418
287976 4.217488
287976 3.598499
287952 3.354332
287921 3.546063
287921 3.406096
287841 3.878864
287828 4.712725
287823 3.659188
287823 3.961517
287794 3.323231
287794 2.98081
287794 2.997078
287794 3.149693
287757 3.062759
287757 3.161421
287757 3.031211
287757 3.080374
287675 3.11022
287633 3.070273
287613 3.061428
287570 3.248067
287569 3.17725
287569 3.366334
287569 3.902707
287569 3.525993
287569 3.171382
287569 3.24961
287549 3.475221
287549 3.264579
287549 3.172755
287549 3.073634
287528 3.030966
287475 3.050073
287462 3.006015
287462 2.923878
287444 3.07507
287435 3.078993
287378 3.014069
287378 3.023658
287378 2.975881
287346 2.966526
287310 2.9712
287237 2.993542
287213 2.993971
287176 2.975947
287176 3.100914
287173 3.110806
287173 3.210075
287173 2.982141
287101 3.179586
287076 3.036812
287066 3.193646
287062 3.474921
287061 3.721801
287061 3.82803
287048 4.507973
287048 3.396138
287024 3.11309
287024 3.179824
286978 3.166156
286972 2.989614
286949 3.086682
286906 2.992941
286906 3.137985
286906 3.105558
286898 3.041083
286898 3.052221
286898 2.973003
286898 3.00421
286898 2.999834
286894 3.062137
286878 3.024964
286878 2.984621
286871 3.138832
286871 3.168263
286871 3.08439
