37004 7.576157
37000 1.842895
36988 1.506096
36988 1.517684
36981 1.45735
36957 1.166412
36925 1.478407
36852 1.631573
36852 0.744872
36852 0.711246
36823 0.684222
36789 0.939349
36789 1.013348
36766 0.730896
36762 0.983314
36753 0.759172
36737 0.493276
36704 0.552169
36657 0.666125
36655 0.371541
36655 0.709478
36655 0.67621
36655 0.792237
36629 0.63548
36595 0.712808
36565 0.527545
36559 0.519481
36558 0.517934
36554 0.737685
36554 0.572297
36554 0.725396
36527 0.57666
36470 0.725509
36456 0.521953
36438 0.660894
36432 0.473959
36432 0.648365
36390 0.422338
36383 0.507965
36365 0.474408
36316 0.743137
36283 0.567807
36267 0.552977
36241 0.554957
36241 0.705087
36241 0.62936
36241 0.860984
36186 0.701539
36185 0.769992
36185 0.59037
36185 0.729711
36183 0.590132
36183 0.661942
36145 0.369252
36088 0.660012
36088 0.500869
36088 0.649039
36069 0.600582
36069 0.697053
36069 0.53476
36069 0.664535
36069 0.522836
36069 0.540906
36069 0.516174
36069 0.59634
36051 0.383859
36051 0.576305
36051 0.555408
36040 0.483549
36040 0.464526
36016 0.728629
36016 0.369066
36002 0.583159
35997 0.523291
35970 0.48164
35970 0.408033
35948 0.563796
35948 0.539584
35948 0.488157
35948 0.393556
35861 0.500414
35861 0.385911
35844 0.474419
35842 0.458028
35842 0.508708
35800 0.502667
35780 0.706879
35780 0.479566
35780 0.589845
35752 0.51228
35731 0.536427
35731 0.537041
35731 0.577352
35721 0.399313
35721 0.497188
35721 0.333765
35721 0.528254
35717 0.415324
35717 0.646818
35648 0.561225
35614 0.731283
35597 0.533075
35594 0.622528
35594 0.423359
35594 0.469
35526 0.37831
35522 0.484343
35468 0.357405
35468 0.534145
35468 0.357133
35433 0.50925
35427 0.343748
35358 0.649751
35327 0.355643
35315 0.479049
35310 0.357491
35308 0.433508
35280 0.414854
35273 0.456804
35273 0.398435
35273 0.699637
35273 0.355448
35273 0.562517
35268 0.418098
35268 0.470326
35268 0.416466
35268 0.436287
35254 0.408666
35239 0.458123
35181 0.48493
35154 0.604462
35149 0.539002
35149 0.42733
35136 0.3991
35136 0.445655
35129 0.333113
35129 0.432099
35126 0.33822
35126 0.4226
35118 0.364515
35118 0.478933
35118 0.334006
35118 0.414497
35118 0.433795
35118 0.518621
35118 0.363156
35118 0.433014
35118 0.344555
35108 0.45149
35108 0.417815
35103 0.428299
35093 0.334574
35093 0.49317
35092 0.351011
35092 0.450308
35092 0.57261
35086 0.579078
35074 0.345884
35034 0.432764
35031 0.330284
35005 0.481815
34987 0.357737
34986 0.481541
34982 0.32548
34951 0.434112
34908 0.352928
34888 0.595487
34847 0.487133
34809 0.450553
34787 0.340925
34782 0.550098
34779 0.3251
34779 0.42091
34779 0.341468
34779 0.426413
34779 0.349638
34779 0.430571
34771 0.339625
34771 0.541286
34733 0.40088
34698 0.442493
34698 0.328996
34690 0.437562
34690 0.373952
34673 0.45577
34668 0.352381
34668 0.471359
34668 0.350227
34655 0.445351
34641 0.338991
34641 0.638792
34641 0.330918
34640 0.412492
34638 0.317863
34638 0.421502
34638 0.392492
34628 0.546276
34628 0.326702
34608 0.424523
34604 0.314605
34604 0.392136
34588 0.360098
34559 0.517899
34543 0.35062
34543 0.739568
34506 0.486399
34506 0.49272
34469 0.394802
34469 0.40763
34453 0.30893
34453 0.409613
34453 0.396509
34453 0.413909
34453 0.368013
34448 0.48567
34426 0.342418
34414 0.436269
34387 0.361712
34350 0.442619
34335 0.35217
34328 0.446441
34328 4.517678
34328 0.485322
34328 0.294787
34323 0.388453
34303 0.295483
34303 0.407842
34303 0.353812
34269 0.511797
34269 0.423331
34269 0.473282
34269 0.307254
34253 0.52801
34227 0.318331
34227 0.309486
34197 0.260831
34197 0.274805
34115 0.333015
34115 0.259862
34115 0.253086
34115 0.250854
34064 0.254633
34058 0.256627
34050 0.273663
34010 0.266652
33983 0.293872
33983 0.258452
33950 0.255709
33914 0.256743
33884 0.276557
33884 0.271644
33884 0.292735
33878 0.265408
33878 0.261362
33878 0.258729
33861 0.255304
33852 0.268794
33829 0.265157
33818 0.262112
33810 0.353878
33786 0.26261
33726 0.256056
33726 0.256243
33726 0.295015
33714 0.266591
33701 0.272577
33701 0.283671
33685 0.265097
33679 0.257674
33679 0.279339
33679 0.270131
33679 0.261499
33679 0.262211
33670 0.272583
33670 0.272122
33670 0.283193
33617 0.262094
33588 0.264214
33588 0.269934
33585 0.260632
33585 0.284396
33578 0.275941
33578 0.274198
33568 0.308786
33568 0.310932
33568 0.296521
33552 0.281237
33545 0.274716
33545 0.252571
33545 0.264615
33539 0.272344
33510 0.25668
33508 0.266519
33508 0.271658
33486 0.271105
33486 0.271059
33479 0.254783
33479 0.280279
33444 0.321866
33444 0.293374
33444 0.286835
33444 0.262593
33444 0.300701
33425 0.262114
33425 0.267778
33425 0.256082
33420 0.255382
33410 0.259131
33410 0.258553
33410 0.272547
33390 0.253068
33390 0.248881
33344 0.261625
33344 0.262485
33324 0.26123
33324 0.263657
33283 0.278326
33273 0.257567
33207 0.285463
33207 0.319253
33207 0.275597
33207 0.291467
33202 0.266124
33202 0.260548
33147 0.262462
33147 0.260708
33093 0.252664
33083 0.261876
33083 0.246567
33057 0.250968
33050 0.246491
33026 0.243554
33010 0.248244
33010 0.24907
33010 0.259422
33010 0.251545
33010 0.247295
33010 0.245717
32938 0.350479
32938 0.279186
32928 0.260468
32887 0.258379
32887 0.275915
32887 0.254695
32868 0.2533
32808 0.295568
32796 0.284032
32791 0.288189
32791 0.330236
32791 0.314372
32791 0.26896
32791 0.263085
32740 0.25696
32732 0.254088
32727 0.26214
32705 0.255593
32705 0.260228
32705 0.263008
32705 0.264443
32666 0.254957
32666 0.258234
32666 0.253226
32643 0.251459
32637 0.258172
32619 0.304225
32579 0.271578
32579 0.259322
32579 0.262353
32554 0.257545
32535 0.260786
32532 0.267437
32522 0.264696
32487 0.263491
32487 0.269044
32487 0.258851
32487 0.251131
32487 0.365641
32487 0.273301
32487 0.263986
32463 0.255807
32463 0.269161
32447 0.264618
32429 0.2728
32429 0.251588
32429 0.272687
32426 0.267915
32412 0.264897
32399 0.261817
32363 0.305308
32360 0.26978
32357 0.261527
32357 0.302481
32330 0.312684
32319 0.300322
32319 0.295338
32319 0.26652
32319 0.278202
32308 0.280004
32308 0.261956
32308 0.262643
32308 0.261888
32308 0.264402
32308 0.254841
32308 0.273087
32308 0.261929
32308 0.262918
32308 0.394437
32250 0.312713
32239 0.283422
32220 0.301295
32220 0.330648
32200 0.319861
32188 0.298343
32188 0.265148
32179 0.262378
32129 0.263237
32129 0.266079
32116 0.272923
32099 0.293198
32099 0.253306
32099 0.254053
32099 0.262634
32081 0.250929
32068 0.251903
32058 0.254248
32058 0.250425
32058 0.260299
32058 0.254575
32058 0.25628
32011 0.256538
32011 0.259867
32011 0.296934
32011 0.32771
31929 0.259426
31929 0.275202
31929 0.254712
31929 0.254413
31921 0.263554
31905 0.251881
31905 0.251485
31905 0.24879
31899 0.248749
31870 0.246381
31870 0.253133
31831 0.249312
31784 0.242746
31784 0.246365
31738 0.254741
31690 0.259229
31671 0.258639
31614 0.256588
31614 0.263453
31614 0.268789
31614 0.25629
31596 0.254345
31595 0.25451
31595 0.252993
31595 0.254588
31579 0.270725
31564 0.421582
31563 0.268998
31490 0.264025
31490 0.256375
31490 0.255988
31473 0.28002
31473 0.266134
31473 0.284486
31461 0.338929
31430 0.279977
31411 0.255715
31411 0.334097
31411 0.361033
31409 0.352331
31395 0.286604
31385 0.263192
31385 0.254964
31385 0.254251
31385 0.268242
31378 0.253284
31378 0.268727
31378 0.251973
31372 0.287478
31372 0.301335
31372 0.258526
31372 0.256618
31343 0.253076
31343 0.271199
31343 0.276316
31343 0.257076
31331 0.276933
31323 0.274299
31323 0.268298
31323 0.280444
31314 0.256379
31314 0.294994
31275 0.344861
31275 0.378701
31238 0.267748
31238 0.263281
31238 0.316767
31238 0.273911
31236 0.268515
31236 0.28177
31236 0.275526
31183 0.28319
31183 0.294807
31183 0.309375
31178 0.321363
31178 0.279727
31147 0.283175
31147 0.269339
31147 0.287368
31142 0.429611
31121 0.306207
31121 0.285272
31121 0.307234
31088 0.270992
31087 0.274856
31087 0.265796
31081 0.281589
31080 0.272681
31071 0.347211
31029 0.397886
30982 0.409359
30982 0.322936
30982 0.412829
30978 0.358723
30978 0.302701
30971 0.326124
30971 0.303524
30971 0.264904
30971 0.260256
30971 0.278142
30971 0.326213
30971 0.258644
30937 0.262183
30932 0.352049
30922 0.290434
30922 0.262249
30915 0.322013
30908 0.278703
30877 0.257681
30877 0.25506
30877 0.260588
30877 0.255142
30877 0.255292
30877 0.263211
30863 0.257538
30855 0.27039
30844 0.274689
30841 0.257661
30841 0.256011
30841 0.249717
30833 0.250726
30816 0.252512
30815 0.256973
30773 0.248319
30773 0.259373
30773 0.318434
30773 0.271023
30773 0.256774
30747 0.257169
30732 0.270334
30732 0.265951
30729 0.270055
30725 0.249874
30722 0.253054
30680 0.25963
30680 0.253659
30662 0.253621
30652 0.264044
30652 0.253202
30645 0.25703
30603 0.252631
30593 0.255973
30593 0.267015
30593 0.262692
30577 0.261887
30577 0.41427
30577 0.271452
30577 0.259576
30577 0.257684
30577 0.257423
30577 0.372039
30577 0.266424
30577 0.296601
30577 0.264288
30577 0.258673
30577 0.258295
30577 0.257233
30573 0.279071
30558 0.294359
30558 0.297373
30540 0.263272
30532 0.279111
30529 0.256526
30522 0.262108
30510 0.255666
30510 0.266585
30510 0.286035
30510 0.279565
30510 0.316777
30510 0.28117
30497 0.279555
30431 0.291719
30429 0.295783
30429 0.276061
30407 0.283427
30407 0.288869
30396 0.27601
30396 0.277848
30396 0.281513
30396 0.271366
30396 0.293516
30396 0.287946
30396 0.30625
30396 0.290967
30385 0.340095
30341 0.291893
30341 0.284904
30341 0.280585
30341 0.283848
30315 0.279279
30315 0.277288
30315 0.284414
30293 0.278918
30293 0.278058
30277 0.273935
30268 0.282708
30268 0.285286
30268 0.279243
30249 0.288701
30249 0.284107
30249 0.320897
30249 0.293505
30249 0.289364
30249 0.378447
30242 0.334257
30234 0.280686
30234 0.300039
30234 0.370995
30228 0.281278
30224 0.283809
30224 0.280146
30213 0.279523
30208 0.280018
30199 0.294018
30199 0.287309
30199 0.28371
30199 0.276793
30133 0.285055
30127 0.322602
30127 0.281299
30127 0.35269
30127 0.302195
30127 0.282901
30127 0.285394
30127 0.278339
30114 0.282075
30092 0.283829
30084 0.290578
30076 0.281302
30060 0.288029
30060 0.283819
30044 0.284935
30044 0.286149
30044 0.282695
30018 0.275498
29970 0.274996
29970 0.334688
29959 0.285906
29942 0.280066
29913 0.280049
29913 0.283751
29913 0.280391
29913 0.288093
29896 0.274538
29870 0.286627
29850 0.280278
29841 0.282645
29815 0.282145
29810 0.27976
29752 0.280391
29734 0.281743
29709 0.280289
29709 0.284886
29709 0.280258
29697 0.357787
29697 0.299332
29666 0.292425
29666 0.293535
29666 0.296945
29662 0.531517
29662 0.362718
29660 0.297941
29636 0.277531
29634 0.352096
29620 0.29674
29612 0.294583
29579 0.277262
29579 0.28571
29569 0.366679
29556 0.425389
29530 0.28042
29523 0.279157
29473 0.279962
29473 0.284817
29473 0.294493
29473 0.279864
29473 0.294309
29464 0.275303
29463 0.290223
29463 0.295919
29463 0.285045
29463 0.296529
29463 0.297347
29463 0.272085
29448 0.267936
29448 0.26607
29448 0.266243
29400 0.273467
29400 0.274194
29391 0.291324
29391 0.286827
29391 0.274557
29359 0.273108
29359 0.274603
29359 0.274301
29349 0.273279
29349 0.273154
29349 0.329556
29349 0.287509
29349 0.288246
29345 0.287015
29345 0.283941
29345 0.273948
29334 0.290676
29333 0.278514
29333 0.27711
29333 0.287649
29333 0.284377
29327 0.275735
29327 0.277488
29306 0.268896
29306 0.278522
29306 0.269677
29281 0.274134
29281 0.279788
29281 0.461197
29281 0.323848
29281 0.282729
29281 0.281675
29281 0.276988
29278 0.293969
29278 0.277001
29278 0.275328
29278 0.275656
29278 0.272812
29276 0.28576
29276 0.274442
29276 0.281215
29272 0.28471
29272 0.277602
29272 0.28114
29272 0.273811
29272 0.278404
29272 0.388111
29268 0.288541
29268 0.296024
29262 0.289752
29262 0.302036
29262 0.305795
29262 0.287169
29262 0.294388
29262 0.276683
29262 0.270983
29262 0.278405
29262 0.271637
29262 0.271251
29213 0.279318
29213 0.277058
29213 0.302846
29212 0.282135
29212 0.289565
29204 0.331195
29204 0.301912
29204 0.321184
29183 0.288244
29176 0.279027
29176 0.289497
29176 0.276909
29170 0.284001
29170 0.27508
29170 0.271244
29144 0.276879
29144 0.273912
29144 0.270121
29144 0.270004
29115 0.286508
29115 0.281771
29115 0.281086
29113 0.27791
29113 0.280732
29100 0.307979
29100 0.295889
29100 0.309697
29063 0.291797
29063 0.284671
29063 0.282755
29060 0.278263
28975 0.324682
28929 0.290513
28929 0.278501
28929 0.273638
28929 0.283256
28922 0.283066
28920 0.278601
28898 0.28075
28898 0.280827
28894 0.285288
28894 0.284205
28885 0.35292
28867 0.288511
28857 0.282421
28853 0.300235
28853 0.282683
28840 0.280143
28840 0.278177
28840 0.276567
28790 0.289613
28790 0.278194
28790 0.278357
28790 0.276892
28720 0.280504
28720 0.281193
28719 0.279283
28719 0.281906
28719 0.307511
28718 0.315221
28623 0.308846
28595 0.280654
28595 0.287332
28595 0.276291
28570 0.273113
28570 0.288529
28551 0.275772
28551 0.274931
28551 0.269688
28551 0.274924
28551 0.270402
28551 0.269639
28551 0.272147
28551 0.276375
28546 0.324221
28546 0.272404
28539 0.293089
28539 0.285784
28539 0.289413
28490 0.289724
28450 0.297212
28444 0.280898
28436 0.282264
28429 0.279869
28416 0.282755
28393 0.273248
28388 0.274367
28381 0.276651
28368 0.280969
28368 0.277281
28340 0.278834
28340 0.282327
28340 0.294544
28340 0.341045
28340 0.284915
28302 0.301142
28302 0.312621
28302 0.336476
28302 0.280195
28302 0.296809
28279 0.275355
28276 0.280186
28249 0.287934
28249 0.287915
28249 0.285257
28249 0.28141
28249 0.286262
28223 0.285971
28198 0.288091
28198 0.296335
28186 0.294127
28178 0.347946
28178 0.281382
28169 0.282083
28169 0.283597
28169 0.330794
28169 0.280817
28138 0.284712
28107 0.2942
28107 0.285895
28087 0.284963
28087 0.286447
28087 0.280617
28087 0.30266
28080 0.289651
28068 0.279982
28068 0.30083
28068 0.278803
28068 0.287001
28068 0.281962
28068 0.283322
28068 0.275751
28060 0.275523
28060 0.349233
28045 0.294616
28045 0.280302
28036 0.288814
28036 0.282008
27992 0.291261
27992 0.287818
27991 0.282379
27991 0.29445
27991 0.284356
27990 0.293128
27982 0.277169
27961 0.277241
27959 0.280865
27959 0.27925
27959 0.297048
27959 0.38086
27959 0.392897
27935 0.319271
27914 0.304265
27908 0.291674
27908 0.299268
27908 0.293308
27908 0.312658
27908 0.314922
27908 0.318896
27908 0.287235
27908 0.284603
27906 0.286241
27906 0.293075
27838 0.288999
27762 0.307563
27762 0.29406
27726 0.291937
27706 0.295647
27706 0.359648
27706 0.290909
27706 0.292292
27706 0.427439
27698 0.426545
27687 0.389072
27687 0.32919
27687 0.318173
27680 0.309186
27671 0.296704
27651 0.301878
27651 0.30116
27651 0.294191
27638 0.296821
27638 0.292536
27638 0.373681
27638 0.313771
27638 0.316792
27577 0.305415
27565 0.31361
27481 0.341479
27458 0.300823
27458 0.309682
27458 0.301141
27443 0.375415
27443 0.368549
27443 0.316885
27443 0.306744
27411 0.322762
27402 0.414695
27402 0.461669
27402 0.348164
27383 0.330793
27358 0.286106
27358 0.308863
27355 0.294059
27355 0.325604
27330 0.30687
27330 0.352974
27300 0.343518
27295 0.328402
27295 0.319853
27295 0.298372
27295 0.30187
27280 0.285373
27280 0.292118
27280 0.287914
27280 0.302006
27280 0.3183
27238 0.301194
27238 0.278915
27219 0.277855
27219 0.275501
27219 0.277296
