8843 2.596322
8843 0.539614
8816 0.380419
8816 0.310237
8809 0.281099
8805 0.26094
8738 0.256627
8716 0.249036
8716 0.368103
8706 0.212322
8706 0.269951
8685 0.217624
8685 0.252939
8640 0.26015
8625 0.258407
8611 0.253726
8611 0.213493
8603 0.146232
8603 0.143115
8598 0.141471
8598 0.141219
8598 0.140934
8598 0.139849
8537 0.142456
8537 0.142979
8497 0.151037
8490 0.148518
8490 0.195724
8442 0.215334
8442 0.156177
8420 0.142256
8420 0.144698
8420 0.148617
8417 0.236636
8412 0.239909
8406 0.281159
8391 0.238492
8373 0.228532
8373 0.241257
8365 0.233526
8328 0.23064
8323 0.252658
8267 0.180942
8253 0.151954
8253 0.142572
8253 0.144484
8253 0.149453
8233 0.149177
8220 0.146041
8220 0.157161
8220 0.151537
8220 0.147646
8219 0.149062
8209 0.152779
8160 0.164981
8160 0.140917
8160 0.134905
8159 0.198636
8159 0.24151
8159 0.253195
8159 0.166984
8159 0.142454
8159 0.141539
8130 0.246467
8115 0.3285
8114 0.176239
8108 0.157894
8108 0.160759
8108 0.168626
8108 0.226608
8086 0.159543
8086 0.160845
8086 0.152981
8086 0.244582
8085 0.096961
8085 0.074207
8073 0.10047
8073 0.125837
8073 0.199611
8055 0.07368
8038 0.069683
8038 0.180449
8018 0.103671
8018 0.077829
8018 0.0696
7995 0.07704
7957 0.073865
7957 0.08382
7957 0.078326
7911 0.139336
7905 0.190431
7904 0.105767
7904 0.100465
7903 0.120924
7903 0.082905
7903 0.092034
7903 0.094161
7895 0.232828
7895 0.129318
7895 0.14648
7895 0.075919
7875 0.071794
7867 0.070769
7867 0.069991
7867 0.068808
7815 0.134053
7811 0.070874
7770 0.072583
7770 0.072186
7770 0.071015
7761 0.075986
7753 0.074324
7745 0.075377
7745 0.138776
7700 0.073118
7672 0.075814
7672 0.078065
7672 0.075445
7672 0.075869
7672 0.103294
7672 0.082714
7672 0.22217
7672 0.103961
7672 0.087612
7672 0.089464
7672 0.081887
7657 0.0696
7651 0.074345
7651 0.071888
7644 0.234787
7628 0.123135
7605 0.107323
7605 0.106081
7596 0.10977
7591 0.073554
7584 0.072627
7584 0.07043
7573 0.13677
7573 0.070996
7520 0.068806
7520 0.065931
7520 0.12948
7520 0.106074
7520 0.112872
7515 0.096182
7515 0.193105
7515 0.097128
7515 0.096298
7452 0.10513
7452 0.096937
7416 0.093388
7396 0.10341
7396 0.116633
7396 0.21094
7396 0.074267
7347 0.067873
7342 0.066405
7333 0.064433
7329 0.067423
7326 0.065893
7320 0.068161
7267 0.128267
7267 0.071258
7263 0.069383
7263 0.066833
7263 0.065811
7253 0.066968
7253 0.067741
7252 0.068179
7252 0.127523
7252 0.093639
7251 0.069954
7251 0.068
7251 0.069139
7251 0.074753
7251 0.065763
7251 0.082035
7250 0.198358
7250 0.066333
7245 0.062774
7242 0.066418
7242 0.073077
7227 0.10688
7227 0.102961
7218 0.107322
7218 0.211567
7218 0.106643
7218 0.160715
7217 0.101346
7183 0.104937
7183 0.094342
7183 0.07537
7183 0.092791
7170 0.198262
7170 0.103717
7161 0.108712
7136 0.176788
7119 0.13464
7104 0.112813
7103 0.116809
7103 0.073854
7103 0.13741
7098 0.072903
7087 0.072171
7087 0.071349
7067 0.070601
7067 0.069095
7041 0.067895
7041 0.067033
7030 0.134302
7030 0.068475
7030 0.064302
7030 0.063224
7030 0.06168
7030 0.061741
7030 0.064922
6993 0.067626
6993 0.18081
6993 0.07183
6993 0.065179
6987 0.081998
6959 0.106098
6959 0.100601
6959 0.09577
6929 0.068009
6926 0.135696
6896 0.066372
6877 0.066136
6843 0.066393
6843 0.075915
6843 0.06729
6843 0.065816
6843 0.092996
6820 0.187779
6820 0.107832
6820 0.103815
6814 0.102345
6811 0.096936
6811 0.101362
6811 0.102602
6811 0.110009
6799 0.228404
6769 0.116783
6769 0.104868
6769 0.106294
6724 0.178623
6724 0.104689
6707 0.089612
6687 0.075672
6644 0.148871
6640 0.075084
6640 0.068893
6633 0.069985
6629 0.068722
6620 0.069462
6615 0.101461
6615 0.097756
6592 0.150527
6591 0.071397
6591 0.067609
6582 0.068936
6573 0.067357
6573 0.067478
6573 0.076807
6564 0.072265
6558 0.140448
6558 0.15491
6532 0.075492
6509 0.073297
6509 0.07238
6509 0.072718
6509 0.070372
6509 0.071183
6503 0.15355
6486 0.073028
6486 0.082271
6424 0.071305
6401 0.06967
6401 0.070464
6376 0.069236
6376 0.070754
6376 0.133569
6376 0.069312
6376 0.078766
6376 0.068228
6376 0.065365
6361 0.068679
6349 0.072312
6349 0.073072
6349 0.147709
6349 0.075908
6299 0.070976
6299 0.072113
6299 0.067224
6291 0.069751
6291 0.067862
6279 0.069185
6279 0.128159
6248 0.070593
6248 0.071525
6248 0.072373
6248 0.068099
6248 0.066946
6220 0.068391
6220 0.068328
6220 0.139113
6219 0.073626
6199 0.071011
6199 0.07571
6199 0.067572
6199 0.0678
6196 0.065512
6191 0.06639
6191 0.227807
6174 0.091722
6174 0.079418
6168 0.093372
6158 0.073061
6122 0.090543
6122 0.101219
6122 0.090678
6114 0.227256
6079 0.088017
6046 0.072547
6026 0.068619
6016 0.068368
6014 0.068089
6014 0.0679
6014 0.069767
6012 0.142362
6010 0.07671
6010 0.074261
6009 0.078773
6008 0.091741
6008 0.076203
6008 0.079858
6008 0.070354
6008 0.164153
6006 0.074823
6006 0.073038
6006 0.069973
6006 0.137578
6006 0.130112
6006 0.116882
6006 0.099196
6006 0.165177
6005 0.070681
5999 0.069722
5999 0.072455
5999 0.071392
5999 0.071298
5989 0.071208
5978 0.074468
5978 0.353046
5977 0.1108
5973 0.120413
5973 0.130642
5972 0.10485
5972 0.072012
5964 0.072548
5964 0.078543
5961 0.159065
5961 0.071775
5961 0.073737
5949 0.071026
5921 0.112175
5921 0.141244
5921 0.100919
5891 0.110564
5891 0.188167
5891 0.10084
5891 0.097415
5856 0.077506
5856 0.069519
5856 0.068863
5856 0.073336
5856 0.068479
5856 0.151631
5856 0.07096
5856 0.06781
5856 0.076627
5856 0.068597
5854 0.070581
5854 0.072519
5854 0.078705
5839 0.222765
5821 0.112035
5808 0.100796
5782 0.096504
5782 0.101933
5780 0.103406
5780 0.103027
5750 0.108428
5750 0.217438
5750 0.10817
5750 0.104024
5736 0.096176
5727 0.097084
5727 0.104012
5727 0.095927
5727 0.098635
5727 0.2338
5712 0.080496
5712 0.075916
5712 0.080515
5712 0.086945
5712 0.094563
5712 0.07132
5694 0.088523
5673 0.206123
5673 0.109167
5668 0.102347
5657 0.099414
5657 0.146765
5637 0.085708
5631 0.094455
5631 0.102858
5629 0.279473
5624 0.103524
5624 0.082548
5624 0.071608
5624 0.067988
5624 0.068546
5600 0.075959
5590 0.071781
5590 0.148864
5590 0.090557
5590 0.083091
5562 0.076528
5562 0.08373
5562 0.070125
5562 0.067766
5562 0.067404
5551 0.186212
5551 0.081347
5548 0.084692
5548 0.094623
5548 0.100598
5537 0.090607
5537 0.086986
5537 0.091047
5537 0.238346
5537 0.08725
5537 0.095532
5537 0.1371
5537 0.100057
5537 0.112516
5532 0.099825
5532 0.149795
5524 0.29566
5524 0.106711
5524 0.600905
5524 0.119734
5515 0.109623
5509 0.113397
5509 0.107802
5509 0.112138
5509 0.231172
5498 0.11224
5498 0.109649
5497 0.115162
5476 0.129587
5476 0.105559
5474 0.102452
5451 0.099194
5451 0.218554
5451 0.100924
5438 0.099367
5438 0.101849
5427 0.09152
5427 0.164035
5427 0.108384
5427 0.095773
5427 0.218538
5421 0.085714
5421 0.069844
5421 0.111624
5421 0.16364
5413 0.135355
5413 0.096128
5413 0.096683
5406 0.224885
5406 0.100738
5406 0.092401
5406 0.09988
5379 0.097506
5379 0.139526
5379 0.106766
5363 0.099439
5363 0.193267
5302 0.094037
5302 0.101131
5302 0.1046
5302 0.093222
5302 0.0999
5302 0.094229
5302 0.0973
5302 0.18064
5302 0.095056
5302 0.090789
5302 0.093042
5302 0.095785
5284 0.098593
5284 0.095907
5283 0.094276
5283 0.231832
5283 0.074421
5271 0.097724
5271 0.095407
5271 0.079255
5271 0.097626
5271 0.098122
5267 0.122572
5267 0.194398
5195 0.102787
5195 0.1001
5195 0.101421
5195 0.101546
5195 0.100856
5195 0.087949
5195 0.096403
5195 0.205886
5195 0.102364
5195 0.104473
5195 0.07338
5195 0.07479
5195 0.070312
5195 0.136036
5195 0.082315
5195 0.14292
5186 0.070922
5186 0.069587
5186 0.068151
5186 0.067733
5186 0.069073
5186 0.06836
5186 0.092178
5186 0.252049
5179 0.140277
5179 0.105332
5174 0.117411
5155 0.100711
5155 0.11708
5155 0.107002
5146 0.080589
5146 0.183029
5108 0.067871
5108 0.063888
5108 0.096193
5103 0.098649
5096 0.079791
5096 0.09959
5062 0.067209
5060 0.186107
5060 0.093173
5060 0.091215
5055 0.074937
5055 0.069602
5055 0.065213
5050 0.076118
5050 0.10476
5050 0.208231
5050 0.09129
5050 0.066828
5050 0.065721
5050 0.067701
5050 0.06916
5050 0.066385
5050 0.064466
5050 0.172631
5050 0.067521
5050 0.067684
5050 0.072695
5050 0.087605
5050 0.074361
5050 0.091992
5039 0.107267
5039 0.250439
5031 0.109309
5022 0.10285
4999 0.097111
4999 0.101116
4999 0.088608
4999 0.091896
4973 0.128725
4973 0.205043
4962 0.072551
4962 0.070785
4962 0.067681
4962 0.068564
4962 0.068356
4962 0.064623
4962 0.115144
4962 0.193844
4962 0.093042
4958 0.089088
4941 0.081282
4941 0.088485
4941 0.100288
4941 0.100561
4934 0.102861
4934 0.245789
4934 0.099098
4934 0.092196
4919 0.10185
4918 0.097861
4918 0.115147
4918 0.143718
4914 0.112446
4914 0.264171
4879 0.102201
4869 0.099297
4869 0.092514
4869 0.10205
4869 0.128167
4869 0.121391
4869 0.101822
4869 0.288448
4840 0.074569
4840 0.069507
4820 0.070133
4817 0.072291
4817 0.094029
4817 0.100283
4817 0.103069
4817 0.222791
4817 0.096598
4804 0.093716
4801 0.095585
4801 0.097631
4794 0.083377
4794 0.081451
4789 0.090546
4789 0.167912
4789 0.066981
4789 0.06802
4785 0.067004
4785 0.067393
4767 0.069329
4767 0.071369
4765 0.112731
4765 0.222549
4765 0.107983
4765 0.09517
4765 0.101463
4765 0.107765
4763 0.103058
4749 0.097468
4749 0.099793
4744 0.235064
4744 0.105051
4744 0.104329
4731 0.11636
4731 0.100422
4731 0.096306
4731 0.110584
4730 0.106694
4730 0.233021
4728 0.096167
4723 0.101946
4723 0.100771
4723 0.096979
4699 0.134705
4699 0.105424
4699 0.092079
4699 0.229408
4699 0.083987
4699 0.067475
4699 0.066508
4699 0.067383
4699 0.065799
4699 0.065229
4699 0.070791
4688 0.162711
4680 0.06932
4680 0.067061
4667 0.067702
4664 0.067105
4660 0.06813
4660 0.084015
4642 0.094772
4642 0.248566
4642 0.068782
4642 0.066174
4642 0.064693
4634 0.066564
4632 0.06862
4618 0.065878
4618 0.065679
4616 0.155556
4609 0.112646
4609 0.098639
4599 0.097376
4599 0.111402
4599 0.103521
4599 0.103447
4594 0.104856
4594 0.223037
4586 0.101647
4579 0.09678
4579 0.095881
4579 0.099309
4579 0.076762
4579 0.092407
4579 0.100686
4558 0.264952
4558 0.094209
4558 0.083686
4558 0.095409
4558 0.093859
4541 0.13084
4541 0.103808
4541 0.089587
4541 0.158436
4541 0.069821
4541 0.070633
4541 0.096188
4541 0.102715
4539 0.075955
4539 0.095873
4539 0.071583
4524 0.175486
4503 0.077784
4478 0.094636
4478 0.085618
4478 0.095425
4459 0.092208
4459 0.108101
4459 0.092112
4459 0.186869
4459 0.070104
4452 0.064721
4450 0.081255
4450 0.106434
4450 0.101085
4449 0.089945
4449 0.092764
4449 0.216285
4449 0.103905
4417 0.123214
4417 0.097527
4417 0.147032
4417 0.097462
4417 0.093793
4417 0.113765
4417 0.193799
4417 0.068627
4417 0.066397
4417 0.063939
4417 0.091352
4405 0.086929
4405 0.094766
4405 0.150691
4405 0.215786
4405 0.114726
4405 0.104565
4405 0.089218
4405 0.091049
4404 0.09272
4404 0.178882
4404 0.086511
4404 0.21064
4404 0.090077
4404 0.097581
4404 0.093136
4404 0.092462
4404 0.093009
4404 0.10209
4398 0.11711
4394 0.246339
4394 0.062085
4394 0.072357
4394 0.090126
4394 0.060948
4394 0.06579
4394 0.093104
4394 0.086887
4394 0.184623
4394 0.092231
4394 0.070145
4382 0.06055
4382 0.059882
4382 0.061735
4382 0.061038
4379 0.06662
4379 0.140039
4379 0.08534
4379 0.091681
4379 0.088367
4379 0.077858
4379 0.076707
4379 0.065515
4379 0.063669
4379 0.172372
4379 0.083784
4379 0.068107
4379 0.087183
4379 0.090967
4371 0.092422
4371 0.081617
4371 0.063772
4371 0.165275
4371 0.066304
4363 0.067247
4363 0.068193
4363 0.170208
4363 0.108876
4363 0.08354
4363 0.065236
4363 0.18182
4363 0.094137
4363 0.062041
4363 0.060619
4360 0.060316
4360 0.059455
4355 0.061142
4355 0.062593
4352 0.147595
4352 0.065945
4352 0.064892
4352 0.063608
4343 0.064477
4337 0.06842
4334 0.068151
4334 0.067427
4334 0.184728
4320 0.066419
4320 0.062274
4320 0.062664
4320 0.065431
4320 0.092422
4320 0.066602
4320 0.063283
4316 0.146345
4316 0.066259
4316 0.066428
4316 0.062712
4316 0.060293
4316 0.066948
4316 0.060255
4316 0.058788
4308 0.132647
4305 0.070472
4298 0.065966
4267 0.067139
4267 0.066435
4267 0.064407
4267 0.063294
4267 0.064221
4267 0.129929
4267 0.062088
4267 0.060186
4262 0.059779
4262 0.058797
4255 0.062611
4255 0.063343
4255 0.062851
4240 0.124212
4240 0.077087
4240 0.103147
4240 0.104608
4240 0.083526
4240 0.075819
4240 0.064749
4240 0.062371
4239 0.145677
4239 0.06126
4239 0.082584
4239 0.090619
4239 0.068675
4239 0.066367
4239 0.078427
4239 0.063016
4239 0.193366
4239 0.06812
4239 0.061089
4217 0.093549
4217 0.08668
4217 0.072859
4210 0.063647
4205 0.065218
4191 0.173847
4167 0.09792
4167 0.084733
4167 0.064357
4167 0.063242
4167 0.062297
4166 0.06
4166 0.060481
4166 0.144341
4166 0.060796
4166 0.094863
4160 0.152028
4160 0.0955
4160 0.087718
4160 0.059748
4160 0.057789
4160 0.056914
4160 0.056618
4160 0.054625
4160 0.059071
4160 0.053755
4160 0.053491
4160 0.050851
4160 0.050656
4160 0.060492
4157 0.052499
4157 0.051074
4157 0.050756
4132 0.049215
4124 0.050467
4124 0.048268
4124 0.04848
4124 0.050492
4123 0.051757
4119 0.053428
4118 0.07228
4118 0.063072
4118 0.056052
4118 0.060708
4118 0.077746
4118 0.07278
4118 0.06104
4118 0.052847
4118 0.052622
4118 0.052226
4118 0.053704
4118 0.059091
4118 0.060437
4118 0.058977
4116 0.076055
4104 0.059642
4104 0.061684
4104 0.123159
4104 0.098679
4104 0.084137
4104 0.270196
4104 0.083705
4104 0.120004
4104 0.069146
4104 0.057992
4104 0.056428
4092 0.053827
4092 0.054537
4092 0.053963
4049 0.069641
4049 0.094932
4049 0.077812
4049 0.094603
4049 0.067043
4049 0.056461
4036 0.063871
4036 0.08199
4036 0.060921
4036 0.06816
4031 0.067745
4010 0.065828
4010 0.054985
4010 0.054077
3976 0.062484
3975 0.067009
3975 0.057369
3975 0.064404
3975 0.054695
3970 0.056787
3970 0.055527
3970 0.055236
3955 0.055968
3955 0.055022
3955 0.058857
3945 0.0549
3945 0.063978
3945 0.054471
3945 0.057056
3938 0.058039
3938 0.057945
3936 0.05607
3936 0.144701
3933 0.088571
3910 0.088207
3910 0.093849
3890 0.075166
3890 0.069778
3878 0.059919
3878 0.058576
3862 0.137096
3851 0.089808
3851 0.123958
3851 0.051584
3851 0.052377
3851 0.050358
3851 0.049671
3851 0.05152
3851 0.123425
3851 0.117615
3851 0.086045
3844 0.05423
3844 0.054159
3844 0.053521
3844 0.083305
3844 0.090371
