2017 1.573083
2017 0.256676
1967 0.388827
1933 0.151661
1924 0.160075
1913 0.218649
1909 0.120479
1894 0.130937
1894 0.133261
1891 0.132092
1882 0.126893
1868 0.136601
1868 0.14329
1847 0.087384
1842 0.085981
1804 0.079803
1804 0.082009
1804 0.071817
1797 0.070359
1785 0.064379
1785 0.055444
1785 0.053892
1779 0.055366
1769 0.075125
1739 0.077502
1709 0.075195
1709 0.060042
1696 0.048669
1668 0.078328
1668 0.07965
1660 0.058745
1660 0.046426
1658 0.04456
1658 0.044388
1636 0.044878
1636 0.042905
1636 0.045937
1591 0.044763
1568 0.045131
1546 0.045986
1531 0.051955
1522 0.057793
1522 0.091721
1522 0.075356
1512 0.086206
1512 0.07563
1495 0.08382
1490 0.595402
1490 0.065405
1422 0.047778
1422 0.068854
1409 0.072421
1409 0.089233
1399 0.070454
1399 0.07856
1399 0.069435
1384 0.061094
1378 0.048641
1364 0.069545
1358 0.094282
1357 0.07744
1357 0.074334
1357 0.070019
1332 0.059235
1332 0.075281
1332 0.091475
1332 0.046709
1332 0.050683
1311 0.045875
1311 0.080819
1311 0.047873
1311 0.041551
1311 0.041478
1311 0.041292
1311 0.042046
1311 0.041503
1297 0.043608
1292 0.055786
1284 0.047456
1284 0.044132
1284 0.045182
1284 0.044903
1284 0.047459
1284 0.044583
1284 0.051272
1284 0.080897
1284 0.08043
1281 0.074794
1281 0.07348
1273 0.07659
1273 0.112044
1241 0.110661
1241 0.078585
1241 0.096042
1241 0.106925
1241 0.06735
1241 0.070487
1241 0.077136
1241 0.3878
1236 0.051131
1236 0.066154
1236 0.044206
1236 0.044995
1236 0.041662
1236 0.047062
1236 0.038053
1228 0.035621
1228 0.035572
1217 0.038802
1217 0.035764
1217 0.056851
1217 0.036422
1217 0.0338
1217 0.036854
1216 0.035649
1216 0.034298
1216 0.037581
1216 0.034073
1216 0.035225
1216 0.033645
1216 0.034346
1216 0.035943
1216 0.033948
1195 0.034964
1195 0.037529
1195 0.035106
1194 0.035781
1194 0.04255
1187 0.045426
1185 0.038781
1172 0.070793
1167 0.062434
1167 0.065263
1167 0.06515
1167 0.063863
1167 0.067142
1167 0.062522
1167 0.064429
1167 0.059603
1160 0.063446
1160 0.061431
1160 0.062042
1160 0.060324
1160 0.064296
1160 0.081995
1160 0.044436
1160 0.029817
1160 0.029908
1159 0.031609
1158 0.029268
1136 0.031116
1136 0.029509
1136 0.028454
1136 0.029452
1136 0.030456
1121 0.029559
1121 0.031018
1115 0.030282
1115 0.030491
1106 0.028976
1106 0.030625
1106 0.030372
1100 0.028536
1100 0.031631
1100 0.030396
1100 0.028085
1098 0.030143
1098 0.024983
1098 0.019089
1084 0.017149
1070 0.018422
1070 0.017515
1067 0.020042
1064 0.017701
1064 0.017366
1064 0.017742
1064 0.017136
1064 0.016945
1064 0.015793
1064 0.016525
1064 0.016463
1055 0.017006
1055 0.018885
1055 0.017787
1052 0.019851
1052 0.024414
1052 0.059714
1052 0.032958
1052 0.033531
1044 0.032344
1044 0.027726
1041 0.034108
1041 0.030586
1041 0.028684
1041 0.028273
1023 0.033624
1023 0.031645
1023 0.026049
1023 0.030386
1023 0.02868
1012 0.029339
1012 0.028291
1000 0.032767
1000 0.032146
985 0.060935
985 0.038879
985 0.03831
985 0.035837
985 0.033285
985 0.032877
985 0.033158
985 0.027117
985 0.029464
985 0.025715
985 0.0358
984 0.025688
984 0.024424
984 0.025845
984 0.025793
981 0.030635
981 0.027708
981 0.028992
981 0.027724
976 0.028735
976 0.027453
976 0.028557
976 0.018424
963 0.024155
963 0.047803
963 0.019781
963 0.03498
963 0.023816
953 0.022032
953 0.024088
953 0.025882
953 0.026197
948 0.031149
948 0.026226
948 0.026588
948 0.028863
931 0.026187
931 0.026987
931 0.026461
931 0.026561
923 0.033412
923 0.026413
922 0.02777
919 0.027887
907 0.027064
907 0.026916
907 0.028453
907 0.026133
907 0.028707
907 0.02701
905 0.02649
905 0.028537
898 0.028971
898 0.026659
898 0.026061
892 0.025889
892 0.029985
892 0.026824
892 0.025106
892 0.025065
873 0.026884
873 0.026714
872 0.03559
866 0.027205
866 0.02854
866 0.026558
866 0.024469
866 0.369985
861 0.022878
861 0.025692
861 0.02473
861 0.025915
836 0.027308
836 0.027412
836 0.027399
836 0.027814
836 0.036361
836 0.025716
836 0.024992
836 0.025053
836 0.029234
828 0.026767
812 0.026428
812 0.02721
812 0.026701
812 0.027235
806 0.025972
806 0.026888
806 0.051607
799 0.0274
799 0.025479
799 0.026805
799 0.025787
793 0.02715
793 0.026852
793 0.025704
793 0.026193
793 0.023785
787 0.034833
787 0.027452
787 0.024298
787 0.023525
785 0.023199
785 0.023459
785 0.025662
785 0.021024
785 0.020966
785 0.021355
785 0.019498
774 0.022961
774 0.02219
771 0.021836
771 0.026506
753 0.023112
753 0.023087
753 0.023322
753 0.025138
753 0.023883
744 0.022873
744 0.024396
744 0.029322
744 0.024943
744 0.023231
744 0.024738
744 0.024903
744 0.023218
744 0.023276
743 0.027162
743 0.018079
743 0.021691
743 0.021564
743 0.016875
743 0.016169
743 0.016379
743 0.022808
743 0.023868
743 0.025775
743 0.025277
743 0.022601
743 0.023872
743 0.024069
742 0.024073
739 0.024326
739 0.024446
739 0.027818
739 0.025629
739 0.023389
739 0.031829
739 0.088563
739 0.028733
732 0.026712
732 0.025378
732 0.029431
732 0.025851
732 0.023456
732 0.02504
732 0.025079
732 0.025136
732 0.041441
725 0.022808
725 0.025839
725 0.020665
725 0.019864
719 0.021884
719 0.023169
719 0.021753
719 0.022582
719 0.021353
719 0.024933
719 0.020916
719 0.020911
719 0.02168
719 0.020754
719 0.019591
719 0.020585
719 0.020734
719 0.022287
719 0.021089
719 0.018498
719 0.072707
713 0.035228
706 0.023754
700 0.022994
700 0.025073
700 0.027533
700 0.022413
700 0.024758
694 0.024951
694 0.025396
694 0.022447
694 0.020969
694 0.021559
691 0.023772
691 0.022888
691 0.021669
691 0.021783
691 0.021085
691 0.022452
691 0.021457
690 0.020933
690 0.021184
690 0.072613
686 0.020703
686 0.021508
686 0.02047
686 0.026607
682 0.022048
679 0.019952
679 0.019765
679 0.020821
674 0.020934
674 0.015625
674 0.019316
674 0.018369
674 0.016131
674 0.015053
674 0.016612
674 0.014448
674 0.013718
663 0.012876
663 0.013681
663 0.013969
663 0.013545
663 0.01381
663 0.019684
663 0.018168
663 0.013308
663 0.013206
663 0.013543
663 0.01398
663 0.012646
663 0.012537
663 0.012566
663 0.012897
663 0.012686
663 0.014104
663 0.013204
663 0.012751
663 0.012152
663 0.017473
663 0.01499
663 0.013417
663 0.014684
663 0.014062
659 0.015891
659 0.018623
659 0.01881
659 0.019654
659 0.020158
657 0.015296
657 0.019338
657 0.016219
657 0.013758
651 0.014692
651 0.021025
651 0.015609
650 0.014564
650 0.014277
650 0.014483
646 0.014296
646 0.015295
646 0.014538
639 0.015361
639 0.021164
634 0.020692
634 0.01579
634 0.015461
634 0.014392
634 0.014055
634 0.015443
634 0.01441
634 0.014497
634 0.014185
634 0.013783
634 0.013173
634 0.017663
631 0.01952
631 0.020168
631 0.019256
631 0.013812
631 0.020977
631 0.01423
631 0.014199
631 0.014745
631 0.014279
631 0.01522
631 0.01405
631 0.013576
631 0.013271
631 0.013637
631 0.016646
631 0.018078
631 0.018773
631 0.020119
631 0.020586
631 0.021002
631 0.022619
631 0.018351
631 0.018042
631 0.018718
631 0.01554
631 0.016107
628 0.015755
628 0.014992
628 0.015546
628 0.014422
628 0.014575
625 0.014918
625 0.046089
625 0.025722
625 0.024184
625 0.023393
625 0.02596
625 0.023551
625 0.023661
625 0.023595
625 0.023271
625 0.022111
625 0.020349
625 0.022488
625 0.021971
625 0.038069
625 0.019055
625 0.016377
625 0.015627
622 0.01607
622 0.016008
622 0.015456
622 0.015515
622 0.014492
622 0.014772
622 0.014756
622 0.01529
620 0.015675
620 0.016223
620 0.01558
614 0.038471
614 0.02558
614 0.021966
608 0.016252
608 0.015515
608 0.01556
608 0.014652
608 0.014374
608 0.01655
600 0.014295
600 0.014655
600 0.01408
600 0.018119
600 0.014716
600 0.013881
599 0.014715
599 0.013923
599 0.013639
575 0.014627
575 0.014213
575 0.013964
575 0.014338
575 0.014957
575 0.01578
575 0.014525
575 0.014366
575 0.013889
575 0.01463
575 0.014932
575 0.014037
575 0.014267
575 0.013441
575 0.013835
575 0.014413
575 0.013767
573 0.014557
573 0.014699
573 0.01445
570 0.015928
563 0.015522
562 0.018801
562 0.016247
562 0.01576
562 0.016243
562 0.040189
559 0.028632
559 0.025147
559 0.025222
559 0.022634
559 0.022762
559 0.023532
559 0.023357
559 0.024328
559 0.024687
557 0.024833
551 0.02267
551 0.024125
551 0.039265
551 0.022014
548 0.023053
548 0.024193
548 0.021958
548 0.021528
548 0.02223
548 0.021835
548 0.021198
548 0.020538
548 0.021254
548 0.022757
545 0.023125
543 0.023067
543 0.02408
543 0.031635
543 0.021921
543 0.023866
543 0.018669
543 0.021323
538 0.023186
538 0.022995
536 0.017373
536 0.031251
536 0.021941
536 0.020461
536 0.020875
536 0.021588
536 0.02093
524 0.02226
524 0.02197
524 0.022416
524 0.021666
524 0.021311
524 0.022799
524 0.022624
524 0.023505
524 0.020906
524 0.014507
524 0.013456
516 0.013669
516 0.014369
516 0.014366
516 0.075411
516 0.023668
516 0.022635
516 0.022212
516 0.028026
516 0.021588
510 0.022219
509 0.02199
509 0.023271
509 0.021758
509 0.02181
504 0.021032
504 0.023035
504 0.021997
504 0.022086
504 0.02042
504 0.022298
504 0.020506
503 0.021201
503 0.026904
503 0.022107
501 0.020851
501 0.020737
501 0.020829
501 0.021622
501 0.021488
501 0.0213
501 0.022441
501 0.022263
501 0.021275
501 0.022893
501 0.022129
495 0.022834
495 0.023582
495 0.023432
495 0.022295
495 0.024884
495 0.02318
495 0.021927
490 0.021838
490 0.021306
490 0.022954
490 0.023555
490 0.023296
485 0.022628
485 0.022805
485 0.022321
485 0.024013
485 0.022877
482 0.022924
482 0.02459
482 0.022375
482 0.020869
482 0.020897
482 0.020872
480 0.021128
480 0.021019
480 0.022191
480 0.02289
480 0.022603
480 0.223833
480 0.027753
480 0.022416
480 0.021547
480 0.038058
480 0.022342
480 0.020624
480 0.021962
480 0.024381
480 0.023267
480 0.023562
480 0.019193
480 0.016153
480 0.018677
480 0.018983
480 0.029169
480 0.032925
480 0.018574
480 0.014912
480 0.014578
480 0.015601
478 0.014918
478 0.015173
478 0.015493
478 0.015261
478 0.014873
478 0.014109
478 0.014957
478 0.014333
478 0.014896
478 0.014572
473 0.014798
473 0.014643
473 0.014897
473 0.01489
473 0.014752
473 0.0151
473 0.014559
460 0.014391
460 0.014546
460 0.016815
460 0.014749
460 0.014201
460 0.013836
460 0.017518
460 0.019553
460 0.019509
460 0.02306
460 0.02095
460 0.018943
460 0.019007
460 0.020515
460 0.021459
460 0.022299
460 0.019273
460 0.021781
460 0.021575
460 0.021964
460 0.020622
460 0.021203
460 0.019325
460 0.019956
460 0.019614
460 0.021631
460 0.020361
460 0.022084
460 0.020353
460 0.020408
460 0.019564
460 0.019007
460 0.020163
460 0.020851
460 0.020745
460 0.023346
460 0.015721
460 0.015344
460 0.014786
460 0.014996
460 0.014701
460 0.015134
460 0.014586
460 0.014351
460 0.015147
460 0.015093
460 0.014386
460 0.014226
460 0.015519
460 0.014682
460 0.014507
460 0.013865
460 0.014608
460 0.014243
460 0.01382
460 0.014343
460 0.013637
460 0.014414
460 0.013629
459 0.014612
459 0.014798
459 0.015138
459 0.014331
459 0.014286
458 0.014884
458 0.014912
458 0.015846
458 0.017941
458 0.015231
458 0.014467
458 0.014783
458 0.014691
458 0.015066
458 0.015038
458 0.014978
458 0.015738
458 0.014878
457 0.015892
457 0.021452
457 0.019945
457 0.015093
457 0.014869
457 0.015025
454 0.01511
454 0.015368
454 0.015476
454 0.015362
454 0.016029
454 0.014859
454 0.015366
454 0.0152
454 0.014821
454 0.015024
454 0.014843
454 0.029439
454 0.01399
454 0.013549
454 0.013712
454 0.013833
454 0.016175
454 0.012922
454 0.012965
447 0.013608
443 0.014164
443 0.014121
436 0.013469
436 0.013414
436 0.012986
436 0.013031
436 0.013298
436 0.013147
436 0.013336
436 0.013545
436 0.013386
436 0.014153
435 0.013674
435 0.01389
435 0.013527
435 0.013595
435 0.014605
435 0.013839
435 0.013919
435 0.013982
435 0.014098
435 0.014845
435 0.014363
435 0.014046
435 0.013948
435 0.013868
435 0.014041
435 0.013436
435 0.015996
435 0.013702
435 0.013322
435 0.014159
435 0.013762
435 0.013558
431 0.013144
431 0.013635
431 0.013508
429 0.013944
427 0.013166
427 0.013004
427 0.013195
427 0.014091
427 0.013408
427 0.013414
427 0.022083
427 0.014625
427 0.013366
427 0.013867
427 0.014117
427 0.013365
427 0.01403
427 0.01337
427 0.013214
427 0.013641
427 0.013505
427 0.013132
427 0.013247
427 0.013941
427 0.01383
427 0.023987
427 0.018251
427 0.014177
427 0.013587
427 0.013415
427 0.013479
427 0.013574
427 0.013098
427 0.012869
427 0.013264
427 0.012786
427 0.013058
427 0.01303
427 0.013523
427 0.013072
427 0.013689
427 0.013893
427 0.013328
427 0.013069
427 0.012949
427 0.013604
427 0.013688
427 0.013196
427 0.012969
427 0.024791
427 0.013904
427 0.013221
427 0.013297
427 0.026294
427 0.02357
427 0.021009
427 0.016567
427 0.018129
427 0.027536
427 0.043064
427 0.034101
427 0.015394
427 0.014601
427 0.013727
427 0.013359
427 0.013439
427 0.013223
427 0.013187
427 0.013037
423 0.029306
423 0.014254
423 0.013218
423 0.013409
423 0.013224
423 0.012893
421 0.020694
421 0.0139
421 0.013636
421 0.013943
421 0.013624
421 0.013867
421 0.013599
421 0.013477
417 0.013891
417 0.01378
417 0.013997
417 0.014046
417 0.013568
417 0.013617
417 0.013882
417 0.019269
417 0.014016
417 0.013834
417 0.013884
417 0.013915
417 0.013919
417 0.013897
417 0.013338
417 0.013425
417 0.01382
417 0.014022
417 0.013455
417 0.013601
417 0.013923
417 0.013316
417 0.013942
417 0.013162
410 0.01431
410 0.014241
405 0.014337
405 0.013699
405 0.013484
405 0.013523
405 0.013282
405 0.012889
405 0.012466
405 0.012852
405 0.012249
405 0.012825
405 0.012843
405 0.01277
405 0.012591
405 0.013701
405 0.012748
405 0.012858
405 0.01289
