458 0.276204
440 0.109837
440 0.076554
413 0.06758
413 0.048476
395 0.04761
373 0.046308
354 0.04715
354 0.047231
352 0.056395
350 0.048317
342 0.046026
342 0.052447
342 0.058909
336 0.058104
315 0.049652
315 0.077552
315 0.050604
315 0.060706
307 0.036851
303 0.044771
303 0.036052
303 0.036319
280 0.042958
280 0.037499
261 0.040687
261 0.029746
261 0.027238
260 0.030089
260 0.027097
260 0.030354
260 0.037354
259 0.025475
259 0.027257
259 0.02545
259 0.049914
259 0.022749
250 0.023095
250 0.022156
250 0.021411
248 0.021656
239 0.021691
239 0.025961
239 0.017004
239 0.016627
239 0.017621
239 0.017569
239 0.017504
239 0.016997
239 0.017199
239 0.024711
237 0.025588
237 0.01924
237 0.014827
237 0.014571
237 0.015029
229 0.014394
206 0.015707
206 0.022523
206 0.022852
206 0.030343
206 0.027621
206 0.020307
206 0.069107
197 0.029034
197 0.016274
196 0.013386
196 0.012241
196 0.011758
196 0.012245
196 0.014055
196 0.012182
196 0.01161
196 0.012235
196 0.019856
196 0.011862
188 0.013272
188 0.013825
188 0.027622
188 0.017123
188 0.014197
188 0.012664
188 0.014004
188 0.013054
183 0.014768
183 0.018157
183 0.015019
183 0.013261
162 0.014147
162 0.015121
160 0.014616
160 0.014206
160 0.013603
160 0.014243
160 0.013906
160 0.01418
160 0.014452
160 0.014059
156 0.014667
156 0.013878
156 0.02078
156 0.013063
156 0.016681
156 0.012063
156 0.012301
156 0.012708
156 0.012819
156 0.013586
156 0.012771
156 0.012616
156 0.01431
156 0.012187
156 0.02477
156 0.027373
152 0.020645
152 0.021286
152 0.01801
152 0.017599
152 0.018416
152 0.017758
152 0.017295
152 0.021884
152 0.02307
152 0.020488
149 0.021915
149 0.019044
149 0.018624
149 0.019837
147 0.020487
147 0.021473
147 0.019552
147 0.020894
147 0.019815
147 0.016847
147 0.018394
147 0.021445
147 0.063714
140 0.01313
140 0.011237
140 0.010539
127 0.014284
127 0.011028
127 0.010305
127 0.009742
127 0.011994
127 0.066577
127 0.008444
125 0.006678
125 0.006317
123 0.006802
123 0.00645
123 0.006401
123 0.006215
123 0.006564
116 0.006774
116 0.006677
114 0.006901
114 0.007205
114 0.006791
114 0.007071
114 0.00667
114 0.006135
114 0.006336
114 0.006716
114 0.006845
114 0.007966
114 0.006742
114 0.006393
114 0.006329
114 0.007061
114 0.006311
114 0.006206
114 0.006809
114 0.006488
114 0.005994
114 0.018348
114 0.009929
114 0.007837
114 0.008809
114 0.008095
114 0.007651
114 0.007351
114 0.007302
114 0.0067
114 0.006915
114 0.0072
107 0.007768
107 0.006985
107 0.007146
107 0.007298
107 0.006515
107 0.008789
100 0.008432
100 0.008281
100 0.007632
100 0.007193
100 0.006939
100 0.006931
97 0.007945
97 0.034705
97 0.01387
97 0.007212
97 0.006683
97 0.006835
97 0.006423
96 0.006853
96 0.006874
96 0.010744
96 0.015597
96 0.007145
96 0.007862
96 0.008233
96 0.007595
96 0.006993
96 0.006921
96 0.006714
95 0.006664
95 0.007167
95 0.007752
95 0.007729
95 0.03689
95 0.01446
95 0.012554
95 0.013353
95 0.01298
95 0.013087
91 0.013802
91 0.013527
87 0.013648
87 0.014641
87 0.013624
87 0.013093
87 0.01274
87 0.011938
87 0.012194
87 0.012371
87 0.012717
87 0.012745
87 0.013496
87 0.010777
87 0.016462
87 0.012361
86 0.018843
86 0.020496
86 0.014386
82 0.012267
80 0.014328
80 0.013363
80 0.013727
80 0.013467
80 0.026413
80 0.009277
80 0.007844
80 0.012518
80 0.007763
80 0.01573
80 0.009876
80 0.007624
80 0.007187
80 0.007579
80 0.011466
80 0.007787
76 0.007548
76 0.00743
76 0.008103
76 0.007437
76 0.007793
76 0.007639
76 0.007268
76 0.00746
76 0.007763
76 0.007706
76 0.011468
76 0.006989
76 0.007664
76 0.009752
75 0.013447
75 0.009721
75 0.008412
75 0.007933
75 0.008169
75 0.009911
75 0.011799
75 0.008239
75 0.014176
75 0.007655
75 0.007367
75 0.014525
75 0.014073
75 0.012991
75 0.013641
75 0.012812
75 0.013251
72 0.014532
72 0.014384
72 0.012913
72 0.013129
72 0.013552
72 0.014397
72 0.011966
72 0.00766
72 0.007488
72 0.007621
72 0.007738
72 0.009363
72 0.007763
72 0.008569
72 0.007463
72 0.007173
72 0.009178
72 0.007744
72 0.006926
72 0.007501
72 0.009329
70 0.008529
70 0.008282
70 0.008122
70 0.008503
70 0.008021
70 0.012317
70 0.007458
70 0.007835
70 0.00786
70 0.008158
70 0.007801
70 0.007186
70 0.008003
70 0.007655
70 0.007604
70 0.007787
70 0.006627
70 0.007087
70 0.007515
70 0.014426
70 0.012215
70 0.053279
70 0.024503
70 0.011832
70 0.010532
70 0.010956
70 0.010193
70 0.010127
70 0.013093
70 0.011848
70 0.010233
70 0.010683
70 0.011017
70 0.011305
70 0.010889
70 0.010599
70 0.009962
70 0.010111
70 0.010073
70 0.010833
70 0.010802
70 0.011229
70 0.010532
70 0.010275
70 0.014852
70 0.021358
68 0.010778
68 0.009927
68 0.010295
68 0.01042
68 0.011499
68 0.010392
68 0.009523
68 0.010153
68 0.011835
68 0.011006
68 0.010358
68 0.011061
68 0.012936
68 0.009833
68 0.009124
68 0.010915
68 0.010745
68 0.009824
68 0.010017
68 0.00954
68 0.010579
68 0.010294
68 0.016309
68 0.008368
68 0.013559
68 0.008164
68 0.00806
68 0.008338
68 0.008742
68 0.008115
68 0.016221
68 0.010678
68 0.010047
68 0.009695
68 0.009916
68 0.010426
68 0.010598
68 0.010204
68 0.010013
68 0.010135
68 0.016056
68 0.01026
68 0.00949
68 0.009883
68 0.021379
68 0.01005
68 0.012891
68 0.00985
68 0.010602
68 0.01127
68 0.011059
68 0.010158
68 0.011307
68 0.02943
68 0.008347
68 0.00738
68 0.007889
68 0.007464
68 0.007955
68 0.009264
68 0.008146
68 0.004932
68 0.00482
68 0.004598
68 0.004724
68 0.004793
68 0.004602
68 0.004368
68 0.004264
68 0.00427
68 0.004439
68 0.004459
68 0.005355
68 0.003994
68 0.004195
68 0.004159
68 0.004273
68 0.004103
68 0.004261
68 0.004274
68 0.003679
68 0.004609
68 0.003897
68 0.004035
68 0.003623
68 0.003621
68 0.00357
68 0.003688
68 0.004263
68 0.004225
68 0.003934
68 0.004169
68 0.004498
68 0.004396
68 0.003896
68 0.003849
68 0.003548
68 0.003612
66 0.004135
66 0.004504
66 0.004233
66 0.004014
66 0.003661
65 0.004271
65 0.005553
65 0.005655
65 0.005542
65 0.004175
65 0.004191
65 0.00368
65 0.004426
65 0.004474
65 0.00456
65 0.004052
65 0.004316
65 0.004134
65 0.003687
65 0.008566
65 0.003987
65 0.003891
65 0.005089
65 0.003872
65 0.003812
65 0.003702
65 0.003612
65 0.003461
65 0.003693
65 0.003654
65 0.003708
65 0.003819
65 0.003755
65 0.003606
65 0.00383
65 0.003669
65 0.00373
65 0.003538
65 0.004603
65 0.004073
65 0.003741
65 0.003948
65 0.003305
65 0.00436
65 0.005491
65 0.003859
65 0.004065
65 0.003764
64 0.004635
64 0.005315
64 0.004264
64 0.004546
64 0.004707
64 0.00418
64 0.020153
64 0.00568
64 0.005044
64 0.004562
64 0.004575
64 0.004688
64 0.004127
64 0.004105
64 0.004057
64 0.004205
64 0.004161
64 0.003996
63 0.004486
63 0.004367
63 0.003847
62 0.004626
62 0.006096
62 0.004287
62 0.004434
62 0.004363
62 0.004044
62 0.004387
62 0.004112
62 0.004187
62 0.004258
62 0.004405
62 0.004064
62 0.00524
61 0.004719
61 0.004625
61 0.004719
61 0.004203
61 0.004465
61 0.004214
61 0.004979
61 0.004613
61 0.003946
61 0.004375
61 0.010834
61 0.006448
61 0.006002
61 0.005944
61 0.005569
61 0.005576
61 0.005319
61 0.005769
61 0.005217
61 0.005181
61 0.005991
61 0.005117
61 0.005335
61 0.004841
61 0.004748
61 0.005564
61 0.005183
61 0.004673
61 0.004898
61 0.005174
61 0.005469
61 0.004941
61 0.006463
61 0.005421
61 0.005362
61 0.004691
61 0.005001
61 0.473369
61 0.00735
61 0.004714
61 0.008692
61 0.006049
61 0.005496
61 0.006374
60 0.00649
60 0.005367
60 0.005734
60 0.004547
60 0.00411
60 0.004084
60 0.004033
60 0.003821
60 0.006286
60 0.004005
60 0.003702
60 0.003473
60 0.003538
60 0.003345
60 0.003188
60 0.003277
60 0.003254
60 0.003063
60 0.00297
60 0.003368
60 0.003018
60 0.003966
60 0.003291
60 0.002989
60 0.002923
60 0.003303
60 0.003159
60 0.003036
60 0.003136
60 0.003128
60 0.004848
59 0.006377
59 0.005359
59 0.004259
59 0.004075
59 0.003836
58 0.003987
58 0.004104
58 0.004342
58 0.003384
58 0.004272
58 0.003476
58 0.004038
58 0.003162
58 0.003487
58 0.003363
58 0.003715
58 0.004345
58 0.005592
58 0.003968
58 0.003386
58 0.003755
58 0.003792
58 0.003312
58 0.00393
58 0.003619
57 0.005114
57 0.004042
57 0.004067
57 0.004326
57 0.004089
57 0.00394
57 0.004427
57 0.003804
57 0.003558
57 0.00354
57 0.003772
57 0.005346
57 0.007121
57 0.007241
57 0.006385
57 0.006784
57 0.009111
57 0.006281
57 0.006735
57 0.005926
57 0.005833
57 0.005815
57 0.006295
57 0.005849
57 0.006315
57 0.006697
57 0.006109
57 0.006839
57 0.006703
57 0.006378
57 0.005694
57 0.013736
57 0.007053
55 0.006774
55 0.006887
55 0.006517
55 0.006373
55 0.006239
54 0.006639
54 0.006449
54 0.006063
54 0.005939
54 0.005999
54 0.005885
54 0.007421
54 0.005366
54 0.005479
54 0.004971
54 0.007313
54 0.005892
54 0.005711
54 0.006436
54 0.007096
54 0.006344
54 0.006389
54 0.006267
54 0.006066
54 0.006302
54 0.005379
54 0.005178
54 0.005217
54 0.00503
54 0.005974
54 0.004275
54 0.005028
54 0.003765
54 0.004425
54 0.003677
54 0.003997
54 0.003984
54 0.004114
54 0.003627
54 0.003903
54 0.004075
53 0.004392
53 0.004394
53 0.004016
53 0.004154
53 0.004888
53 0.005858
53 0.004568
53 0.00456
53 0.004435
53 0.004048
53 0.00442
53 0.004579
53 0.00497
53 0.005196
53 0.004552
53 0.004524
53 0.004774
53 0.003924
53 0.004093
53 0.003828
53 0.004399
53 0.004008
53 0.004075
53 0.0084
53 0.006844
53 0.005657
53 0.005861
53 0.006786
53 0.006478
53 0.005651
53 0.005198
53 0.004149
53 0.004088
51 0.00492
51 0.004228
51 0.004373
51 0.005612
51 0.004053
51 0.006617
51 0.004066
51 0.003922
51 0.003612
51 0.00537
51 0.00633
51 0.005971
51 0.005882
51 0.005332
51 0.005062
51 0.009704
51 0.00488
51 0.004883
51 0.003612
51 0.003793
51 0.004437
51 0.005243
51 0.005628
51 0.004476
51 0.00339
51 0.003573
51 0.003316
51 0.003631
51 0.003606
51 0.003278
51 0.003288
51 0.005487
51 0.006247
51 0.003824
51 0.003588
51 0.004739
51 0.005089
51 0.006669
51 0.003439
51 0.003196
51 0.003138
51 0.003362
51 0.002934
51 0.002894
51 0.002952
51 0.002931
51 0.002991
51 0.003284
51 0.004062
51 0.004603
51 0.004489
51 0.004077
51 0.003166
51 0.00327
51 0.003209
51 0.00305
51 0.004361
51 0.00299
51 0.002966
51 0.002878
51 0.003114
51 0.003094
51 0.002803
51 0.002933
51 0.003285
51 0.003081
51 0.003427
51 0.002952
51 0.003036
51 0.003503
51 0.003151
51 0.002803
51 0.002828
51 0.002744
51 0.002709
51 0.00292
51 0.002766
51 0.003125
51 0.004338
51 0.004153
51 0.003419
51 0.00346
51 0.003514
51 0.003354
51 0.003434
51 0.003439
51 0.00339
51 0.003261
51 0.003177
51 0.004511
51 0.003212
51 0.002881
51 0.003136
51 0.002946
51 0.003196
51 0.003162
51 0.003079
51 0.003536
51 0.003017
50 0.003636
50 0.003261
50 0.004706
49 0.003895
49 0.004078
49 0.004102
49 0.003718
49 0.003585
49 0.003505
49 0.003784
49 0.004368
49 0.003855
49 0.004123
49 0.003657
49 0.003595
49 0.003896
49 0.003653
49 0.00384
49 0.003415
49 0.003492
49 0.004121
48 0.00447
48 0.004957
48 0.00702
48 0.00521
48 0.005581
48 0.005558
47 0.003945
47 0.004139
47 0.003601
47 0.00346
47 0.003904
47 0.003731
47 0.003503
47 0.004401
47 0.00354
47 0.003157
47 0.003647
47 0.003244
47 0.003193
47 0.003538
47 0.003623
47 0.003018
47 0.003972
47 0.003386
47 0.00341
47 0.013549
47 0.003666
47 0.00344
47 0.003258
47 0.003964
47 0.003284
47 0.003076
47 0.003379
47 0.002918
47 0.003244
47 0.004559
47 0.003215
47 0.003311
47 0.003023
47 0.003179
46 0.003692
46 0.003676
46 0.003763
46 0.003782
46 0.004017
46 0.004686
46 0.003699
46 0.003701
46 0.003262
46 0.04976
46 0.011926
46 0.004864
46 0.004071
46 0.003826
46 0.003863
46 0.003543
46 0.003471
46 0.003528
46 0.003544
46 0.003291
46 0.003539
46 0.003467
46 0.003503
46 0.003224
46 0.003389
46 0.003091
46 0.003511
46 0.003186
46 0.004702
46 0.003029
46 0.003473
46 0.003088
46 0.003263
46 0.003087
46 0.003056
46 0.002963
46 0.003085
46 0.004423
44 0.003678
42 0.003693
39 0.003501
39 0.003578
39 0.003766
39 0.003513
39 0.003831
39 0.003507
39 0.003645
39 0.003394
39 0.003458
37 0.003804
37 0.003668
37 0.003448
37 0.003718
37 0.003207
37 0.003377
37 0.003603
37 0.003509
37 0.003396
37 0.003444
37 0.003423
37 0.003239
37 0.004059
37 0.003396
37 0.003143
37 0.003466
37 0.003874
37 0.003329
37 0.003348
37 0.003199
37 0.004318
37 0.00301
37 0.002971
37 0.003744
37 0.003193
37 0.003095
37 0.003201
37 0.003091
37 0.002912
37 0.003067
37 0.003074
37 0.003178
37 0.002711
37 0.002815
37 0.002834
37 0.002954
37 0.003093
37 0.002975
37 0.002841
37 0.003018
37 0.002855
37 0.002825
37 0.002892
37 0.002987
37 0.002855
