145716 63.535521
145702 3.711582
145684 6.145465
145651 3.334975
145648 1.997681
145606 2.259378
145583 2.061383
145554 2.169268
145554 2.256012
145554 1.938675
145541 1.795564
145532 1.467025
145532 1.721365
145482 1.677099
145473 1.458791
145471 1.451666
145471 1.583644
145471 1.676906
145420 1.681146
145420 1.905377
145420 1.503908
145409 1.456592
145409 1.640164
145367 2.083444
145367 1.637027
145333 1.576379
145297 1.557919
145265 1.514217
145261 1.836329
145261 1.836061
145261 1.589117
145261 1.568256
145261 1.630397
145241 1.453957
145237 1.618613
145235 1.679943
145214 1.60737
145205 1.355371
145205 1.685703
145195 1.62872
145181 1.509465
145166 1.517314
145153 1.450726
145142 1.349947
145142 1.412855
145142 1.906777
145142 1.879184
145137 1.407477
145131 2.113109
145131 1.671734
145078 1.389315
145059 1.367097
145059 1.390667
145049 1.330854
145019 1.375892
145019 1.440487
145019 1.485106
145019 1.377195
145019 1.392824
145014 1.646813
145006 1.474042
144978 1.485562
144957 1.436937
144953 1.348919
144953 1.362595
144943 1.339351
144943 1.482737
144920 1.458936
144920 1.503348
144920 1.424098
144920 1.505192
144920 1.747537
144919 1.611319
144919 1.413367
144878 1.356377
144878 1.338551
144796 4.597981
144796 1.195098
144796 1.156497
144796 1.173024
144773 1.470162
144773 1.179274
144749 1.284207
144715 1.150633
144691 1.192644
144658 1.171786
144624 1.18237
144610 1.150645
144610 1.206833
144584 1.144861
144557 1.166112
144524 1.166969
144524 1.299437
144524 1.258225
144524 1.2695
144517 1.333618
144489 1.167621
144485 1.179609
144485 1.155651
144454 1.211728
144454 1.186317
144445 1.181129
144370 1.1818
144353 1.167411
144353 1.16377
144314 1.169251
144238 1.13723
144238 1.321431
144236 1.251009
144236 1.200938
144220 1.19814
144209 1.188783
144209 1.341901
144188 1.315319
144168 1.272229
144110 1.241561
144110 1.282129
144110 1.379315
144066 1.262533
144066 1.294073
144066 1.578924
144066 1.224281
144066 1.20691
144046 1.187033
144046 1.202853
144039 1.157041
144029 1.184173
144029 1.249827
144029 1.18768
144028 1.218102
144014 1.208686
143966 1.232424
143966 1.850781
143966 1.803478
143966 1.267172
143966 1.325672
143966 1.283835
143899 1.191413
143899 1.204758
143848 1.183282
143848 1.297454
143848 1.227604
143832 1.203683
143832 1.224467
143832 1.483198
143832 1.358836
143832 1.187742
143832 1.342003
143818 1.270787
143816 1.182067
143805 1.189632
143795 1.213299
143795 1.252552
143792 1.202677
143792 1.187045
143792 1.14865
143737 1.306408
143737 1.406279
143708 1.383613
143634 1.137481
143623 1.220138
143574 1.209696
143574 1.146237
143521 1.128417
143521 1.11958
143505 1.202078
143483 1.176322
143483 1.169113
143458 1.130467
143458 1.173442
143415 1.184691
143410 1.344962
143410 1.234009
143384 1.194875
143384 1.169481
143384 1.137624
143384 1.216819
143382 1.158448
143363 1.197417
143363 1.162472
143342 1.172057
143342 1.152299
143336 1.169195
143336 1.1507
143336 1.197263
143336 1.336963
143336 1.235782
143336 1.177515
143326 1.161987
143304 1.168976
143304 1.277979
143282 1.251729
143257 1.186732
143257 1.14932
143257 1.135276
143257 1.2215
143219 1.18725
143219 1.181424
143213 1.330208
143191 1.3264
143191 1.172631
143191 1.17916
143158 1.167078
143147 1.167355
143147 1.295977
143136 1.231223
143136 1.234198
143136 1.24182
143132 1.235364
143132 1.191714
143132 1.144196
143132 1.323782
143127 1.485842
143127 1.155351
143127 1.165236
143118 1.146919
143101 1.169489
143085 1.200537
143085 1.138953
143085 1.254645
143076 1.203628
143076 1.246267
143076 1.149255
143076 1.171679
143023 1.260988
143005 1.405778
143005 1.289818
143005 1.15163
142985 1.170681
142985 1.134005
142985 1.164632
142985 1.170066
142985 1.141505
142967 1.161033
142967 1.275701
142967 1.196542
142967 1.184045
142929 1.158004
142929 1.29186
142906 1.295461
142862 1.238586
142845 1.181881
142828 1.186348
142828 1.214872
142828 1.19882
142828 1.261046
142819 1.270624
142772 1.355847
142699 1.483997
142671 1.389414
142671 1.501525
142667 1.976933
142664 1.405607
142664 1.478454
142662 1.41028
142624 1.518365
142572 1.417748
142564 1.430005
142560 1.245786
142543 1.247096
142543 1.297308
142519 1.370086
142519 1.428281
142519 1.333346
142511 1.244581
142493 1.307917
142493 1.343464
142489 1.270691
142459 1.278737
142459 1.400267
142448 1.247499
142448 1.237551
142448 1.280851
142428 1.455732
142428 1.335736
142428 1.293095
142402 1.246698
142385 1.397834
142385 1.31392
142385 1.273491
142363 1.295512
142363 1.371309
142362 1.327536
142362 1.343752
142360 1.305548
142360 1.333567
142317 1.474722
142308 1.453278
142308 1.362867
142308 1.289705
142299 1.294388
142263 1.260753
142263 1.36114
142263 1.332929
142256 1.320185
142256 1.311122
142256 1.267548
142256 1.225001
142239 1.332267
142239 1.480576
142239 1.431499
142187 1.261923
142187 1.225303
142119 1.26496
142119 1.301739
142119 1.25504
142119 1.270924
142111 1.275279
142111 1.287947
142111 1.223171
142111 1.248683
142105 1.293742
142105 1.637969
142105 1.423623
142088 1.328108
142088 1.486907
142061 1.585262
142032 1.3068
141994 1.592729
141994 1.272593
141961 1.355406
141961 1.227129
141952 1.233596
141907 1.533587
141894 1.343768
141894 1.444841
141888 1.329902
141888 1.388524
141888 1.341043
141888 1.287556
141853 1.261021
141853 1.473662
141816 1.35241
141788 1.393176
141788 1.658321
141788 1.927778
141788 1.319713
141788 1.361083
141788 1.430607
141788 1.277444
141764 1.26143
141764 1.303914
141764 1.712439
141764 1.467167
141759 1.419877
141743 1.462509
141733 1.55453
141719 1.395085
141719 1.486608
141719 1.710334
141695 1.415467
141677 1.353422
141657 1.459216
141657 1.480928
141649 1.428303
141639 1.518713
141603 1.559826
141597 1.777241
141562 1.417679
141562 1.359681
141562 1.340569
141562 1.346403
141562 1.51659
141562 1.303997
141534 1.277894
141484 1.261784
141484 1.259632
141484 1.300722
141466 1.312332
141422 1.354292
141418 1.50031
141418 1.415846
141403 1.252412
141403 1.259039
141403 1.249278
141403 1.349295
141403 1.293894
141387 1.302033
141387 1.247252
141359 1.364706
141359 1.270661
141359 1.543797
141293 1.265597
141293 1.293383
141293 1.303298
141200 1.233116
141164 1.267687
141141 1.320326
141138 1.249751
141138 1.25159
141127 1.274388
141112 1.300178
141045 1.247639
141045 1.233796
141045 1.445606
141045 1.314388
141045 1.283495
141031 1.322479
141031 1.223407
141031 1.304536
141029 1.258478
141029 1.283541
141026 1.211758
141026 1.261239
141026 1.23397
141026 1.280587
141026 1.312563
140990 1.405711
140990 1.270282
140970 1.268533
140970 1.349159
140960 1.268356
140938 1.253738
140938 1.251431
140895 1.205231
140869 1.216613
140869 1.263079
140863 1.219375
140851 1.23574
140847 1.39915
140847 1.451707
140847 1.269542
140828 1.281588
140827 1.331872
140792 1.299963
140777 1.264142
140777 1.232239
140723 1.19551
140718 1.259071
140718 1.242308
140718 1.280121
140718 1.215902
140718 1.489273
140699 1.310046
140699 1.232605
140682 1.326246
140674 1.289213
140672 1.23322
140672 1.23487
140672 1.239761
140672 1.223864
140656 1.269352
140614 1.283092
140614 1.256714
140614 1.225459
140614 1.500947
140596 1.281875
140564 1.250049
140564 1.354744
140488 1.402658
140470 1.36969
140470 1.302925
140470 1.242445
140452 1.292138
140408 1.273466
140403 1.230507
140392 1.208679
140360 1.359514
140343 1.510557
140343 1.229975
140343 1.219849
140302 1.365166
140301 1.228902
140301 1.206305
140286 1.24479
140286 1.303215
140284 1.264645
140265 1.253343
140265 1.223567
140245 1.309965
140213 1.301889
140213 1.415802
140194 1.221971
140194 1.296031
140194 1.327045
140194 1.288701
140194 1.245664
140194 1.320129
140185 1.231768
140185 1.234427
140185 1.213155
140176 1.362477
140176 1.228045
140174 1.274863
140154 1.370705
140114 1.293869
140111 1.247937
140060 1.338114
140045 1.267641
140045 1.254685
140026 1.252783
140026 1.243713
140026 1.333684
140015 1.23768
140015 1.279905
140008 1.25411
140008 1.331558
139997 1.314002
139997 1.276301
139986 1.231559
139986 1.323007
139977 1.271605
139972 1.333935
139972 1.269511
139960 1.222165
139946 1.373765
139946 1.324385
139905 1.306922
139905 1.306952
139886 1.623438
139886 1.372155
139886 1.301935
139876 1.417886
139876 1.29669
139876 1.314476
139876 1.289465
139800 1.323592
139786 1.282462
139786 1.281317
139772 1.3039
139772 1.324014
139761 1.665781
139749 1.532774
139749 1.285049
139748 1.388633
139748 1.397659
139748 1.299546
139737 1.273949
139694 1.277734
139694 1.354283
139694 1.292179
139694 1.308944
139677 1.374003
139677 1.645817
139677 1.306377
139659 1.259669
139659 1.315423
139659 1.316934
139659 1.241281
139638 1.259092
139599 1.294252
139582 1.324369
139582 1.268448
139582 1.265547
139582 1.226334
139582 1.322022
139582 1.459907
139527 1.21601
139489 1.28437
139489 1.387988
139489 1.33444
139489 1.312722
139489 1.308754
139485 1.720935
139485 1.478022
139477 1.308037
139458 1.319051
139458 1.433578
139458 1.316263
139458 1.296802
139458 1.403384
139458 1.432689
139436 1.276341
139436 1.28674
139436 1.469765
139436 1.414615
139434 1.343144
139411 1.278262
139404 1.421415
139382 1.362714
139378 1.313921
139376 1.358547
139367 1.529292
139332 1.334511
139332 1.470166
139315 1.389616
139296 1.43694
139296 1.377721
139296 1.324075
139296 1.343159
139296 1.296511
139296 1.696983
139296 1.379261
139296 1.511781
139296 1.304649
139296 1.331443
139296 1.270759
139296 1.475929
139289 1.446937
139230 1.306856
139215 1.266113
139206 1.309096
139206 1.268344
139197 1.267624
139180 1.253399
139162 1.36138
139162 1.369886
139151 1.353035
139151 1.305756
139145 1.3203
139145 1.236675
139104 1.209079
139095 1.300265
139060 1.349851
139060 1.239175
139007 1.25998
139007 1.26774
139007 1.308948
138990 1.361363
138990 1.25207
138984 1.269441
138984 1.303343
138984 1.248091
138957 1.252011
138933 1.263218
138932 1.262159
138932 1.258484
138932 1.249344
138913 1.284351
138901 1.623253
138898 1.290495
138898 1.258175
138880 1.269895
138876 1.295917
138863 1.251972
138850 1.208083
138850 1.271173
138843 1.241158
138804 1.289447
138804 1.277292
138804 1.255475
138792 1.303766
138791 1.290426
138780 1.270486
138745 1.208485
138716 1.259142
138716 1.327567
138716 1.275123
138707 1.22095
138707 1.280973
138690 1.30075
138683 1.27552
138683 1.284808
138683 1.301554
138663 1.34767
138663 1.266882
138655 1.262188
138655 1.283625
138652 1.287551
138652 1.257105
138588 1.236652
138588 1.275045
138588 1.284991
138588 1.416093
138582 1.330937
138582 1.379712
138582 1.58045
138535 1.418974
138505 1.548291
138467 1.487662
138467 1.400945
138454 1.259181
138380 1.283766
138371 1.324975
138349 1.232009
138349 1.293816
138349 1.261495
138333 1.33503
138331 1.291525
138328 1.230156
138305 1.314497
138272 1.35392
138249 1.287341
138249 1.252332
138249 1.232789
138249 1.25438
138249 1.39958
138194 1.372683
138182 1.386702
138137 1.360096
138135 1.38188
138111 1.311738
138045 1.309812
138015 1.362055
137969 1.387124
137969 1.313257
137969 1.278086
137966 1.367769
137966 1.347855
137927 1.31657
137927 1.341068
137891 1.383369
137891 1.321909
137864 1.332085
137834 1.326094
137818 1.334584
137817 3.917673
137794 1.255943
137780 1.184871
137756 1.194498
137756 1.181325
137740 1.192107
137733 1.262886
137733 1.261562
137722 1.268955
137708 1.229389
137708 1.278544
137684 1.205524
137684 1.241179
137684 1.251985
137672 1.272131
137623 1.193039
137586 1.16002
137586 1.163394
137586 1.155912
137586 1.21365
137586 1.127938
137586 1.138013
137586 1.161817
137570 1.243917
137561 1.146791
137561 1.135644
137550 1.136835
137550 1.200793
137515 1.235523
137515 1.208619
137479 1.161264
137479 1.190819
137479 1.223397
137479 1.151643
137479 1.165411
137444 1.132419
137419 1.120004
137419 1.229541
137372 1.201797
137312 1.158421
137281 1.142416
137266 1.249773
137266 1.196036
137266 1.127695
137266 1.132463
137266 1.150928
137266 1.233226
137259 1.1378
137254 1.116923
137254 1.16406
137225 1.276852
137225 1.594252
137225 1.588404
137225 1.577261
137203 1.213533
137203 1.115221
137203 1.158414
137182 1.118578
137182 1.282388
137182 1.178001
137182 1.151448
137182 1.173703
137136 1.184082
137136 1.152357
137136 1.160709
137135 1.178239
137135 1.158336
137135 1.238213
137135 1.175392
137131 1.166023
137130 1.16851
137130 1.167488
137120 1.197282
137106 1.121445
137106 1.14841
137084 1.117491
137082 1.149528
137082 1.122958
137082 1.173144
137082 1.204469
137082 1.18173
137082 1.197303
137071 1.127908
137064 1.110391
137064 1.122229
137064 1.116204
137064 1.235033
137064 1.155412
137064 1.163352
137064 1.180363
137064 1.177798
137064 1.147862
137040 1.15917
137040 1.181835
137014 1.17097
137011 1.211714
137011 1.162404
137011 1.187535
137011 1.18987
137011 1.254943
137011 1.131732
137011 1.124376
136989 1.119528
136989 1.164762
136989 1.20365
136988 1.170011
136988 1.167152
136980 1.173577
136980 1.169665
136980 1.123586
136961 1.115682
136932 1.127819
136920 1.172685
136887 1.187285
136883 1.152871
136883 1.21016
136876 1.15851
136876 1.200892
136876 1.175152
136852 1.179298
136837 1.18777
136812 1.134345
136812 1.203759
136782 1.178275
136751 1.117418
136725 1.124037
136709 1.171687
136703 1.144915
136698 1.166304
136698 1.188735
136694 1.138683
136694 1.200336
136694 1.166887
136677 1.191233
136677 1.128932
136677 1.18785
136677 1.12042
136666 1.250295
136657 1.194367
136657 1.154687
136657 1.214798
136657 1.163624
136657 1.125835
136616 1.123519
136600 1.170082
136600 1.225719
136600 1.139222
136599 1.176955
136599 1.186971
136576 1.270069
136576 1.125594
136569 1.13604
136569 1.157489
136564 1.123994
136564 1.176362
136556 1.169412
136548 1.185844
136545 1.165207
136545 1.211862
136508 1.178011
136508 1.137691
136508 1.136153
136499 1.127005
136499 1.211075
136471 1.236526
136459 1.227851
136424 1.133933
136398 1.162871
136382 1.199751
136380 1.147641
136364 1.136407
136285 1.137698
136285 1.152824
136273 1.158777
136271 1.157142
136271 1.236033
136271 1.296387
136271 1.180979
136228 1.125682
136228 1.13867
136228 1.136536
136228 1.180025
136228 1.165909
136173 1.135225
136154 1.121892
136154 1.208134
136154 1.174599
136154 1.231374
136154 1.216593
136154 1.264157
136145 1.282408
136130 1.214343
136130 1.165878
136130 1.178988
136069 1.223113
136069 1.195385
136048 1.191362
136032 1.161945
136032 1.144778
136032 1.150212
136006 1.127335
136006 1.129327
135982 1.105616
135954 1.174059
135954 1.176148
135954 1.45377
135939 1.268726
135918 1.201008
135918 1.161732
135918 1.128342
135888 1.161764
135888 1.216999
135863 1.197293
135863 1.187248
135863 1.143197
135860 1.137133
135845 1.158105
135845 1.136142
135818 1.134812
135808 1.153724
135787 1.159693
135763 1.197205
135733 1.15976
135648 1.153038
135636 1.138676
135617 1.134059
135617 1.228562
135601 1.372038
135601 1.377677
135601 1.386635
135601 1.242567
135601 1.184072
135601 1.157592
135601 1.1653
135583 1.259205
135550 1.121792
135542 1.143911
135542 1.140941
135520 1.168285
135520 1.149829
135520 1.110378
135520 1.147124
135520 1.224925
135520 1.152659
135520 1.169849
135520 1.203837
135510 1.180343
135505 1.180423
135437 1.181315
135424 1.138418
135417 1.13982
135417 1.185222
135417 1.154714
135417 1.192423
135417 1.206666
135417 1.153152
135397 1.124729
135397 1.198526
135397 1.148554
135397 1.131425
135363 1.12312
135339 1.275568
135339 1.160176
135339 1.152398
135326 1.150031
135326 1.13336
135326 1.187287
135314 1.139015
135314 1.116439
135289 1.139963
135249 1.123134
135240 1.171031
135208 1.156182
135176 1.176318
135154 1.170777
135113 1.190154
135113 1.184216
135113 1.16821
135093 1.144136
135074 1.17813
135039 1.192179
135023 1.128883
135019 1.144761
135010 1.155284
135001 1.207348
135001 1.151371
134982 1.140687
134949 1.139065
134931 1.132621
134931 1.200745
134915 1.166091
134885 1.1643
134885 1.137376
134885 1.218553
134885 1.156275
134885 1.148773
134885 1.153043
134885 1.18249
134885 1.167603
134885 1.131632
134858 1.145814
134846 1.187551
134844 1.142744
134844 1.18187
134844 1.212487
